2026-01-12 13:12:12,884 [INFO] Activator:176 - 


2026-01-12 13:12:12,887 [INFO] Activator:177 - !SESSION log4j initialized
2026-01-12 13:12:16,826 [INFO] LogOutputStream:77 - [STDOUT_REDIRECT] 
2026-01-12 13:12:19,097 [INFO] ApplicationProperties:184 - Using Application install path: C:\ST\STM32CubeIDE_1.18.0\STM32CubeIDE\plugins\com.st.stm32cube.common.mx_6.14.0.202502271554
2026-01-12 13:12:19,111 [INFO] DbMcusXml:78 - Set database path to: C:\ST\STM32CubeIDE_1.18.0\STM32CubeIDE\plugins\com.st.stm32cube.common.mx_6.14.0.202502271554\\db\/mcu/
2026-01-12 13:12:19,111 [INFO] ApiDb:274 - Set plugin database path to: C:\ST\STM32CubeIDE_1.18.0\STM32CubeIDE\plugins\com.st.stm32cube.common.mx_6.14.0.202502271554\\db\/plugins/boardmanager/
2026-01-12 13:12:19,111 [WARN] ApiDb:259 - Overriding images path with different value:  => C:\ST\STM32CubeIDE_1.18.0\STM32CubeIDE\plugins\com.st.stm32cube.common.mx_6.14.0.202502271554\\db\/plugins/mcufinder/images/
2026-01-12 13:12:19,118 [INFO] ApiDb:250 - Set database path to: C:\Users\Owner\.stmcufinder\plugins\mcufinder//mcu/
2026-01-12 13:12:19,119 [INFO] DbMcusAds:125 - Set database path to: C:\Users\Owner\.stmcufinder\plugins\mcufinder//mcu/
2026-01-12 13:12:19,120 [INFO] CrossReferenceDbSqlite:203 - Set database path to: C:\Users\Owner\.stmcufinder\plugins\mcufinder//mcu/cs/
2026-01-12 13:12:19,201 [INFO] RulesReader:64 - Compatibility file has been processed (301 Rules)
2026-01-12 13:12:19,264 [INFO] DbMcusXml:78 - Set database path to: C:\ST\STM32CubeIDE_1.18.0\STM32CubeIDE\plugins\com.st.stm32cube.common.mx_6.14.0.202502271554\\db\/mcu/
2026-01-12 13:12:19,264 [INFO] ApiDb:274 - Set plugin database path to: C:\ST\STM32CubeIDE_1.18.0\STM32CubeIDE\plugins\com.st.stm32cube.common.mx_6.14.0.202502271554\\db\/plugins/boardmanager/
2026-01-12 13:12:19,264 [INFO] ApiDb:261 - Set plugin images path to: C:\ST\STM32CubeIDE_1.18.0\STM32CubeIDE\plugins\com.st.stm32cube.common.mx_6.14.0.202502271554\\db\/plugins/mcufinder/images/
2026-01-12 13:12:19,265 [WARN] DbFile:41 - Overriding database path with different value: C:\Users\Owner\.stmcufinder\plugins\mcufinder/ => C:\Users\Owner\.stmcufinder\plugins\mcufinder
2026-01-12 13:12:19,265 [INFO] ApiDb:250 - Set database path to: C:\Users\Owner\.stmcufinder\plugins\mcufinder//mcu/
2026-01-12 13:12:19,265 [WARN] DbFile:41 - Overriding database path with different value: C:\Users\Owner\.stmcufinder\plugins\mcufinder/ => C:\Users\Owner\.stmcufinder\plugins\mcufinder
2026-01-12 13:12:19,265 [INFO] DbMcusAds:125 - Set database path to: C:\Users\Owner\.stmcufinder\plugins\mcufinder//mcu/
2026-01-12 13:12:19,265 [WARN] DbFile:41 - Overriding database path with different value: C:\Users\Owner\.stmcufinder\plugins\mcufinder/ => C:\Users\Owner\.stmcufinder\plugins\mcufinder
2026-01-12 13:12:19,265 [WARN] DbFile:41 - Overriding database path with different value: C:\Users\Owner\.stmcufinder\plugins\mcufinder/ => C:\Users\Owner\.stmcufinder\plugins\mcufinder
2026-01-12 13:12:19,265 [INFO] CrossReferenceDbSqlite:203 - Set database path to: C:\Users\Owner\.stmcufinder\plugins\mcufinder//mcu/cs/
2026-01-12 13:12:19,329 [INFO] MainPanel:272 - HeapMemory: 272629760
2026-01-12 13:12:19,412 [INFO] DbMcusXml:78 - Set database path to: C:\ST\STM32CubeIDE_1.18.0\STM32CubeIDE\plugins\com.st.stm32cube.common.mx_6.14.0.202502271554\\db\/mcu/
2026-01-12 13:12:19,412 [INFO] ApiDb:274 - Set plugin database path to: C:\ST\STM32CubeIDE_1.18.0\STM32CubeIDE\plugins\com.st.stm32cube.common.mx_6.14.0.202502271554\\db\/plugins/boardmanager/
2026-01-12 13:12:19,412 [INFO] ApiDb:261 - Set plugin images path to: C:\ST\STM32CubeIDE_1.18.0\STM32CubeIDE\plugins\com.st.stm32cube.common.mx_6.14.0.202502271554\\db\/plugins/mcufinder/images/
2026-01-12 13:12:19,412 [WARN] DbFile:41 - Overriding database path with different value: C:\Users\Owner\.stmcufinder\plugins\mcufinder/ => C:\Users\Owner\.stmcufinder\plugins\mcufinder
2026-01-12 13:12:19,412 [INFO] ApiDb:250 - Set database path to: C:\Users\Owner\.stmcufinder\plugins\mcufinder//mcu/
2026-01-12 13:12:19,412 [WARN] DbFile:41 - Overriding database path with different value: C:\Users\Owner\.stmcufinder\plugins\mcufinder/ => C:\Users\Owner\.stmcufinder\plugins\mcufinder
2026-01-12 13:12:19,413 [INFO] DbMcusAds:125 - Set database path to: C:\Users\Owner\.stmcufinder\plugins\mcufinder//mcu/
2026-01-12 13:12:19,413 [WARN] DbFile:41 - Overriding database path with different value: C:\Users\Owner\.stmcufinder\plugins\mcufinder/ => C:\Users\Owner\.stmcufinder\plugins\mcufinder
2026-01-12 13:12:19,413 [WARN] DbFile:41 - Overriding database path with different value: C:\Users\Owner\.stmcufinder\plugins\mcufinder/ => C:\Users\Owner\.stmcufinder\plugins\mcufinder
2026-01-12 13:12:19,413 [INFO] CrossReferenceDbSqlite:203 - Set database path to: C:\Users\Owner\.stmcufinder\plugins\mcufinder//mcu/cs/
2026-01-12 13:12:19,429 [INFO] ApplicationProperties:184 - Using Application install path: C:\ST\STM32CubeIDE_1.18.0\STM32CubeIDE\plugins\com.st.stm32cube.common.mx_6.14.0.202502271554
2026-01-12 13:12:19,431 [INFO] PluginManage:196 - Search for loadable plugins [exclusion list=, ]
2026-01-12 13:12:19,432 [INFO] PluginManage:310 - Check plugin analytics
2026-01-12 13:12:19,572 [INFO] AnalyticsPlugin:253 - Accepted Software Licenses: 
2026-01-12 13:12:19,572 [INFO] AnalyticsPlugin:255 - Accepted CMSIS Pack Licenses: 
2026-01-12 13:12:19,572 [INFO] AnalyticsPlugin:257 - Accepted Firmware Licenses: FW.F4.1.28.0,FW.C0.1.4.0
2026-01-12 13:12:19,573 [INFO] PluginManage:359 - Loaded plugin analytics (category:tool,tabindex:-1)
2026-01-12 13:12:19,573 [INFO] PluginManage:310 - Check plugin cadmodel
2026-01-12 13:12:19,594 [INFO] CADModel:105 - Init CAD model plugin
2026-01-12 13:12:19,594 [INFO] PluginManage:359 - Loaded plugin cadmodel (category:power,tabindex:5)
2026-01-12 13:12:19,594 [INFO] PluginManage:310 - Check plugin clock
2026-01-12 13:12:19,611 [INFO] PluginManage:359 - Loaded plugin clock (category:base,tabindex:2)
2026-01-12 13:12:19,611 [INFO] PluginManage:310 - Check plugin ddr
2026-01-12 13:12:19,613 [INFO] PluginManage:359 - Loaded plugin ddr (category:tool,tabindex:6)
2026-01-12 13:12:19,613 [INFO] PluginManage:310 - Check plugin filemanager
2026-01-12 13:12:19,722 [INFO] PluginManage:359 - Loaded plugin filemanager (category:base,tabindex:10)
2026-01-12 13:12:19,722 [INFO] PluginManage:310 - Check plugin ipmanager
2026-01-12 13:12:19,728 [INFO] PluginManage:359 - Loaded plugin ipmanager (category:base,tabindex:5)
2026-01-12 13:12:19,729 [INFO] PluginManage:310 - Check plugin lpbam
2026-01-12 13:12:19,739 [INFO] PluginManage:359 - Loaded plugin lpbam (category:base,tabindex:0)
2026-01-12 13:12:19,739 [INFO] PluginManage:310 - Check plugin memorymap
2026-01-12 13:12:19,755 [INFO] PluginManage:359 - Loaded plugin memorymap (category:base,tabindex:4)
2026-01-12 13:12:19,755 [INFO] PluginManage:310 - Check plugin pinoutandconfiguration
2026-01-12 13:12:19,769 [INFO] PluginManage:359 - Loaded plugin pinoutandconfiguration (category:base,tabindex:1)
2026-01-12 13:12:19,769 [INFO] PluginManage:310 - Check plugin pinoutconfig
2026-01-12 13:12:19,837 [WARN] SupportedApi:132 - Cannot load RTOS API schema: s4s-elt-must-match.1: The content of 'definitions' must match (annotation?, (simpleType | complexType)?, (unique | key | keyref)*)). A problem was found starting at: attribute.
2026-01-12 13:12:19,931 [INFO] PluginManage:359 - Loaded plugin pinoutconfig (category:base,tabindex:0)
2026-01-12 13:12:19,931 [INFO] PluginManage:310 - Check plugin power
2026-01-12 13:12:19,950 [INFO] PluginManage:359 - Loaded plugin power (category:power,tabindex:4)
2026-01-12 13:12:19,950 [INFO] PluginManage:310 - Check plugin projectmanager
2026-01-12 13:12:19,961 [INFO] PluginManage:359 - Loaded plugin projectmanager (category:projectmanager,tabindex:4)
2026-01-12 13:12:19,961 [INFO] PluginManage:310 - Check plugin rif
2026-01-12 13:12:19,975 [INFO] PluginManage:359 - Loaded plugin rif (category:base,tabindex:3)
2026-01-12 13:12:19,975 [INFO] PluginManage:310 - Check plugin thirdparty
2026-01-12 13:12:20,109 [INFO] PluginManage:359 - Loaded plugin thirdparty (category:base,tabindex:-1)
2026-01-12 13:12:20,109 [WARN] IntegrityCheckThread:84 - waiting for thirdparty lock release [integrity check]
2026-01-12 13:12:20,109 [INFO] PluginManage:310 - Check plugin tools
2026-01-12 13:12:20,110 [INFO] IntegrityCheckThread:86 - entering critical section [integrity check]
2026-01-12 13:12:20,110 [INFO] ThirdPartyUpdaterWithRetryManager:70 - Updater plugin not ready yet. [1/15]
2026-01-12 13:12:20,113 [INFO] PluginManage:359 - Loaded plugin tools (category:base,tabindex:7)
2026-01-12 13:12:20,113 [INFO] PluginManage:310 - Check plugin tutovideos
2026-01-12 13:12:20,249 [INFO] PluginManage:359 - Loaded plugin tutovideos (category:base,tabindex:-1)
2026-01-12 13:12:20,249 [INFO] PluginManage:310 - Check plugin updater
2026-01-12 13:12:20,264 [INFO] PluginManage:359 - Loaded plugin updater (category:base,tabindex:12)
2026-01-12 13:12:20,264 [INFO] PluginManage:310 - Check plugin userauth
2026-01-12 13:12:20,267 [INFO] UserAuth:118 - Init User Auth plugin
2026-01-12 13:12:20,268 [INFO] PluginManage:359 - Loaded plugin userauth (category:base,tabindex:14)
2026-01-12 13:12:20,268 [INFO] PluginManage:283 - PluginManage : Loaded plugins [18]
2026-01-12 13:12:20,427 [INFO] PinOutPanel:1589 - setPackage(No Configuration,No Configuration)
2026-01-12 13:12:20,500 [INFO] CADModel:165 - CPN selected for project level
2026-01-12 13:12:20,502 [INFO] CADModel:114 - Register for checkConnection events
2026-01-12 13:12:20,521 [INFO] IPUIPlugin:80 - create IPUIPlugin
2026-01-12 13:12:20,521 [INFO] PluginManager:220 - loadIPPluginJar : add adc
2026-01-12 13:12:20,527 [INFO] IPUIPlugin:80 - create IPUIPlugin
2026-01-12 13:12:20,527 [INFO] PluginManager:220 - loadIPPluginJar : add aes
2026-01-12 13:12:20,535 [INFO] IPUIPlugin:80 - create IPUIPlugin
2026-01-12 13:12:20,535 [INFO] PluginManager:220 - loadIPPluginJar : add can
2026-01-12 13:12:20,538 [INFO] IPUIPlugin:80 - create IPUIPlugin
2026-01-12 13:12:20,539 [INFO] PluginManager:220 - loadIPPluginJar : add comp
2026-01-12 13:12:20,545 [INFO] IPUIPlugin:80 - create IPUIPlugin
2026-01-12 13:12:20,546 [INFO] PluginManager:220 - loadIPPluginJar : add cryp
2026-01-12 13:12:20,557 [INFO] IPUIPlugin:80 - create IPUIPlugin
2026-01-12 13:12:20,557 [INFO] PluginManager:220 - loadIPPluginJar : add ddr_ctrl_phy
2026-01-12 13:12:20,564 [INFO] IPUIPlugin:80 - create IPUIPlugin
2026-01-12 13:12:20,564 [INFO] PluginManager:220 - loadIPPluginJar : add dfsdm
2026-01-12 13:12:20,573 [INFO] IPUIPlugin:80 - create IPUIPlugin
2026-01-12 13:12:20,575 [INFO] PluginManager:220 - loadIPPluginJar : add dma
2026-01-12 13:12:20,587 [INFO] IPUIPlugin:80 - create IPUIPlugin
2026-01-12 13:12:20,589 [INFO] PluginManager:220 - loadIPPluginJar : add dma3
2026-01-12 13:12:20,600 [INFO] IPUIPlugin:80 - create IPUIPlugin
2026-01-12 13:12:20,600 [INFO] PluginManager:220 - loadIPPluginJar : add extmemmanager
2026-01-12 13:12:20,603 [INFO] IPUIPlugin:80 - create IPUIPlugin
2026-01-12 13:12:20,603 [INFO] PluginManager:220 - loadIPPluginJar : add fatfs
2026-01-12 13:12:20,613 [INFO] IPUIPlugin:80 - create IPUIPlugin
2026-01-12 13:12:20,614 [INFO] PluginManager:220 - loadIPPluginJar : add fmc
2026-01-12 13:12:20,628 [INFO] IPUIPlugin:80 - create IPUIPlugin
2026-01-12 13:12:20,628 [INFO] PluginManager:220 - loadIPPluginJar : add freertos
2026-01-12 13:12:20,631 [INFO] IPUIPlugin:80 - create IPUIPlugin
2026-01-12 13:12:20,631 [INFO] PluginManager:220 - loadIPPluginJar : add genericplugin
2026-01-12 13:12:20,637 [INFO] IPUIPlugin:80 - create IPUIPlugin
2026-01-12 13:12:20,638 [INFO] PluginManager:220 - loadIPPluginJar : add gfxmmu
2026-01-12 13:12:20,645 [INFO] IPUIPlugin:80 - create IPUIPlugin
2026-01-12 13:12:20,645 [INFO] PluginManager:220 - loadIPPluginJar : add gic
2026-01-12 13:12:20,654 [INFO] IPUIPlugin:80 - create IPUIPlugin
2026-01-12 13:12:20,655 [INFO] PluginManager:220 - loadIPPluginJar : add gpio
2026-01-12 13:12:20,664 [INFO] IPUIPlugin:80 - create IPUIPlugin
2026-01-12 13:12:20,665 [INFO] PluginManager:220 - loadIPPluginJar : add gtzc
2026-01-12 13:12:20,669 [INFO] IPUIPlugin:80 - create IPUIPlugin
2026-01-12 13:12:20,669 [INFO] PluginManager:220 - loadIPPluginJar : add hash
2026-01-12 13:12:20,676 [INFO] IPUIPlugin:80 - create IPUIPlugin
2026-01-12 13:12:20,676 [INFO] PluginManager:220 - loadIPPluginJar : add i2c
2026-01-12 13:12:20,682 [INFO] IPUIPlugin:80 - create IPUIPlugin
2026-01-12 13:12:20,682 [INFO] PluginManager:220 - loadIPPluginJar : add i2s
2026-01-12 13:12:20,688 [INFO] IPUIPlugin:80 - create IPUIPlugin
2026-01-12 13:12:20,689 [INFO] PluginManager:220 - loadIPPluginJar : add i3c
2026-01-12 13:12:20,696 [INFO] IPUIPlugin:80 - create IPUIPlugin
2026-01-12 13:12:20,696 [INFO] PluginManager:220 - loadIPPluginJar : add ipddr
2026-01-12 13:12:20,705 [INFO] IPUIPlugin:80 - create IPUIPlugin
2026-01-12 13:12:20,705 [INFO] PluginManager:220 - loadIPPluginJar : add linkedlist
2026-01-12 13:12:20,710 [INFO] IPUIPlugin:80 - create IPUIPlugin
2026-01-12 13:12:20,710 [INFO] PluginManager:220 - loadIPPluginJar : add lorawan
2026-01-12 13:12:20,714 [INFO] IPUIPlugin:80 - create IPUIPlugin
2026-01-12 13:12:20,714 [INFO] PluginManager:220 - loadIPPluginJar : add ltdc
2026-01-12 13:12:20,722 [INFO] IPUIPlugin:80 - create IPUIPlugin
2026-01-12 13:12:20,722 [INFO] PluginManager:220 - loadIPPluginJar : add mdma
2026-01-12 13:12:20,728 [INFO] IPUIPlugin:80 - create IPUIPlugin
2026-01-12 13:12:20,728 [INFO] PluginManager:220 - loadIPPluginJar : add nvic
2026-01-12 13:12:20,734 [INFO] IPUIPlugin:80 - create IPUIPlugin
2026-01-12 13:12:20,734 [INFO] PluginManager:220 - loadIPPluginJar : add opamp
2026-01-12 13:12:20,739 [INFO] IPUIPlugin:80 - create IPUIPlugin
2026-01-12 13:12:20,739 [INFO] PluginManager:220 - loadIPPluginJar : add openamp
2026-01-12 13:12:20,745 [INFO] IPUIPlugin:80 - create IPUIPlugin
2026-01-12 13:12:20,745 [INFO] PluginManager:220 - loadIPPluginJar : add pdm2pcm
2026-01-12 13:12:20,753 [INFO] IPUIPlugin:80 - create IPUIPlugin
2026-01-12 13:12:20,754 [INFO] PluginManager:220 - loadIPPluginJar : add plateformsettings
2026-01-12 13:12:20,757 [INFO] IPUIPlugin:80 - create IPUIPlugin
2026-01-12 13:12:20,757 [INFO] PluginManager:220 - loadIPPluginJar : add quadspi
2026-01-12 13:12:20,759 [INFO] IPUIPlugin:80 - create IPUIPlugin
2026-01-12 13:12:20,760 [INFO] PluginManager:220 - loadIPPluginJar : add radio
2026-01-12 13:12:20,770 [INFO] IPUIPlugin:80 - create IPUIPlugin
2026-01-12 13:12:20,770 [INFO] PluginManager:220 - loadIPPluginJar : add resmgrutility
2026-01-12 13:12:20,776 [INFO] IPUIPlugin:80 - create IPUIPlugin
2026-01-12 13:12:20,776 [INFO] PluginManager:220 - loadIPPluginJar : add sai
2026-01-12 13:12:20,784 [INFO] IPUIPlugin:80 - create IPUIPlugin
2026-01-12 13:12:20,784 [INFO] PluginManager:220 - loadIPPluginJar : add spi
2026-01-12 13:12:20,794 [INFO] IPUIPlugin:80 - create IPUIPlugin
2026-01-12 13:12:20,794 [INFO] PluginManager:220 - loadIPPluginJar : add stm32_wpan
2026-01-12 13:12:20,797 [INFO] IPUIPlugin:80 - create IPUIPlugin
2026-01-12 13:12:20,798 [INFO] PluginManager:220 - loadIPPluginJar : add tim
2026-01-12 13:12:20,804 [INFO] IPUIPlugin:80 - create IPUIPlugin
2026-01-12 13:12:20,804 [INFO] PluginManager:220 - loadIPPluginJar : add touchsensing
2026-01-12 13:12:20,807 [INFO] IPUIPlugin:80 - create IPUIPlugin
2026-01-12 13:12:20,807 [INFO] PluginManager:220 - loadIPPluginJar : add tracer_emb
2026-01-12 13:12:20,810 [INFO] IPUIPlugin:80 - create IPUIPlugin
2026-01-12 13:12:20,810 [INFO] PluginManager:220 - loadIPPluginJar : add ts
2026-01-12 13:12:20,813 [INFO] IPUIPlugin:80 - create IPUIPlugin
2026-01-12 13:12:20,813 [INFO] PluginManager:220 - loadIPPluginJar : add tsc
2026-01-12 13:12:20,815 [INFO] IPUIPlugin:80 - create IPUIPlugin
2026-01-12 13:12:20,815 [INFO] PluginManager:220 - loadIPPluginJar : add ucpd
2026-01-12 13:12:20,822 [INFO] IPUIPlugin:80 - create IPUIPlugin
2026-01-12 13:12:20,822 [INFO] PluginManager:220 - loadIPPluginJar : add usart
2026-01-12 13:12:20,829 [INFO] IPUIPlugin:80 - create IPUIPlugin
2026-01-12 13:12:20,829 [INFO] PluginManager:220 - loadIPPluginJar : add usbx
2026-01-12 13:12:20,942 [FATAL] Updater:351 - Updater called before beeing initialized
2026-01-12 13:12:20,975 [INFO] RulesReader:64 - Compatibility file has been processed (301 Rules)
2026-01-12 13:12:20,984 [INFO] RulesReader:64 - Compatibility file has been processed (301 Rules)
2026-01-12 13:12:20,995 [INFO] CADModel:165 - CPN selected for project level
2026-01-12 13:12:20,995 [INFO] CADModel:114 - Register for checkConnection events
2026-01-12 13:12:20,995 [FATAL] Updater:351 - Updater called before beeing initialized
2026-01-12 13:12:20,995 [ERROR] CADModel:125 - Updater not yet initialized, retry later 
2026-01-12 13:12:21,091 [FATAL] Updater:351 - Updater called before beeing initialized
2026-01-12 13:12:21,093 [INFO] CADModel:165 - CPN selected for project level
2026-01-12 13:12:21,093 [INFO] CADModel:114 - Register for checkConnection events
2026-01-12 13:12:21,093 [FATAL] Updater:351 - Updater called before beeing initialized
2026-01-12 13:12:21,093 [ERROR] CADModel:125 - Updater not yet initialized, retry later 
2026-01-12 13:12:21,095 [FATAL] Updater:351 - Updater called before beeing initialized
2026-01-12 13:12:21,193 [FATAL] Updater:351 - Updater called before beeing initialized
2026-01-12 13:12:21,196 [INFO] DbMcusAds:53 - JSON generation date=Tue Dec 16 08:11:46 KST 2025 (1765840306612)
2026-01-12 13:12:21,196 [FATAL] Updater:351 - Updater called before beeing initialized
2026-01-12 13:12:21,225 [WARN] DetailPanel:346 - Failed to get advertising image, set to default
2026-01-12 13:12:21,410 [FATAL] Updater:351 - Updater called before beeing initialized
2026-01-12 13:12:21,411 [FATAL] Updater:351 - Updater called before beeing initialized
2026-01-12 13:12:21,411 [FATAL] Updater:351 - Updater called before beeing initialized
2026-01-12 13:12:21,411 [WARN] DetailPanel:346 - Failed to get advertising image, set to default
2026-01-12 13:12:21,413 [FATAL] Updater:351 - Updater called before beeing initialized
2026-01-12 13:12:21,443 [ERROR] Updater:1198 - MainUpdater not yet initialized. External WinMGr cannot be set.
2026-01-12 13:12:21,445 [INFO] Updater:1134 - Updater Version found : 6.14.0
2026-01-12 13:12:21,461 [INFO] ApplicationProperties:184 - Using Application install path: C:\ST\STM32CubeIDE_1.18.0\STM32CubeIDE\plugins\com.st.stm32cube.common.mx_6.14.0.202502271554
2026-01-12 13:12:23,031 [ERROR] LogOutputStream:75 - [STDERR_REDIRECT] Jan 12, 2026 1:12:23 PM java.util.prefs.WindowsPreferences <init>
2026-01-12 13:12:23,032 [ERROR] LogOutputStream:75 - [STDERR_REDIRECT] WARNING: Could not open/create prefs root node Software\JavaSoft\Prefs at root 0xffffffff80000002. Windows RegCreateKeyEx(...) returned error code 5.
2026-01-12 13:12:23,032 [ERROR] LogOutputStream:75 - [STDERR_REDIRECT] 
2026-01-12 13:12:23,110 [INFO] ThirdPartyUpdaterWithRetryManager:70 - Updater plugin not ready yet. [2/15]
2026-01-12 13:12:23,362 [INFO] MainUpdater:2872 - connection check result : 10
2026-01-12 13:12:23,362 [INFO] MainUpdater:3566 - Updater definition file requires update
2026-01-12 13:12:23,363 [INFO] MainUpdater:289 - Updater Check For Update Now.
2026-01-12 13:12:23,363 [INFO] MicroXplorer:498 - Change Database Version : DB.6.0.140
2026-01-12 13:12:23,368 [INFO] McuFinderGlobals:63 - Set McuFinder mode to 2 (CubeIDE integrated)
2026-01-12 13:12:23,369 [INFO] UserAuth:486 - Internet connection configuration mode: 1
2026-01-12 13:12:23,384 [INFO] JxBrowserEngine:152 - Initiate JxBrowser Engine with user profile folder
2026-01-12 13:12:23,403 [INFO] ServerAccessManage:473 - Download File updaters.zip
2026-01-12 13:12:23,617 [INFO] FileExtend:242 - Unzip File : updaters.zip
2026-01-12 13:12:23,617 [INFO] FileExtend:257 - Standard Zip Deflate
2026-01-12 13:12:24,139 [INFO] WebApp:169 - Instantiating new browser for Auth
2026-01-12 13:12:24,858 [INFO] WebApp:463 - Apply proxy settings
2026-01-12 13:12:24,858 [INFO] WebApp:548 - Chromium requires no authentication
2026-01-12 13:12:24,869 [INFO] WebApp:491 - Direct internet connection detected
2026-01-12 13:12:24,893 [INFO] WebApp:894 - Register for checkConnection events
2026-01-12 13:12:24,893 [INFO] WebApp:463 - Apply proxy settings
2026-01-12 13:12:24,893 [INFO] WebApp:548 - Chromium requires no authentication
2026-01-12 13:12:24,893 [INFO] WebApp:491 - Direct internet connection detected
2026-01-12 13:12:25,022 [INFO] WebApp:225 - Starting web application
2026-01-12 13:12:25,022 [INFO] WebApp:593 - Web application path used C:\ST\STM32CubeIDE_1.18.0\STM32CubeIDE\plugins\com.st.stm32cube.common.mx_6.14.0.202502271554\db\plugins\mcufinder\reactClient1\index.html
2026-01-12 13:12:25,259 [INFO] WebApp:191 - Connection restablished
2026-01-12 13:12:25,273 [INFO] ServerAccessManage:473 - Download File PacksControlFlags.xml
2026-01-12 13:12:25,280 [INFO] UserAuth:486 - Internet connection configuration mode: 1
2026-01-12 13:12:25,346 [INFO] ServerAccessManage:473 - Download File cubemx.pidx
2026-01-12 13:12:25,424 [INFO] LoadServerUpdatesThread:375 - End of LoadServerUpdate Thread
2026-01-12 13:12:25,570 [INFO] CheckServerUpdateThread:120 - End of CheckServer Thread
2026-01-12 13:12:25,640 [ERROR] LogOutputStream:75 - [STDERR_REDIRECT] Jan 12, 2026 1:12:25 PM org.glassfish.grizzly.http.server.NetworkListener start
2026-01-12 13:12:25,640 [ERROR] LogOutputStream:75 - [STDERR_REDIRECT] INFO: Started listener bound to [localhost:16721]
2026-01-12 13:12:25,640 [ERROR] LogOutputStream:75 - [STDERR_REDIRECT] 
2026-01-12 13:12:25,642 [ERROR] LogOutputStream:75 - [STDERR_REDIRECT] Jan 12, 2026 1:12:25 PM org.glassfish.grizzly.http.server.HttpServer start
2026-01-12 13:12:25,642 [ERROR] LogOutputStream:75 - [STDERR_REDIRECT] INFO: [HttpServer] Started.
2026-01-12 13:12:25,642 [ERROR] LogOutputStream:75 - [STDERR_REDIRECT] 
2026-01-12 13:12:26,371 [WARN] PackLoader:240 - Cannot read IP mode file for STMicroelectronics.FP-SNS-MOTENVWB1.1.4.0
2026-01-12 13:12:26,380 [WARN] PackLoader:240 - Cannot read IP mode file for STMicroelectronics.X-CUBE-SMBUS.2.1.0
2026-01-12 13:12:26,392 [WARN] PackLoader:240 - Cannot read IP mode file for STMicroelectronics.X-CUBE-WB05N.1.1.0
2026-01-12 13:12:26,401 [WARN] PackLoader:240 - Cannot read IP mode file for STMicroelectronics.X-CUBE-ST60.1.0.0
2026-01-12 13:12:26,427 [WARN] PackLoader:240 - Cannot read IP mode file for STMicroelectronics.X-CUBE-AZRTOS-F7.1.1.0
2026-01-12 13:12:26,433 [ERROR] Engine:466 - C:\Users\Owner\.stm32cubemx\thirdparties\pdsc\STMicroelectronics.FP-SNS-MOTENV1.5.1.0.pdsc: PDSC version is not supported
2026-01-12 13:12:26,448 [WARN] PackLoader:240 - Cannot read IP mode file for Infineon.AIROC-Wi-Fi-Bluetooth-STM32.1.7.0
2026-01-12 13:12:26,466 [WARN] PackLoader:240 - Cannot read IP mode file for STMicroelectronics.X-CUBE-AZRTOS-H7.3.4.0
2026-01-12 13:12:26,474 [WARN] PackLoader:240 - Cannot read IP mode file for STMicroelectronics.X-CUBE-DISPLAY.3.0.0
2026-01-12 13:12:26,486 [WARN] PackLoader:240 - Cannot read IP mode file for STMicroelectronics.X-CUBE-NFC10.1.0.0
2026-01-12 13:12:26,493 [WARN] PackLoader:240 - Cannot read IP mode file for STMicroelectronics.X-CUBE-BLEMGR.4.0.0
2026-01-12 13:12:26,498 [WARN] PackLoader:240 - Cannot read IP mode file for STMicroelectronics.X-CUBE-ST60.1.1.0
2026-01-12 13:12:26,505 [WARN] PackLoader:240 - Cannot read IP mode file for emotas.I-CUBE-CANOPEN.1.3.0
2026-01-12 13:12:26,517 [WARN] PackLoader:240 - Cannot read IP mode file for STMicroelectronics.X-CUBE-GNSS1.7.1.0
2026-01-12 13:12:26,522 [WARN] ConditionMgr:438 - getConditionDescription Invalid condition id : Cortex-A Device cause : null
2026-01-12 13:12:26,531 [WARN] ConditionMgr:1044 - genDependencies : Invalid condition id : Cortex-A Device cause : null
2026-01-12 13:12:26,532 [WARN] ConditionMgr:1044 - genDependencies : Invalid condition id : Cortex-A Device cause : null
2026-01-12 13:12:26,532 [WARN] ConditionMgr:1044 - genDependencies : Invalid condition id : Cortex-A Device cause : null
2026-01-12 13:12:26,539 [WARN] PackLoader:240 - Cannot read IP mode file for STMicroelectronics.X-CUBE-AI.10.0.0
2026-01-12 13:12:26,543 [ERROR] Engine:466 - C:\Users\Owner\.stm32cubemx\thirdparties\pdsc\STMicroelectronics.FP-SNS-STBOX1.2.1.0.pdsc: PDSC version is not supported
2026-01-12 13:12:26,548 [WARN] PackLoader:240 - Cannot read IP mode file for STMicroelectronics.FP-SNS-SMARTAG2.1.2.0
2026-01-12 13:12:26,623 [WARN] PackLoader:240 - Cannot read IP mode file for STMicroelectronics.X-CUBE-MEMS1.11.1.0
2026-01-12 13:12:26,676 [INFO] LogOutputStream:77 - [STDOUT_REDIRECT] 1 : Invalid condition id : UX_CORESTACK_Condition cause : null
2026-01-12 13:12:26,676 [INFO] LogOutputStream:77 - [STDOUT_REDIRECT] 1 : Invalid condition id : UX_CORESTACK_Condition cause : null
2026-01-12 13:12:26,676 [INFO] LogOutputStream:77 - [STDOUT_REDIRECT] 1 : Invalid condition id : UX_CORESTACK_Condition cause : null
2026-01-12 13:12:26,677 [INFO] LogOutputStream:77 - [STDOUT_REDIRECT] 1 : Invalid condition id : UX_CORESTACK_Condition cause : null
2026-01-12 13:12:26,678 [INFO] LogOutputStream:77 - [STDOUT_REDIRECT] 1 : Invalid condition id : UX_CORESTACK_Condition cause : null
2026-01-12 13:12:26,679 [WARN] PackLoader:240 - Cannot read IP mode file for STMicroelectronics.X-CUBE-AZRTOS-WL.2.0.0
2026-01-12 13:12:26,683 [WARN] PackLoader:240 - Cannot read IP mode file for STMicroelectronics.FP-SNS-MOTENV1.5.0.0
2026-01-12 13:12:26,696 [WARN] PackLoader:240 - Cannot read IP mode file for STMicroelectronics.X-CUBE-AZRTOS-H7RS.1.2.0
2026-01-12 13:12:26,707 [WARN] PackLoader:240 - Cannot read IP mode file for WES.I-CUBE-Cesium.1.3.0
2026-01-12 13:12:26,715 [WARN] PackLoader:240 - Cannot read IP mode file for STMicroelectronics.X-CUBE-BLE2.3.3.0
2026-01-12 13:12:26,738 [WARN] PackLoader:240 - Cannot read IP mode file for STMicroelectronics.X-CUBE-NFC9.1.0.0
2026-01-12 13:12:26,741 [ERROR] Engine:466 - C:\Users\Owner\.stm32cubemx\thirdparties\pdsc\STMicroelectronics.X-CUBE-FREERTOS.1.4.0.pdsc: PDSC version is not supported
2026-01-12 13:12:26,752 [WARN] PackLoader:240 - Cannot read IP mode file for STMicroelectronics.X-CUBE-EEPRMA1.5.2.0
2026-01-12 13:12:26,758 [ERROR] Engine:466 - C:\Users\Owner\.stm32cubemx\thirdparties\pdsc\STMicroelectronics.X-CUBE-ST67W61.1.1.0.pdsc: PDSC version is not supported
2026-01-12 13:12:26,765 [WARN] PackLoader:240 - Cannot read IP mode file for STMicroelectronics.X-CUBE-AI.10.1.0
2026-01-12 13:12:26,840 [WARN] PackLoader:240 - Cannot read IP mode file for STMicroelectronics.X-CUBE-MEMS1.12.0.0
2026-01-12 13:12:26,874 [WARN] PackLoader:240 - Cannot read IP mode file for STMicroelectronics.X-CUBE-AZRTOS-G0.1.1.0
2026-01-12 13:12:26,887 [WARN] PackLoader:240 - Cannot read IP mode file for STMicroelectronics.X-CUBE-SAFEA1.1.2.2
2026-01-12 13:12:26,897 [WARN] PackLoader:240 - Cannot read IP mode file for STMicroelectronics.X-CUBE-NFC4.3.0.0
2026-01-12 13:12:26,905 [WARN] PackLoader:240 - Cannot read IP mode file for EmbeddedOffice.I-CUBE-FS-RTOS.1.0.1
2026-01-12 13:12:26,913 [WARN] PackLoader:240 - Cannot read IP mode file for STMicroelectronics.X-CUBE-WB05N.2.0.0
2026-01-12 13:12:26,920 [WARN] PackLoader:240 - Cannot read IP mode file for wolfSSL.I-CUBE-wolfTPM.3.8.0
2026-01-12 13:12:26,926 [WARN] PackLoader:240 - Cannot read IP mode file for STMicroelectronics.X-CUBE-TCPP.4.2.0
2026-01-12 13:12:26,936 [WARN] PackLoader:240 - Cannot read IP mode file for RealThread.X-CUBE-RT-Thread_Nano.4.1.1
2026-01-12 13:12:26,940 [WARN] PackLoader:240 - Cannot read IP mode file for STMicroelectronics.FP-ATR-SIGFOX1.3.2.0
2026-01-12 13:12:26,951 [WARN] PackLoader:240 - Cannot read IP mode file for STMicroelectronics.X-CUBE-EEPRMA1.5.1.0
2026-01-12 13:12:26,956 [WARN] PackLoader:240 - Cannot read IP mode file for ITTIA_DB.I-CUBE-ITTIADB.8.9.0
2026-01-12 13:12:26,962 [WARN] PackLoader:240 - Cannot read IP mode file for STMicroelectronics.X-CUBE-ST67W61.1.0.0
2026-01-12 13:12:26,968 [WARN] PackLoader:240 - Cannot read IP mode file for STMicroelectronics.X-CUBE-AI.10.2.0
2026-01-12 13:12:26,981 [WARN] PackLoader:240 - Cannot read IP mode file for SEGGER.I-CUBE-embOS.1.3.1
2026-01-12 13:12:27,000 [WARN] PackLoader:240 - Cannot read IP mode file for STMicroelectronics.X-CUBE-ALGOBUILD.1.4.0
2026-01-12 13:12:27,075 [WARN] PackLoader:240 - Cannot read IP mode file for STMicroelectronics.X-CUBE-MEMS1.11.3.0
2026-01-12 13:12:27,114 [WARN] PackLoader:240 - Cannot read IP mode file for STMicroelectronics.X-CUBE-PM33A1.1.0.0
2026-01-12 13:12:27,126 [WARN] PackLoader:240 - Cannot read IP mode file for STMicroelectronics.X-CUBE-AZRTOS-F4.1.1.0
2026-01-12 13:12:27,130 [WARN] PackLoader:240 - Cannot read IP mode file for Avnet-IotConnect.X-CUBE-IoTC-DA16k-PMOD.1.0.0
2026-01-12 13:12:27,139 [WARN] PackLoader:240 - Cannot read IP mode file for STMicroelectronics.X-CUBE-ISPU.2.1.0
2026-01-12 13:12:27,144 [ERROR] Engine:466 - C:\Users\Owner\.stm32cubemx\thirdparties\pdsc\STMicroelectronics.X-CUBE-IPS.3.2.0.pdsc: PDSC version is not supported
2026-01-12 13:12:27,158 [WARN] PackLoader:240 - Cannot read IP mode file for STMicroelectronics.X-CUBE-NFC12.1.0.0
2026-01-12 13:12:27,174 [WARN] PackLoader:240 - Cannot read IP mode file for STMicroelectronics.X-CUBE-AZRTOS-L5.2.0.0
2026-01-12 13:12:27,189 [WARN] PackLoader:240 - Cannot read IP mode file for STMicroelectronics.X-CUBE-NFC6.3.1.0
2026-01-12 13:12:27,198 [WARN] PackLoader:240 - Cannot read IP mode file for STMicroelectronics.X-CUBE-FREERTOS.1.3.1
2026-01-12 13:12:27,202 [WARN] PackLoader:240 - Cannot read IP mode file for STMicroelectronics.X-CUBE-FREERTOS.1.3.0
2026-01-12 13:12:27,210 [WARN] PackLoader:240 - Cannot read IP mode file for STMicroelectronics.X-CUBE-NFC7.1.0.1
2026-01-12 13:12:27,217 [WARN] PackLoader:240 - Cannot read IP mode file for STMicroelectronics.X-CUBE-TOUCHGFX.4.26.0
2026-01-12 13:12:27,223 [WARN] PackLoader:240 - Cannot read IP mode file for STMicroelectronics.FP-SNS-STAIOTCFT.1.0.0
2026-01-12 13:12:27,233 [WARN] ConditionMgr:438 - getConditionDescription Invalid condition id : LAN8742 Phy interface Condition cause : null
2026-01-12 13:12:27,233 [WARN] PackLoader:240 - Cannot read IP mode file for STMicroelectronics.X-CUBE-AZRTOS-L4.2.0.0
2026-01-12 13:12:27,235 [WARN] ConditionMgr:1044 - genDependencies : Invalid condition id : LAN8742 Phy interface Condition cause : null
2026-01-12 13:12:27,235 [WARN] ConditionMgr:1044 - genDependencies : Invalid condition id : LAN8742 Phy interface Condition cause : null
2026-01-12 13:12:27,235 [WARN] ConditionMgr:1044 - genDependencies : Invalid condition id : LAN8742 Phy interface Condition cause : null
2026-01-12 13:12:27,245 [WARN] PackLoader:240 - Cannot read IP mode file for STMicroelectronics.X-CUBE-SFXS2LP1.4.0.0
2026-01-12 13:12:27,256 [WARN] PackLoader:240 - Cannot read IP mode file for STMicroelectronics.X-CUBE-AZRTOS-H7.3.3.0
2026-01-12 13:12:27,263 [WARN] PackLoader:240 - Cannot read IP mode file for STMicroelectronics.X-CUBE-BLEMGR.4.1.0
2026-01-12 13:12:27,272 [WARN] ConditionMgr:438 - getConditionDescription Invalid condition id : UX DEVICE CLASS RTOS Condition cause : null
2026-01-12 13:12:27,272 [WARN] ConditionMgr:438 - getConditionDescription Invalid condition id : UX DEVICE CLASS RTOS Condition cause : null
2026-01-12 13:12:27,273 [WARN] PackLoader:240 - Cannot read IP mode file for STMicroelectronics.X-CUBE-AZRTOS-WB.2.0.0
2026-01-12 13:12:27,273 [WARN] ConditionMgr:1044 - genDependencies : Invalid condition id : UX DEVICE CLASS RTOS Condition cause : null
2026-01-12 13:12:27,273 [WARN] ConditionMgr:1044 - genDependencies : Invalid condition id : UX DEVICE CLASS RTOS Condition cause : null
2026-01-12 13:12:27,273 [WARN] ConditionMgr:1044 - genDependencies : Invalid condition id : UX DEVICE CLASS RTOS Condition cause : null
2026-01-12 13:12:27,273 [WARN] ConditionMgr:1044 - genDependencies : Invalid condition id : UX DEVICE CLASS RTOS Condition cause : null
2026-01-12 13:12:27,273 [WARN] ConditionMgr:1044 - genDependencies : Invalid condition id : UX DEVICE CLASS RTOS Condition cause : null
2026-01-12 13:12:27,285 [WARN] PackLoader:240 - Cannot read IP mode file for STMicroelectronics.X-CUBE-GNSS1.7.0.1
2026-01-12 13:12:27,289 [WARN] PackLoader:240 - Cannot read IP mode file for STMicroelectronics.X-CUBE-TOUCHGFX.4.25.0
2026-01-12 13:12:27,294 [WARN] PackLoader:240 - Cannot read IP mode file for STMicroelectronics.FP-SNS-STBOX1.2.0.0
2026-01-12 13:12:27,301 [WARN] PackLoader:240 - Cannot read IP mode file for STMicroelectronics.X-CUBE-SUBG2.5.0.0
2026-01-12 13:12:27,314 [WARN] PackLoader:240 - Cannot read IP mode file for STMicroelectronics.X-CUBE-AZRTOS-H7RS.1.1.0
2026-01-12 13:12:27,320 [WARN] PackLoader:240 - Cannot read IP mode file for Cesanta.I-CUBE-Mongoose.7.13.0
2026-01-12 13:12:27,330 [WARN] PackLoader:240 - Cannot read IP mode file for STMicroelectronics.X-CUBE-AZRTOS-G4.2.0.0
2026-01-12 13:12:27,335 [WARN] PackLoader:240 - Cannot read IP mode file for wolfSSL.I-CUBE-wolfSSH.1.4.20
2026-01-12 13:12:27,343 [WARN] PackLoader:240 - Cannot read IP mode file for STMicroelectronics.X-CUBE-NFC7.2.0.0
2026-01-12 13:12:27,349 [WARN] PackLoader:240 - Cannot read IP mode file for STMicroelectronics.X-CUBE-IPS.3.1.0
2026-01-12 13:12:27,356 [WARN] PackLoader:240 - Cannot read IP mode file for STMicroelectronics.X-CUBE-ALS.1.0.2
2026-01-12 13:12:27,370 [WARN] PackLoader:240 - Cannot read IP mode file for STMicroelectronics.X-CUBE-STSE01.1.0.0
2026-01-12 13:12:27,375 [WARN] PackLoader:240 - Cannot read IP mode file for portGmbH.I-Cube-SoM-uGOAL.1.1.0
2026-01-12 13:12:27,382 [WARN] PackLoader:240 - Cannot read IP mode file for STMicroelectronics.X-CUBE-TOF1.3.4.2
2026-01-12 13:12:27,390 [WARN] PackLoader:240 - Cannot read IP mode file for STMicroelectronics.X-CUBE-TOF1.3.4.3
2026-01-12 13:12:27,393 [INFO] ThirdParty:978 - Integrity check success = true
2026-01-12 13:12:27,395 [INFO] IntegrityCheckThread:100 - exiting critical section [integrity check]
2026-01-12 13:12:27,395 [INFO] IntegrityCheckThread:103 - End integrity checks thread
2026-01-12 17:59:49,186 [ERROR] LogOutputStream:75 - [STDERR_REDIRECT] 
