2026-02-27 10:18:21,709 [INFO] Activator:176 - 


2026-02-27 10:18:21,714 [INFO] Activator:177 - !SESSION log4j initialized
2026-02-27 10:18:25,500 [INFO] LogOutputStream:77 - [STDOUT_REDIRECT] 
2026-02-27 10:18:27,728 [INFO] ApplicationProperties:184 - Using Application install path: C:\ST\STM32CubeIDE_1.18.0\STM32CubeIDE\plugins\com.st.stm32cube.common.mx_6.14.0.202502271554
2026-02-27 10:18:27,741 [INFO] DbMcusXml:78 - Set database path to: C:\ST\STM32CubeIDE_1.18.0\STM32CubeIDE\plugins\com.st.stm32cube.common.mx_6.14.0.202502271554\\db\/mcu/
2026-02-27 10:18:27,741 [INFO] ApiDb:274 - Set plugin database path to: C:\ST\STM32CubeIDE_1.18.0\STM32CubeIDE\plugins\com.st.stm32cube.common.mx_6.14.0.202502271554\\db\/plugins/boardmanager/
2026-02-27 10:18:27,741 [WARN] ApiDb:259 - Overriding images path with different value:  => C:\ST\STM32CubeIDE_1.18.0\STM32CubeIDE\plugins\com.st.stm32cube.common.mx_6.14.0.202502271554\\db\/plugins/mcufinder/images/
2026-02-27 10:18:27,748 [INFO] ApiDb:250 - Set database path to: C:\Users\Owner\.stmcufinder\plugins\mcufinder//mcu/
2026-02-27 10:18:27,749 [INFO] DbMcusAds:125 - Set database path to: C:\Users\Owner\.stmcufinder\plugins\mcufinder//mcu/
2026-02-27 10:18:27,751 [INFO] CrossReferenceDbSqlite:203 - Set database path to: C:\Users\Owner\.stmcufinder\plugins\mcufinder//mcu/cs/
2026-02-27 10:18:27,835 [INFO] RulesReader:64 - Compatibility file has been processed (301 Rules)
2026-02-27 10:18:27,902 [INFO] DbMcusXml:78 - Set database path to: C:\ST\STM32CubeIDE_1.18.0\STM32CubeIDE\plugins\com.st.stm32cube.common.mx_6.14.0.202502271554\\db\/mcu/
2026-02-27 10:18:27,902 [INFO] ApiDb:274 - Set plugin database path to: C:\ST\STM32CubeIDE_1.18.0\STM32CubeIDE\plugins\com.st.stm32cube.common.mx_6.14.0.202502271554\\db\/plugins/boardmanager/
2026-02-27 10:18:27,902 [INFO] ApiDb:261 - Set plugin images path to: C:\ST\STM32CubeIDE_1.18.0\STM32CubeIDE\plugins\com.st.stm32cube.common.mx_6.14.0.202502271554\\db\/plugins/mcufinder/images/
2026-02-27 10:18:27,902 [WARN] DbFile:41 - Overriding database path with different value: C:\Users\Owner\.stmcufinder\plugins\mcufinder/ => C:\Users\Owner\.stmcufinder\plugins\mcufinder
2026-02-27 10:18:27,902 [INFO] ApiDb:250 - Set database path to: C:\Users\Owner\.stmcufinder\plugins\mcufinder//mcu/
2026-02-27 10:18:27,902 [WARN] DbFile:41 - Overriding database path with different value: C:\Users\Owner\.stmcufinder\plugins\mcufinder/ => C:\Users\Owner\.stmcufinder\plugins\mcufinder
2026-02-27 10:18:27,902 [INFO] DbMcusAds:125 - Set database path to: C:\Users\Owner\.stmcufinder\plugins\mcufinder//mcu/
2026-02-27 10:18:27,902 [WARN] DbFile:41 - Overriding database path with different value: C:\Users\Owner\.stmcufinder\plugins\mcufinder/ => C:\Users\Owner\.stmcufinder\plugins\mcufinder
2026-02-27 10:18:27,902 [WARN] DbFile:41 - Overriding database path with different value: C:\Users\Owner\.stmcufinder\plugins\mcufinder/ => C:\Users\Owner\.stmcufinder\plugins\mcufinder
2026-02-27 10:18:27,902 [INFO] CrossReferenceDbSqlite:203 - Set database path to: C:\Users\Owner\.stmcufinder\plugins\mcufinder//mcu/cs/
2026-02-27 10:18:27,962 [INFO] MainPanel:272 - HeapMemory: 268435456
2026-02-27 10:18:28,028 [INFO] DbMcusXml:78 - Set database path to: C:\ST\STM32CubeIDE_1.18.0\STM32CubeIDE\plugins\com.st.stm32cube.common.mx_6.14.0.202502271554\\db\/mcu/
2026-02-27 10:18:28,028 [INFO] ApiDb:274 - Set plugin database path to: C:\ST\STM32CubeIDE_1.18.0\STM32CubeIDE\plugins\com.st.stm32cube.common.mx_6.14.0.202502271554\\db\/plugins/boardmanager/
2026-02-27 10:18:28,028 [INFO] ApiDb:261 - Set plugin images path to: C:\ST\STM32CubeIDE_1.18.0\STM32CubeIDE\plugins\com.st.stm32cube.common.mx_6.14.0.202502271554\\db\/plugins/mcufinder/images/
2026-02-27 10:18:28,029 [WARN] DbFile:41 - Overriding database path with different value: C:\Users\Owner\.stmcufinder\plugins\mcufinder/ => C:\Users\Owner\.stmcufinder\plugins\mcufinder
2026-02-27 10:18:28,029 [INFO] ApiDb:250 - Set database path to: C:\Users\Owner\.stmcufinder\plugins\mcufinder//mcu/
2026-02-27 10:18:28,029 [WARN] DbFile:41 - Overriding database path with different value: C:\Users\Owner\.stmcufinder\plugins\mcufinder/ => C:\Users\Owner\.stmcufinder\plugins\mcufinder
2026-02-27 10:18:28,029 [INFO] DbMcusAds:125 - Set database path to: C:\Users\Owner\.stmcufinder\plugins\mcufinder//mcu/
2026-02-27 10:18:28,029 [WARN] DbFile:41 - Overriding database path with different value: C:\Users\Owner\.stmcufinder\plugins\mcufinder/ => C:\Users\Owner\.stmcufinder\plugins\mcufinder
2026-02-27 10:18:28,029 [WARN] DbFile:41 - Overriding database path with different value: C:\Users\Owner\.stmcufinder\plugins\mcufinder/ => C:\Users\Owner\.stmcufinder\plugins\mcufinder
2026-02-27 10:18:28,029 [INFO] CrossReferenceDbSqlite:203 - Set database path to: C:\Users\Owner\.stmcufinder\plugins\mcufinder//mcu/cs/
2026-02-27 10:18:28,043 [INFO] ApplicationProperties:184 - Using Application install path: C:\ST\STM32CubeIDE_1.18.0\STM32CubeIDE\plugins\com.st.stm32cube.common.mx_6.14.0.202502271554
2026-02-27 10:18:28,044 [INFO] PluginManage:196 - Search for loadable plugins [exclusion list=, ]
2026-02-27 10:18:28,044 [INFO] PluginManage:310 - Check plugin analytics
2026-02-27 10:18:28,164 [INFO] AnalyticsPlugin:253 - Accepted Software Licenses: 
2026-02-27 10:18:28,164 [INFO] AnalyticsPlugin:255 - Accepted CMSIS Pack Licenses: 
2026-02-27 10:18:28,164 [INFO] AnalyticsPlugin:257 - Accepted Firmware Licenses: FW.F4.1.28.0,FW.C0.1.4.0
2026-02-27 10:18:28,167 [INFO] PluginManage:359 - Loaded plugin analytics (category:tool,tabindex:-1)
2026-02-27 10:18:28,168 [INFO] PluginManage:310 - Check plugin cadmodel
2026-02-27 10:18:28,189 [INFO] CADModel:105 - Init CAD model plugin
2026-02-27 10:18:28,190 [INFO] PluginManage:359 - Loaded plugin cadmodel (category:power,tabindex:5)
2026-02-27 10:18:28,190 [INFO] PluginManage:310 - Check plugin clock
2026-02-27 10:18:28,213 [INFO] PluginManage:359 - Loaded plugin clock (category:base,tabindex:2)
2026-02-27 10:18:28,213 [INFO] PluginManage:310 - Check plugin ddr
2026-02-27 10:18:28,215 [INFO] PluginManage:359 - Loaded plugin ddr (category:tool,tabindex:6)
2026-02-27 10:18:28,215 [INFO] PluginManage:310 - Check plugin filemanager
2026-02-27 10:18:28,329 [INFO] PluginManage:359 - Loaded plugin filemanager (category:base,tabindex:10)
2026-02-27 10:18:28,329 [INFO] PluginManage:310 - Check plugin ipmanager
2026-02-27 10:18:28,336 [INFO] PluginManage:359 - Loaded plugin ipmanager (category:base,tabindex:5)
2026-02-27 10:18:28,337 [INFO] PluginManage:310 - Check plugin lpbam
2026-02-27 10:18:28,346 [INFO] PluginManage:359 - Loaded plugin lpbam (category:base,tabindex:0)
2026-02-27 10:18:28,346 [INFO] PluginManage:310 - Check plugin memorymap
2026-02-27 10:18:28,359 [INFO] PluginManage:359 - Loaded plugin memorymap (category:base,tabindex:4)
2026-02-27 10:18:28,359 [INFO] PluginManage:310 - Check plugin pinoutandconfiguration
2026-02-27 10:18:28,371 [INFO] PluginManage:359 - Loaded plugin pinoutandconfiguration (category:base,tabindex:1)
2026-02-27 10:18:28,371 [INFO] PluginManage:310 - Check plugin pinoutconfig
2026-02-27 10:18:28,434 [WARN] SupportedApi:132 - Cannot load RTOS API schema: s4s-elt-must-match.1: The content of 'definitions' must match (annotation?, (simpleType | complexType)?, (unique | key | keyref)*)). A problem was found starting at: attribute.
2026-02-27 10:18:28,520 [INFO] PluginManage:359 - Loaded plugin pinoutconfig (category:base,tabindex:0)
2026-02-27 10:18:28,520 [INFO] PluginManage:310 - Check plugin power
2026-02-27 10:18:28,540 [INFO] PluginManage:359 - Loaded plugin power (category:power,tabindex:4)
2026-02-27 10:18:28,540 [INFO] PluginManage:310 - Check plugin projectmanager
2026-02-27 10:18:28,551 [INFO] PluginManage:359 - Loaded plugin projectmanager (category:projectmanager,tabindex:4)
2026-02-27 10:18:28,552 [INFO] PluginManage:310 - Check plugin rif
2026-02-27 10:18:28,563 [INFO] PluginManage:359 - Loaded plugin rif (category:base,tabindex:3)
2026-02-27 10:18:28,564 [INFO] PluginManage:310 - Check plugin thirdparty
2026-02-27 10:18:28,684 [INFO] PluginManage:359 - Loaded plugin thirdparty (category:base,tabindex:-1)
2026-02-27 10:18:28,684 [WARN] IntegrityCheckThread:84 - waiting for thirdparty lock release [integrity check]
2026-02-27 10:18:28,684 [INFO] PluginManage:310 - Check plugin tools
2026-02-27 10:18:28,684 [INFO] IntegrityCheckThread:86 - entering critical section [integrity check]
2026-02-27 10:18:28,684 [INFO] ThirdPartyUpdaterWithRetryManager:70 - Updater plugin not ready yet. [1/15]
2026-02-27 10:18:28,688 [INFO] PluginManage:359 - Loaded plugin tools (category:base,tabindex:7)
2026-02-27 10:18:28,688 [INFO] PluginManage:310 - Check plugin tutovideos
2026-02-27 10:18:28,800 [INFO] PluginManage:359 - Loaded plugin tutovideos (category:base,tabindex:-1)
2026-02-27 10:18:28,800 [INFO] PluginManage:310 - Check plugin updater
2026-02-27 10:18:28,813 [INFO] PluginManage:359 - Loaded plugin updater (category:base,tabindex:12)
2026-02-27 10:18:28,814 [INFO] PluginManage:310 - Check plugin userauth
2026-02-27 10:18:28,816 [INFO] UserAuth:118 - Init User Auth plugin
2026-02-27 10:18:28,816 [INFO] PluginManage:359 - Loaded plugin userauth (category:base,tabindex:14)
2026-02-27 10:18:28,817 [INFO] PluginManage:283 - PluginManage : Loaded plugins [18]
2026-02-27 10:18:28,962 [INFO] PinOutPanel:1589 - setPackage(No Configuration,No Configuration)
2026-02-27 10:18:29,033 [INFO] CADModel:165 - CPN selected for project level
2026-02-27 10:18:29,033 [INFO] CADModel:114 - Register for checkConnection events
2026-02-27 10:18:29,050 [INFO] IPUIPlugin:80 - create IPUIPlugin
2026-02-27 10:18:29,050 [INFO] PluginManager:220 - loadIPPluginJar : add adc
2026-02-27 10:18:29,057 [INFO] IPUIPlugin:80 - create IPUIPlugin
2026-02-27 10:18:29,057 [INFO] PluginManager:220 - loadIPPluginJar : add aes
2026-02-27 10:18:29,064 [INFO] IPUIPlugin:80 - create IPUIPlugin
2026-02-27 10:18:29,064 [INFO] PluginManager:220 - loadIPPluginJar : add can
2026-02-27 10:18:29,067 [INFO] IPUIPlugin:80 - create IPUIPlugin
2026-02-27 10:18:29,068 [INFO] PluginManager:220 - loadIPPluginJar : add comp
2026-02-27 10:18:29,072 [INFO] IPUIPlugin:80 - create IPUIPlugin
2026-02-27 10:18:29,072 [INFO] PluginManager:220 - loadIPPluginJar : add cryp
2026-02-27 10:18:29,081 [INFO] IPUIPlugin:80 - create IPUIPlugin
2026-02-27 10:18:29,081 [INFO] PluginManager:220 - loadIPPluginJar : add ddr_ctrl_phy
2026-02-27 10:18:29,085 [INFO] IPUIPlugin:80 - create IPUIPlugin
2026-02-27 10:18:29,085 [INFO] PluginManager:220 - loadIPPluginJar : add dfsdm
2026-02-27 10:18:29,092 [INFO] IPUIPlugin:80 - create IPUIPlugin
2026-02-27 10:18:29,093 [INFO] PluginManager:220 - loadIPPluginJar : add dma
2026-02-27 10:18:29,098 [INFO] IPUIPlugin:80 - create IPUIPlugin
2026-02-27 10:18:29,098 [INFO] PluginManager:220 - loadIPPluginJar : add dma3
2026-02-27 10:18:29,104 [INFO] IPUIPlugin:80 - create IPUIPlugin
2026-02-27 10:18:29,105 [INFO] PluginManager:220 - loadIPPluginJar : add extmemmanager
2026-02-27 10:18:29,108 [INFO] IPUIPlugin:80 - create IPUIPlugin
2026-02-27 10:18:29,108 [INFO] PluginManager:220 - loadIPPluginJar : add fatfs
2026-02-27 10:18:29,116 [INFO] IPUIPlugin:80 - create IPUIPlugin
2026-02-27 10:18:29,116 [INFO] PluginManager:220 - loadIPPluginJar : add fmc
2026-02-27 10:18:29,126 [INFO] IPUIPlugin:80 - create IPUIPlugin
2026-02-27 10:18:29,126 [INFO] PluginManager:220 - loadIPPluginJar : add freertos
2026-02-27 10:18:29,129 [INFO] IPUIPlugin:80 - create IPUIPlugin
2026-02-27 10:18:29,129 [INFO] PluginManager:220 - loadIPPluginJar : add genericplugin
2026-02-27 10:18:29,133 [INFO] IPUIPlugin:80 - create IPUIPlugin
2026-02-27 10:18:29,133 [INFO] PluginManager:220 - loadIPPluginJar : add gfxmmu
2026-02-27 10:18:29,140 [INFO] IPUIPlugin:80 - create IPUIPlugin
2026-02-27 10:18:29,140 [INFO] PluginManager:220 - loadIPPluginJar : add gic
2026-02-27 10:18:29,149 [INFO] IPUIPlugin:80 - create IPUIPlugin
2026-02-27 10:18:29,149 [INFO] PluginManager:220 - loadIPPluginJar : add gpio
2026-02-27 10:18:29,155 [INFO] IPUIPlugin:80 - create IPUIPlugin
2026-02-27 10:18:29,155 [INFO] PluginManager:220 - loadIPPluginJar : add gtzc
2026-02-27 10:18:29,162 [INFO] IPUIPlugin:80 - create IPUIPlugin
2026-02-27 10:18:29,162 [INFO] PluginManager:220 - loadIPPluginJar : add hash
2026-02-27 10:18:29,166 [INFO] IPUIPlugin:80 - create IPUIPlugin
2026-02-27 10:18:29,166 [INFO] PluginManager:220 - loadIPPluginJar : add i2c
2026-02-27 10:18:29,172 [INFO] IPUIPlugin:80 - create IPUIPlugin
2026-02-27 10:18:29,172 [INFO] PluginManager:220 - loadIPPluginJar : add i2s
2026-02-27 10:18:29,177 [INFO] IPUIPlugin:80 - create IPUIPlugin
2026-02-27 10:18:29,177 [INFO] PluginManager:220 - loadIPPluginJar : add i3c
2026-02-27 10:18:29,184 [INFO] IPUIPlugin:80 - create IPUIPlugin
2026-02-27 10:18:29,184 [INFO] PluginManager:220 - loadIPPluginJar : add ipddr
2026-02-27 10:18:29,191 [INFO] IPUIPlugin:80 - create IPUIPlugin
2026-02-27 10:18:29,191 [INFO] PluginManager:220 - loadIPPluginJar : add linkedlist
2026-02-27 10:18:29,197 [INFO] IPUIPlugin:80 - create IPUIPlugin
2026-02-27 10:18:29,197 [INFO] PluginManager:220 - loadIPPluginJar : add lorawan
2026-02-27 10:18:29,202 [INFO] IPUIPlugin:80 - create IPUIPlugin
2026-02-27 10:18:29,202 [INFO] PluginManager:220 - loadIPPluginJar : add ltdc
2026-02-27 10:18:29,213 [INFO] IPUIPlugin:80 - create IPUIPlugin
2026-02-27 10:18:29,213 [INFO] PluginManager:220 - loadIPPluginJar : add mdma
2026-02-27 10:18:29,219 [INFO] IPUIPlugin:80 - create IPUIPlugin
2026-02-27 10:18:29,219 [INFO] PluginManager:220 - loadIPPluginJar : add nvic
2026-02-27 10:18:29,223 [INFO] IPUIPlugin:80 - create IPUIPlugin
2026-02-27 10:18:29,223 [INFO] PluginManager:220 - loadIPPluginJar : add opamp
2026-02-27 10:18:29,228 [INFO] IPUIPlugin:80 - create IPUIPlugin
2026-02-27 10:18:29,228 [INFO] PluginManager:220 - loadIPPluginJar : add openamp
2026-02-27 10:18:29,233 [INFO] IPUIPlugin:80 - create IPUIPlugin
2026-02-27 10:18:29,233 [INFO] PluginManager:220 - loadIPPluginJar : add pdm2pcm
2026-02-27 10:18:29,240 [INFO] IPUIPlugin:80 - create IPUIPlugin
2026-02-27 10:18:29,241 [INFO] PluginManager:220 - loadIPPluginJar : add plateformsettings
2026-02-27 10:18:29,243 [INFO] IPUIPlugin:80 - create IPUIPlugin
2026-02-27 10:18:29,243 [INFO] PluginManager:220 - loadIPPluginJar : add quadspi
2026-02-27 10:18:29,247 [INFO] IPUIPlugin:80 - create IPUIPlugin
2026-02-27 10:18:29,247 [INFO] PluginManager:220 - loadIPPluginJar : add radio
2026-02-27 10:18:29,257 [INFO] IPUIPlugin:80 - create IPUIPlugin
2026-02-27 10:18:29,257 [INFO] PluginManager:220 - loadIPPluginJar : add resmgrutility
2026-02-27 10:18:29,266 [INFO] IPUIPlugin:80 - create IPUIPlugin
2026-02-27 10:18:29,266 [INFO] PluginManager:220 - loadIPPluginJar : add sai
2026-02-27 10:18:29,271 [INFO] IPUIPlugin:80 - create IPUIPlugin
2026-02-27 10:18:29,271 [INFO] PluginManager:220 - loadIPPluginJar : add spi
2026-02-27 10:18:29,280 [INFO] IPUIPlugin:80 - create IPUIPlugin
2026-02-27 10:18:29,280 [INFO] PluginManager:220 - loadIPPluginJar : add stm32_wpan
2026-02-27 10:18:29,283 [INFO] IPUIPlugin:80 - create IPUIPlugin
2026-02-27 10:18:29,283 [INFO] PluginManager:220 - loadIPPluginJar : add tim
2026-02-27 10:18:29,289 [INFO] IPUIPlugin:80 - create IPUIPlugin
2026-02-27 10:18:29,289 [INFO] PluginManager:220 - loadIPPluginJar : add touchsensing
2026-02-27 10:18:29,292 [INFO] IPUIPlugin:80 - create IPUIPlugin
2026-02-27 10:18:29,292 [INFO] PluginManager:220 - loadIPPluginJar : add tracer_emb
2026-02-27 10:18:29,296 [INFO] IPUIPlugin:80 - create IPUIPlugin
2026-02-27 10:18:29,297 [INFO] PluginManager:220 - loadIPPluginJar : add ts
2026-02-27 10:18:29,305 [INFO] IPUIPlugin:80 - create IPUIPlugin
2026-02-27 10:18:29,305 [INFO] PluginManager:220 - loadIPPluginJar : add tsc
2026-02-27 10:18:29,311 [INFO] IPUIPlugin:80 - create IPUIPlugin
2026-02-27 10:18:29,311 [INFO] PluginManager:220 - loadIPPluginJar : add ucpd
2026-02-27 10:18:29,317 [INFO] IPUIPlugin:80 - create IPUIPlugin
2026-02-27 10:18:29,317 [INFO] PluginManager:220 - loadIPPluginJar : add usart
2026-02-27 10:18:29,331 [INFO] IPUIPlugin:80 - create IPUIPlugin
2026-02-27 10:18:29,331 [INFO] PluginManager:220 - loadIPPluginJar : add usbx
2026-02-27 10:18:29,439 [FATAL] Updater:351 - Updater called before beeing initialized
2026-02-27 10:18:29,459 [INFO] RulesReader:64 - Compatibility file has been processed (301 Rules)
2026-02-27 10:18:29,473 [INFO] RulesReader:64 - Compatibility file has been processed (301 Rules)
2026-02-27 10:18:29,486 [INFO] CADModel:165 - CPN selected for project level
2026-02-27 10:18:29,486 [INFO] CADModel:114 - Register for checkConnection events
2026-02-27 10:18:29,486 [FATAL] Updater:351 - Updater called before beeing initialized
2026-02-27 10:18:29,487 [ERROR] CADModel:125 - Updater not yet initialized, retry later 
2026-02-27 10:18:29,582 [FATAL] Updater:351 - Updater called before beeing initialized
2026-02-27 10:18:29,583 [INFO] CADModel:165 - CPN selected for project level
2026-02-27 10:18:29,583 [INFO] CADModel:114 - Register for checkConnection events
2026-02-27 10:18:29,583 [FATAL] Updater:351 - Updater called before beeing initialized
2026-02-27 10:18:29,583 [ERROR] CADModel:125 - Updater not yet initialized, retry later 
2026-02-27 10:18:29,585 [FATAL] Updater:351 - Updater called before beeing initialized
2026-02-27 10:18:29,688 [FATAL] Updater:351 - Updater called before beeing initialized
2026-02-27 10:18:29,691 [INFO] DbMcusAds:53 - JSON generation date=Tue Dec 16 08:11:46 KST 2025 (1765840306612)
2026-02-27 10:18:29,691 [FATAL] Updater:351 - Updater called before beeing initialized
2026-02-27 10:18:29,719 [WARN] DetailPanel:346 - Failed to get advertising image, set to default
2026-02-27 10:18:29,894 [FATAL] Updater:351 - Updater called before beeing initialized
2026-02-27 10:18:29,895 [FATAL] Updater:351 - Updater called before beeing initialized
2026-02-27 10:18:29,895 [FATAL] Updater:351 - Updater called before beeing initialized
2026-02-27 10:18:29,895 [WARN] DetailPanel:346 - Failed to get advertising image, set to default
2026-02-27 10:18:29,896 [FATAL] Updater:351 - Updater called before beeing initialized
2026-02-27 10:18:29,926 [ERROR] Updater:1198 - MainUpdater not yet initialized. External WinMGr cannot be set.
2026-02-27 10:18:29,928 [INFO] Updater:1134 - Updater Version found : 6.14.0
2026-02-27 10:18:29,940 [INFO] ApplicationProperties:184 - Using Application install path: C:\ST\STM32CubeIDE_1.18.0\STM32CubeIDE\plugins\com.st.stm32cube.common.mx_6.14.0.202502271554
2026-02-27 10:18:31,510 [ERROR] LogOutputStream:75 - [STDERR_REDIRECT] Feb 27, 2026 10:18:31 AM java.util.prefs.WindowsPreferences <init>
2026-02-27 10:18:31,511 [ERROR] LogOutputStream:75 - [STDERR_REDIRECT] WARNING: Could not open/create prefs root node Software\JavaSoft\Prefs at root 0xffffffff80000002. Windows RegCreateKeyEx(...) returned error code 5.
2026-02-27 10:18:31,511 [ERROR] LogOutputStream:75 - [STDERR_REDIRECT] 
2026-02-27 10:18:31,685 [INFO] ThirdPartyUpdaterWithRetryManager:70 - Updater plugin not ready yet. [2/15]
2026-02-27 10:18:31,870 [INFO] MainUpdater:2872 - connection check result : 10
2026-02-27 10:18:31,871 [INFO] MainUpdater:289 - Updater Check For Update Now.
2026-02-27 10:18:31,871 [INFO] MicroXplorer:498 - Change Database Version : DB.6.0.140
2026-02-27 10:18:31,879 [INFO] McuFinderGlobals:63 - Set McuFinder mode to 2 (CubeIDE integrated)
2026-02-27 10:18:31,883 [INFO] UserAuth:486 - Internet connection configuration mode: 1
2026-02-27 10:18:31,906 [INFO] JxBrowserEngine:152 - Initiate JxBrowser Engine with user profile folder
2026-02-27 10:18:32,031 [INFO] CheckServerUpdateThread:120 - End of CheckServer Thread
2026-02-27 10:18:32,689 [INFO] WebApp:169 - Instantiating new browser for Auth
2026-02-27 10:18:33,364 [INFO] WebApp:463 - Apply proxy settings
2026-02-27 10:18:33,365 [INFO] WebApp:548 - Chromium requires no authentication
2026-02-27 10:18:33,374 [INFO] WebApp:491 - Direct internet connection detected
2026-02-27 10:18:33,399 [INFO] WebApp:894 - Register for checkConnection events
2026-02-27 10:18:33,399 [INFO] WebApp:463 - Apply proxy settings
2026-02-27 10:18:33,399 [INFO] WebApp:548 - Chromium requires no authentication
2026-02-27 10:18:33,399 [INFO] WebApp:491 - Direct internet connection detected
2026-02-27 10:18:33,530 [INFO] WebApp:225 - Starting web application
2026-02-27 10:18:33,530 [INFO] WebApp:593 - Web application path used C:\ST\STM32CubeIDE_1.18.0\STM32CubeIDE\plugins\com.st.stm32cube.common.mx_6.14.0.202502271554\db\plugins\mcufinder\reactClient1\index.html
2026-02-27 10:18:33,743 [INFO] WebApp:191 - Connection restablished
2026-02-27 10:18:33,801 [INFO] UserAuth:486 - Internet connection configuration mode: 1
2026-02-27 10:18:34,114 [ERROR] LogOutputStream:75 - [STDERR_REDIRECT] Feb 27, 2026 10:18:34 AM org.glassfish.grizzly.http.server.NetworkListener start
2026-02-27 10:18:34,115 [ERROR] LogOutputStream:75 - [STDERR_REDIRECT] INFO: Started listener bound to [localhost:16721]
2026-02-27 10:18:34,115 [ERROR] LogOutputStream:75 - [STDERR_REDIRECT] 
2026-02-27 10:18:34,116 [ERROR] LogOutputStream:75 - [STDERR_REDIRECT] Feb 27, 2026 10:18:34 AM org.glassfish.grizzly.http.server.HttpServer start
2026-02-27 10:18:34,116 [ERROR] LogOutputStream:75 - [STDERR_REDIRECT] INFO: [HttpServer] Started.
2026-02-27 10:18:34,116 [ERROR] LogOutputStream:75 - [STDERR_REDIRECT] 
2026-02-27 10:18:34,954 [WARN] PackLoader:240 - Cannot read IP mode file for STMicroelectronics.FP-SNS-MOTENVWB1.1.4.0
2026-02-27 10:18:34,962 [WARN] PackLoader:240 - Cannot read IP mode file for STMicroelectronics.X-CUBE-SMBUS.2.1.0
2026-02-27 10:18:34,971 [WARN] PackLoader:240 - Cannot read IP mode file for STMicroelectronics.X-CUBE-WB05N.1.1.0
2026-02-27 10:18:34,977 [WARN] PackLoader:240 - Cannot read IP mode file for STMicroelectronics.X-CUBE-ST60.1.0.0
2026-02-27 10:18:34,996 [WARN] PackLoader:240 - Cannot read IP mode file for STMicroelectronics.X-CUBE-AZRTOS-F7.1.1.0
2026-02-27 10:18:35,003 [ERROR] Engine:466 - C:\Users\Owner\.stm32cubemx\thirdparties\pdsc\STMicroelectronics.FP-SNS-MOTENV1.5.1.0.pdsc: PDSC version is not supported
2026-02-27 10:18:35,026 [WARN] PackLoader:240 - Cannot read IP mode file for Infineon.AIROC-Wi-Fi-Bluetooth-STM32.1.7.0
2026-02-27 10:18:35,079 [WARN] PackLoader:240 - Cannot read IP mode file for STMicroelectronics.X-CUBE-AZRTOS-H7.3.4.0
2026-02-27 10:18:35,098 [WARN] PackLoader:240 - Cannot read IP mode file for STMicroelectronics.X-CUBE-DISPLAY.3.0.0
2026-02-27 10:18:35,107 [ERROR] Engine:466 - C:\Users\Owner\.stm32cubemx\thirdparties\pdsc\STMicroelectronics.FP-SNS-MOTENVWB1.1.5.0.pdsc: PDSC version is not supported
2026-02-27 10:18:35,118 [WARN] PackLoader:240 - Cannot read IP mode file for STMicroelectronics.X-CUBE-NFC10.1.0.0
2026-02-27 10:18:35,127 [WARN] PackLoader:240 - Cannot read IP mode file for STMicroelectronics.X-CUBE-BLEMGR.4.0.0
2026-02-27 10:18:35,134 [WARN] PackLoader:240 - Cannot read IP mode file for STMicroelectronics.X-CUBE-ST60.1.1.0
2026-02-27 10:18:35,140 [WARN] PackLoader:240 - Cannot read IP mode file for emotas.I-CUBE-CANOPEN.1.3.0
2026-02-27 10:18:35,151 [WARN] PackLoader:240 - Cannot read IP mode file for STMicroelectronics.X-CUBE-GNSS1.7.1.0
2026-02-27 10:18:35,157 [WARN] ConditionMgr:438 - getConditionDescription Invalid condition id : Cortex-A Device cause : null
2026-02-27 10:18:35,170 [WARN] ConditionMgr:1044 - genDependencies : Invalid condition id : Cortex-A Device cause : null
2026-02-27 10:18:35,170 [WARN] ConditionMgr:1044 - genDependencies : Invalid condition id : Cortex-A Device cause : null
2026-02-27 10:18:35,170 [WARN] ConditionMgr:1044 - genDependencies : Invalid condition id : Cortex-A Device cause : null
2026-02-27 10:18:35,177 [WARN] PackLoader:240 - Cannot read IP mode file for STMicroelectronics.X-CUBE-AI.10.0.0
2026-02-27 10:18:35,180 [ERROR] Engine:466 - C:\Users\Owner\.stm32cubemx\thirdparties\pdsc\STMicroelectronics.FP-SNS-STBOX1.2.1.0.pdsc: PDSC version is not supported
2026-02-27 10:18:35,185 [WARN] PackLoader:240 - Cannot read IP mode file for STMicroelectronics.FP-SNS-SMARTAG2.1.2.0
2026-02-27 10:18:35,269 [WARN] PackLoader:240 - Cannot read IP mode file for STMicroelectronics.X-CUBE-MEMS1.11.1.0
2026-02-27 10:18:35,318 [INFO] LogOutputStream:77 - [STDOUT_REDIRECT] 1 : Invalid condition id : UX_CORESTACK_Condition cause : null
2026-02-27 10:18:35,319 [INFO] LogOutputStream:77 - [STDOUT_REDIRECT] 1 : Invalid condition id : UX_CORESTACK_Condition cause : null
2026-02-27 10:18:35,319 [INFO] LogOutputStream:77 - [STDOUT_REDIRECT] 1 : Invalid condition id : UX_CORESTACK_Condition cause : null
2026-02-27 10:18:35,320 [INFO] LogOutputStream:77 - [STDOUT_REDIRECT] 1 : Invalid condition id : UX_CORESTACK_Condition cause : null
2026-02-27 10:18:35,320 [INFO] LogOutputStream:77 - [STDOUT_REDIRECT] 1 : Invalid condition id : UX_CORESTACK_Condition cause : null
2026-02-27 10:18:35,322 [WARN] PackLoader:240 - Cannot read IP mode file for STMicroelectronics.X-CUBE-AZRTOS-WL.2.0.0
2026-02-27 10:18:35,328 [WARN] PackLoader:240 - Cannot read IP mode file for STMicroelectronics.FP-SNS-MOTENV1.5.0.0
2026-02-27 10:18:35,341 [WARN] PackLoader:240 - Cannot read IP mode file for STMicroelectronics.X-CUBE-AZRTOS-H7RS.1.2.0
2026-02-27 10:18:35,351 [WARN] PackLoader:240 - Cannot read IP mode file for WES.I-CUBE-Cesium.1.3.0
2026-02-27 10:18:35,361 [WARN] PackLoader:240 - Cannot read IP mode file for STMicroelectronics.X-CUBE-BLE2.3.3.0
2026-02-27 10:18:35,387 [WARN] PackLoader:240 - Cannot read IP mode file for STMicroelectronics.X-CUBE-NFC9.1.0.0
2026-02-27 10:18:35,390 [ERROR] Engine:466 - C:\Users\Owner\.stm32cubemx\thirdparties\pdsc\STMicroelectronics.X-CUBE-FREERTOS.1.4.0.pdsc: PDSC version is not supported
2026-02-27 10:18:35,400 [WARN] PackLoader:240 - Cannot read IP mode file for STMicroelectronics.X-CUBE-EEPRMA1.5.2.0
2026-02-27 10:18:35,405 [ERROR] Engine:466 - C:\Users\Owner\.stm32cubemx\thirdparties\pdsc\STMicroelectronics.X-CUBE-ST67W61.1.1.0.pdsc: PDSC version is not supported
2026-02-27 10:18:35,411 [WARN] PackLoader:240 - Cannot read IP mode file for STMicroelectronics.X-CUBE-AI.10.1.0
2026-02-27 10:18:35,485 [WARN] PackLoader:240 - Cannot read IP mode file for STMicroelectronics.X-CUBE-MEMS1.12.0.0
2026-02-27 10:18:35,519 [WARN] PackLoader:240 - Cannot read IP mode file for STMicroelectronics.X-CUBE-AZRTOS-G0.1.1.0
2026-02-27 10:18:35,533 [WARN] PackLoader:240 - Cannot read IP mode file for STMicroelectronics.X-CUBE-SAFEA1.1.2.2
2026-02-27 10:18:35,552 [WARN] PackLoader:240 - Cannot read IP mode file for STMicroelectronics.X-CUBE-NFC4.3.0.0
2026-02-27 10:18:35,561 [WARN] PackLoader:240 - Cannot read IP mode file for EmbeddedOffice.I-CUBE-FS-RTOS.1.0.1
2026-02-27 10:18:35,570 [WARN] PackLoader:240 - Cannot read IP mode file for STMicroelectronics.X-CUBE-WB05N.2.0.0
2026-02-27 10:18:35,579 [WARN] PackLoader:240 - Cannot read IP mode file for wolfSSL.I-CUBE-wolfTPM.3.8.0
2026-02-27 10:18:35,584 [WARN] PackLoader:240 - Cannot read IP mode file for STMicroelectronics.X-CUBE-TCPP.4.2.0
2026-02-27 10:18:35,593 [WARN] PackLoader:240 - Cannot read IP mode file for RealThread.X-CUBE-RT-Thread_Nano.4.1.1
2026-02-27 10:18:35,597 [WARN] PackLoader:240 - Cannot read IP mode file for STMicroelectronics.FP-ATR-SIGFOX1.3.2.0
2026-02-27 10:18:35,607 [WARN] PackLoader:240 - Cannot read IP mode file for STMicroelectronics.X-CUBE-EEPRMA1.5.1.0
2026-02-27 10:18:35,615 [WARN] PackLoader:240 - Cannot read IP mode file for ITTIA_DB.I-CUBE-ITTIADB.8.9.0
2026-02-27 10:18:35,629 [WARN] PackLoader:240 - Cannot read IP mode file for STMicroelectronics.X-CUBE-NFC6.3.2.0
2026-02-27 10:18:35,636 [WARN] PackLoader:240 - Cannot read IP mode file for STMicroelectronics.X-CUBE-ST67W61.1.0.0
2026-02-27 10:18:35,644 [WARN] PackLoader:240 - Cannot read IP mode file for STMicroelectronics.X-CUBE-AI.10.2.0
2026-02-27 10:18:35,656 [WARN] PackLoader:240 - Cannot read IP mode file for SEGGER.I-CUBE-embOS.1.3.1
2026-02-27 10:18:35,686 [WARN] PackLoader:240 - Cannot read IP mode file for STMicroelectronics.X-CUBE-ALGOBUILD.1.4.0
2026-02-27 10:18:35,769 [WARN] PackLoader:240 - Cannot read IP mode file for STMicroelectronics.X-CUBE-MEMS1.11.3.0
2026-02-27 10:18:35,814 [WARN] PackLoader:240 - Cannot read IP mode file for STMicroelectronics.X-CUBE-PM33A1.1.0.0
2026-02-27 10:18:35,828 [WARN] PackLoader:240 - Cannot read IP mode file for STMicroelectronics.X-CUBE-AZRTOS-F4.1.1.0
2026-02-27 10:18:35,833 [WARN] PackLoader:240 - Cannot read IP mode file for Avnet-IotConnect.X-CUBE-IoTC-DA16k-PMOD.1.0.0
2026-02-27 10:18:35,840 [WARN] PackLoader:240 - Cannot read IP mode file for STMicroelectronics.X-CUBE-ISPU.2.1.0
2026-02-27 10:18:35,845 [ERROR] Engine:466 - C:\Users\Owner\.stm32cubemx\thirdparties\pdsc\STMicroelectronics.X-CUBE-IPS.3.2.0.pdsc: PDSC version is not supported
2026-02-27 10:18:35,856 [WARN] PackLoader:240 - Cannot read IP mode file for STMicroelectronics.X-CUBE-NFC12.1.0.0
2026-02-27 10:18:35,868 [WARN] PackLoader:240 - Cannot read IP mode file for STMicroelectronics.X-CUBE-AZRTOS-L5.2.0.0
2026-02-27 10:18:35,879 [WARN] PackLoader:240 - Cannot read IP mode file for STMicroelectronics.X-CUBE-NFC6.3.1.0
2026-02-27 10:18:35,885 [WARN] PackLoader:240 - Cannot read IP mode file for STMicroelectronics.X-CUBE-FREERTOS.1.3.1
2026-02-27 10:18:35,889 [WARN] PackLoader:240 - Cannot read IP mode file for STMicroelectronics.X-CUBE-FREERTOS.1.3.0
2026-02-27 10:18:35,899 [WARN] PackLoader:240 - Cannot read IP mode file for STMicroelectronics.X-CUBE-NFC7.1.0.1
2026-02-27 10:18:35,904 [WARN] PackLoader:240 - Cannot read IP mode file for STMicroelectronics.X-CUBE-TOUCHGFX.4.26.0
2026-02-27 10:18:35,909 [WARN] PackLoader:240 - Cannot read IP mode file for STMicroelectronics.FP-SNS-STAIOTCFT.1.0.0
2026-02-27 10:18:35,921 [WARN] ConditionMgr:438 - getConditionDescription Invalid condition id : LAN8742 Phy interface Condition cause : null
2026-02-27 10:18:35,921 [WARN] PackLoader:240 - Cannot read IP mode file for STMicroelectronics.X-CUBE-AZRTOS-L4.2.0.0
2026-02-27 10:18:35,922 [WARN] ConditionMgr:1044 - genDependencies : Invalid condition id : LAN8742 Phy interface Condition cause : null
2026-02-27 10:18:35,922 [WARN] ConditionMgr:1044 - genDependencies : Invalid condition id : LAN8742 Phy interface Condition cause : null
2026-02-27 10:18:35,922 [WARN] ConditionMgr:1044 - genDependencies : Invalid condition id : LAN8742 Phy interface Condition cause : null
2026-02-27 10:18:35,933 [WARN] PackLoader:240 - Cannot read IP mode file for STMicroelectronics.X-CUBE-SFXS2LP1.4.0.0
2026-02-27 10:18:35,937 [ERROR] Engine:466 - C:\Users\Owner\.stm32cubemx\thirdparties\pdsc\STMicroelectronics.X-CUBE-ST67W61.1.2.0.pdsc: PDSC version is not supported
2026-02-27 10:18:35,949 [WARN] PackLoader:240 - Cannot read IP mode file for STMicroelectronics.X-CUBE-AZRTOS-H7.3.3.0
2026-02-27 10:18:35,955 [WARN] PackLoader:240 - Cannot read IP mode file for STMicroelectronics.X-CUBE-BLEMGR.4.1.0
2026-02-27 10:18:35,966 [WARN] ConditionMgr:438 - getConditionDescription Invalid condition id : UX DEVICE CLASS RTOS Condition cause : null
2026-02-27 10:18:35,966 [WARN] ConditionMgr:438 - getConditionDescription Invalid condition id : UX DEVICE CLASS RTOS Condition cause : null
2026-02-27 10:18:35,967 [WARN] PackLoader:240 - Cannot read IP mode file for STMicroelectronics.X-CUBE-AZRTOS-WB.2.0.0
2026-02-27 10:18:35,967 [WARN] ConditionMgr:1044 - genDependencies : Invalid condition id : UX DEVICE CLASS RTOS Condition cause : null
2026-02-27 10:18:35,967 [WARN] ConditionMgr:1044 - genDependencies : Invalid condition id : UX DEVICE CLASS RTOS Condition cause : null
2026-02-27 10:18:35,967 [WARN] ConditionMgr:1044 - genDependencies : Invalid condition id : UX DEVICE CLASS RTOS Condition cause : null
2026-02-27 10:18:35,967 [WARN] ConditionMgr:1044 - genDependencies : Invalid condition id : UX DEVICE CLASS RTOS Condition cause : null
2026-02-27 10:18:35,967 [WARN] ConditionMgr:1044 - genDependencies : Invalid condition id : UX DEVICE CLASS RTOS Condition cause : null
2026-02-27 10:18:35,975 [WARN] PackLoader:240 - Cannot read IP mode file for STMicroelectronics.X-CUBE-GNSS1.7.0.1
2026-02-27 10:18:35,978 [WARN] PackLoader:240 - Cannot read IP mode file for STMicroelectronics.X-CUBE-TOUCHGFX.4.25.0
2026-02-27 10:18:35,983 [WARN] PackLoader:240 - Cannot read IP mode file for STMicroelectronics.FP-SNS-STBOX1.2.0.0
2026-02-27 10:18:35,999 [WARN] PackLoader:240 - Cannot read IP mode file for STMicroelectronics.X-CUBE-STSE01.2.0.0
2026-02-27 10:18:36,006 [WARN] PackLoader:240 - Cannot read IP mode file for STMicroelectronics.X-CUBE-SUBG2.5.0.0
2026-02-27 10:18:36,019 [WARN] PackLoader:240 - Cannot read IP mode file for STMicroelectronics.X-CUBE-AZRTOS-H7RS.1.1.0
2026-02-27 10:18:36,025 [WARN] PackLoader:240 - Cannot read IP mode file for Cesanta.I-CUBE-Mongoose.7.13.0
2026-02-27 10:18:36,035 [WARN] PackLoader:240 - Cannot read IP mode file for STMicroelectronics.X-CUBE-AZRTOS-G4.2.0.0
2026-02-27 10:18:36,041 [WARN] PackLoader:240 - Cannot read IP mode file for wolfSSL.I-CUBE-wolfSSH.1.4.20
2026-02-27 10:18:36,049 [WARN] PackLoader:240 - Cannot read IP mode file for STMicroelectronics.X-CUBE-NFC7.2.0.0
2026-02-27 10:18:36,056 [WARN] PackLoader:240 - Cannot read IP mode file for STMicroelectronics.X-CUBE-IPS.3.1.0
2026-02-27 10:18:36,062 [WARN] PackLoader:240 - Cannot read IP mode file for STMicroelectronics.X-CUBE-ALS.1.0.2
2026-02-27 10:18:36,080 [WARN] PackLoader:240 - Cannot read IP mode file for STMicroelectronics.X-CUBE-STSE01.1.0.0
2026-02-27 10:18:36,088 [WARN] PackLoader:240 - Cannot read IP mode file for portGmbH.I-Cube-SoM-uGOAL.1.1.0
2026-02-27 10:18:36,094 [WARN] PackLoader:240 - Cannot read IP mode file for STMicroelectronics.X-CUBE-TOF1.3.4.2
2026-02-27 10:18:36,104 [WARN] PackLoader:240 - Cannot read IP mode file for STMicroelectronics.X-CUBE-TOF1.3.4.3
2026-02-27 10:18:36,111 [INFO] ThirdParty:978 - Integrity check success = true
2026-02-27 10:18:36,111 [INFO] IntegrityCheckThread:100 - exiting critical section [integrity check]
2026-02-27 10:18:36,111 [INFO] IntegrityCheckThread:103 - End integrity checks thread
2026-02-27 18:00:05,987 [INFO] WebApp:403 - JxBrowser engine has been closed 
