2026-01-27 11:36:45,910 [INFO] Activator:176 - 


2026-01-27 11:36:45,910 [INFO] Activator:177 - !SESSION log4j initialized
2026-01-27 11:36:50,026 [INFO] LogOutputStream:77 - [STDOUT_REDIRECT] 
2026-01-27 11:36:52,318 [INFO] ApplicationProperties:184 - Using Application install path: C:\ST\STM32CubeIDE_1.18.0\STM32CubeIDE\plugins\com.st.stm32cube.common.mx_6.14.0.202502271554
2026-01-27 11:36:52,329 [INFO] DbMcusXml:78 - Set database path to: C:\ST\STM32CubeIDE_1.18.0\STM32CubeIDE\plugins\com.st.stm32cube.common.mx_6.14.0.202502271554\\db\/mcu/
2026-01-27 11:36:52,330 [INFO] ApiDb:274 - Set plugin database path to: C:\ST\STM32CubeIDE_1.18.0\STM32CubeIDE\plugins\com.st.stm32cube.common.mx_6.14.0.202502271554\\db\/plugins/boardmanager/
2026-01-27 11:36:52,330 [WARN] ApiDb:259 - Overriding images path with different value:  => C:\ST\STM32CubeIDE_1.18.0\STM32CubeIDE\plugins\com.st.stm32cube.common.mx_6.14.0.202502271554\\db\/plugins/mcufinder/images/
2026-01-27 11:36:52,337 [INFO] ApiDb:250 - Set database path to: C:\Users\Owner\.stmcufinder\plugins\mcufinder//mcu/
2026-01-27 11:36:52,338 [INFO] DbMcusAds:125 - Set database path to: C:\Users\Owner\.stmcufinder\plugins\mcufinder//mcu/
2026-01-27 11:36:52,340 [INFO] CrossReferenceDbSqlite:203 - Set database path to: C:\Users\Owner\.stmcufinder\plugins\mcufinder//mcu/cs/
2026-01-27 11:36:52,410 [INFO] RulesReader:64 - Compatibility file has been processed (301 Rules)
2026-01-27 11:36:52,467 [INFO] DbMcusXml:78 - Set database path to: C:\ST\STM32CubeIDE_1.18.0\STM32CubeIDE\plugins\com.st.stm32cube.common.mx_6.14.0.202502271554\\db\/mcu/
2026-01-27 11:36:52,467 [INFO] ApiDb:274 - Set plugin database path to: C:\ST\STM32CubeIDE_1.18.0\STM32CubeIDE\plugins\com.st.stm32cube.common.mx_6.14.0.202502271554\\db\/plugins/boardmanager/
2026-01-27 11:36:52,468 [INFO] ApiDb:261 - Set plugin images path to: C:\ST\STM32CubeIDE_1.18.0\STM32CubeIDE\plugins\com.st.stm32cube.common.mx_6.14.0.202502271554\\db\/plugins/mcufinder/images/
2026-01-27 11:36:52,468 [WARN] DbFile:41 - Overriding database path with different value: C:\Users\Owner\.stmcufinder\plugins\mcufinder/ => C:\Users\Owner\.stmcufinder\plugins\mcufinder
2026-01-27 11:36:52,468 [INFO] ApiDb:250 - Set database path to: C:\Users\Owner\.stmcufinder\plugins\mcufinder//mcu/
2026-01-27 11:36:52,468 [WARN] DbFile:41 - Overriding database path with different value: C:\Users\Owner\.stmcufinder\plugins\mcufinder/ => C:\Users\Owner\.stmcufinder\plugins\mcufinder
2026-01-27 11:36:52,468 [INFO] DbMcusAds:125 - Set database path to: C:\Users\Owner\.stmcufinder\plugins\mcufinder//mcu/
2026-01-27 11:36:52,468 [WARN] DbFile:41 - Overriding database path with different value: C:\Users\Owner\.stmcufinder\plugins\mcufinder/ => C:\Users\Owner\.stmcufinder\plugins\mcufinder
2026-01-27 11:36:52,468 [WARN] DbFile:41 - Overriding database path with different value: C:\Users\Owner\.stmcufinder\plugins\mcufinder/ => C:\Users\Owner\.stmcufinder\plugins\mcufinder
2026-01-27 11:36:52,468 [INFO] CrossReferenceDbSqlite:203 - Set database path to: C:\Users\Owner\.stmcufinder\plugins\mcufinder//mcu/cs/
2026-01-27 11:36:52,528 [INFO] MainPanel:272 - HeapMemory: 268435456
2026-01-27 11:36:52,596 [INFO] DbMcusXml:78 - Set database path to: C:\ST\STM32CubeIDE_1.18.0\STM32CubeIDE\plugins\com.st.stm32cube.common.mx_6.14.0.202502271554\\db\/mcu/
2026-01-27 11:36:52,596 [INFO] ApiDb:274 - Set plugin database path to: C:\ST\STM32CubeIDE_1.18.0\STM32CubeIDE\plugins\com.st.stm32cube.common.mx_6.14.0.202502271554\\db\/plugins/boardmanager/
2026-01-27 11:36:52,596 [INFO] ApiDb:261 - Set plugin images path to: C:\ST\STM32CubeIDE_1.18.0\STM32CubeIDE\plugins\com.st.stm32cube.common.mx_6.14.0.202502271554\\db\/plugins/mcufinder/images/
2026-01-27 11:36:52,596 [WARN] DbFile:41 - Overriding database path with different value: C:\Users\Owner\.stmcufinder\plugins\mcufinder/ => C:\Users\Owner\.stmcufinder\plugins\mcufinder
2026-01-27 11:36:52,597 [INFO] ApiDb:250 - Set database path to: C:\Users\Owner\.stmcufinder\plugins\mcufinder//mcu/
2026-01-27 11:36:52,597 [WARN] DbFile:41 - Overriding database path with different value: C:\Users\Owner\.stmcufinder\plugins\mcufinder/ => C:\Users\Owner\.stmcufinder\plugins\mcufinder
2026-01-27 11:36:52,597 [INFO] DbMcusAds:125 - Set database path to: C:\Users\Owner\.stmcufinder\plugins\mcufinder//mcu/
2026-01-27 11:36:52,597 [WARN] DbFile:41 - Overriding database path with different value: C:\Users\Owner\.stmcufinder\plugins\mcufinder/ => C:\Users\Owner\.stmcufinder\plugins\mcufinder
2026-01-27 11:36:52,597 [WARN] DbFile:41 - Overriding database path with different value: C:\Users\Owner\.stmcufinder\plugins\mcufinder/ => C:\Users\Owner\.stmcufinder\plugins\mcufinder
2026-01-27 11:36:52,597 [INFO] CrossReferenceDbSqlite:203 - Set database path to: C:\Users\Owner\.stmcufinder\plugins\mcufinder//mcu/cs/
2026-01-27 11:36:52,610 [INFO] ApplicationProperties:184 - Using Application install path: C:\ST\STM32CubeIDE_1.18.0\STM32CubeIDE\plugins\com.st.stm32cube.common.mx_6.14.0.202502271554
2026-01-27 11:36:52,611 [INFO] PluginManage:196 - Search for loadable plugins [exclusion list=, ]
2026-01-27 11:36:52,611 [INFO] PluginManage:310 - Check plugin analytics
2026-01-27 11:36:52,734 [INFO] AnalyticsPlugin:253 - Accepted Software Licenses: 
2026-01-27 11:36:52,735 [INFO] AnalyticsPlugin:255 - Accepted CMSIS Pack Licenses: 
2026-01-27 11:36:52,735 [INFO] AnalyticsPlugin:257 - Accepted Firmware Licenses: FW.F4.1.28.0,FW.C0.1.4.0
2026-01-27 11:36:52,738 [INFO] PluginManage:359 - Loaded plugin analytics (category:tool,tabindex:-1)
2026-01-27 11:36:52,738 [INFO] PluginManage:310 - Check plugin cadmodel
2026-01-27 11:36:52,767 [INFO] CADModel:105 - Init CAD model plugin
2026-01-27 11:36:52,767 [INFO] PluginManage:359 - Loaded plugin cadmodel (category:power,tabindex:5)
2026-01-27 11:36:52,767 [INFO] PluginManage:310 - Check plugin clock
2026-01-27 11:36:52,782 [INFO] PluginManage:359 - Loaded plugin clock (category:base,tabindex:2)
2026-01-27 11:36:52,782 [INFO] PluginManage:310 - Check plugin ddr
2026-01-27 11:36:52,785 [INFO] PluginManage:359 - Loaded plugin ddr (category:tool,tabindex:6)
2026-01-27 11:36:52,785 [INFO] PluginManage:310 - Check plugin filemanager
2026-01-27 11:36:52,883 [INFO] PluginManage:359 - Loaded plugin filemanager (category:base,tabindex:10)
2026-01-27 11:36:52,883 [INFO] PluginManage:310 - Check plugin ipmanager
2026-01-27 11:36:52,889 [INFO] PluginManage:359 - Loaded plugin ipmanager (category:base,tabindex:5)
2026-01-27 11:36:52,889 [INFO] PluginManage:310 - Check plugin lpbam
2026-01-27 11:36:52,905 [INFO] PluginManage:359 - Loaded plugin lpbam (category:base,tabindex:0)
2026-01-27 11:36:52,905 [INFO] PluginManage:310 - Check plugin memorymap
2026-01-27 11:36:52,922 [INFO] PluginManage:359 - Loaded plugin memorymap (category:base,tabindex:4)
2026-01-27 11:36:52,922 [INFO] PluginManage:310 - Check plugin pinoutandconfiguration
2026-01-27 11:36:52,939 [INFO] PluginManage:359 - Loaded plugin pinoutandconfiguration (category:base,tabindex:1)
2026-01-27 11:36:52,939 [INFO] PluginManage:310 - Check plugin pinoutconfig
2026-01-27 11:36:52,998 [WARN] SupportedApi:132 - Cannot load RTOS API schema: s4s-elt-must-match.1: The content of 'definitions' must match (annotation?, (simpleType | complexType)?, (unique | key | keyref)*)). A problem was found starting at: attribute.
2026-01-27 11:36:53,080 [INFO] PluginManage:359 - Loaded plugin pinoutconfig (category:base,tabindex:0)
2026-01-27 11:36:53,081 [INFO] PluginManage:310 - Check plugin power
2026-01-27 11:36:53,103 [INFO] PluginManage:359 - Loaded plugin power (category:power,tabindex:4)
2026-01-27 11:36:53,103 [INFO] PluginManage:310 - Check plugin projectmanager
2026-01-27 11:36:53,112 [INFO] PluginManage:359 - Loaded plugin projectmanager (category:projectmanager,tabindex:4)
2026-01-27 11:36:53,112 [INFO] PluginManage:310 - Check plugin rif
2026-01-27 11:36:53,124 [INFO] PluginManage:359 - Loaded plugin rif (category:base,tabindex:3)
2026-01-27 11:36:53,124 [INFO] PluginManage:310 - Check plugin thirdparty
2026-01-27 11:36:53,262 [INFO] PluginManage:359 - Loaded plugin thirdparty (category:base,tabindex:-1)
2026-01-27 11:36:53,262 [WARN] IntegrityCheckThread:84 - waiting for thirdparty lock release [integrity check]
2026-01-27 11:36:53,262 [INFO] PluginManage:310 - Check plugin tools
2026-01-27 11:36:53,262 [INFO] IntegrityCheckThread:86 - entering critical section [integrity check]
2026-01-27 11:36:53,264 [INFO] ThirdPartyUpdaterWithRetryManager:70 - Updater plugin not ready yet. [1/15]
2026-01-27 11:36:53,268 [INFO] PluginManage:359 - Loaded plugin tools (category:base,tabindex:7)
2026-01-27 11:36:53,268 [INFO] PluginManage:310 - Check plugin tutovideos
2026-01-27 11:36:53,384 [INFO] PluginManage:359 - Loaded plugin tutovideos (category:base,tabindex:-1)
2026-01-27 11:36:53,384 [INFO] PluginManage:310 - Check plugin updater
2026-01-27 11:36:53,400 [INFO] PluginManage:359 - Loaded plugin updater (category:base,tabindex:12)
2026-01-27 11:36:53,400 [INFO] PluginManage:310 - Check plugin userauth
2026-01-27 11:36:53,404 [INFO] UserAuth:118 - Init User Auth plugin
2026-01-27 11:36:53,404 [INFO] PluginManage:359 - Loaded plugin userauth (category:base,tabindex:14)
2026-01-27 11:36:53,404 [INFO] PluginManage:283 - PluginManage : Loaded plugins [18]
2026-01-27 11:36:53,564 [INFO] PinOutPanel:1589 - setPackage(No Configuration,No Configuration)
2026-01-27 11:36:53,637 [INFO] CADModel:165 - CPN selected for project level
2026-01-27 11:36:53,637 [INFO] CADModel:114 - Register for checkConnection events
2026-01-27 11:36:53,656 [INFO] IPUIPlugin:80 - create IPUIPlugin
2026-01-27 11:36:53,657 [INFO] PluginManager:220 - loadIPPluginJar : add adc
2026-01-27 11:36:53,669 [INFO] IPUIPlugin:80 - create IPUIPlugin
2026-01-27 11:36:53,669 [INFO] PluginManager:220 - loadIPPluginJar : add aes
2026-01-27 11:36:53,678 [INFO] IPUIPlugin:80 - create IPUIPlugin
2026-01-27 11:36:53,678 [INFO] PluginManager:220 - loadIPPluginJar : add can
2026-01-27 11:36:53,682 [INFO] IPUIPlugin:80 - create IPUIPlugin
2026-01-27 11:36:53,682 [INFO] PluginManager:220 - loadIPPluginJar : add comp
2026-01-27 11:36:53,688 [INFO] IPUIPlugin:80 - create IPUIPlugin
2026-01-27 11:36:53,689 [INFO] PluginManager:220 - loadIPPluginJar : add cryp
2026-01-27 11:36:53,701 [INFO] IPUIPlugin:80 - create IPUIPlugin
2026-01-27 11:36:53,701 [INFO] PluginManager:220 - loadIPPluginJar : add ddr_ctrl_phy
2026-01-27 11:36:53,706 [INFO] IPUIPlugin:80 - create IPUIPlugin
2026-01-27 11:36:53,706 [INFO] PluginManager:220 - loadIPPluginJar : add dfsdm
2026-01-27 11:36:53,716 [INFO] IPUIPlugin:80 - create IPUIPlugin
2026-01-27 11:36:53,716 [INFO] PluginManager:220 - loadIPPluginJar : add dma
2026-01-27 11:36:53,723 [INFO] IPUIPlugin:80 - create IPUIPlugin
2026-01-27 11:36:53,723 [INFO] PluginManager:220 - loadIPPluginJar : add dma3
2026-01-27 11:36:53,730 [INFO] IPUIPlugin:80 - create IPUIPlugin
2026-01-27 11:36:53,730 [INFO] PluginManager:220 - loadIPPluginJar : add extmemmanager
2026-01-27 11:36:53,733 [INFO] IPUIPlugin:80 - create IPUIPlugin
2026-01-27 11:36:53,733 [INFO] PluginManager:220 - loadIPPluginJar : add fatfs
2026-01-27 11:36:53,743 [INFO] IPUIPlugin:80 - create IPUIPlugin
2026-01-27 11:36:53,743 [INFO] PluginManager:220 - loadIPPluginJar : add fmc
2026-01-27 11:36:53,755 [INFO] IPUIPlugin:80 - create IPUIPlugin
2026-01-27 11:36:53,755 [INFO] PluginManager:220 - loadIPPluginJar : add freertos
2026-01-27 11:36:53,758 [INFO] IPUIPlugin:80 - create IPUIPlugin
2026-01-27 11:36:53,758 [INFO] PluginManager:220 - loadIPPluginJar : add genericplugin
2026-01-27 11:36:53,764 [INFO] IPUIPlugin:80 - create IPUIPlugin
2026-01-27 11:36:53,765 [INFO] PluginManager:220 - loadIPPluginJar : add gfxmmu
2026-01-27 11:36:53,775 [INFO] IPUIPlugin:80 - create IPUIPlugin
2026-01-27 11:36:53,775 [INFO] PluginManager:220 - loadIPPluginJar : add gic
2026-01-27 11:36:53,787 [INFO] IPUIPlugin:80 - create IPUIPlugin
2026-01-27 11:36:53,787 [INFO] PluginManager:220 - loadIPPluginJar : add gpio
2026-01-27 11:36:53,795 [INFO] IPUIPlugin:80 - create IPUIPlugin
2026-01-27 11:36:53,795 [INFO] PluginManager:220 - loadIPPluginJar : add gtzc
2026-01-27 11:36:53,799 [INFO] IPUIPlugin:80 - create IPUIPlugin
2026-01-27 11:36:53,799 [INFO] PluginManager:220 - loadIPPluginJar : add hash
2026-01-27 11:36:53,804 [INFO] IPUIPlugin:80 - create IPUIPlugin
2026-01-27 11:36:53,804 [INFO] PluginManager:220 - loadIPPluginJar : add i2c
2026-01-27 11:36:53,810 [INFO] IPUIPlugin:80 - create IPUIPlugin
2026-01-27 11:36:53,810 [INFO] PluginManager:220 - loadIPPluginJar : add i2s
2026-01-27 11:36:53,815 [INFO] IPUIPlugin:80 - create IPUIPlugin
2026-01-27 11:36:53,815 [INFO] PluginManager:220 - loadIPPluginJar : add i3c
2026-01-27 11:36:53,822 [INFO] IPUIPlugin:80 - create IPUIPlugin
2026-01-27 11:36:53,822 [INFO] PluginManager:220 - loadIPPluginJar : add ipddr
2026-01-27 11:36:53,831 [INFO] IPUIPlugin:80 - create IPUIPlugin
2026-01-27 11:36:53,831 [INFO] PluginManager:220 - loadIPPluginJar : add linkedlist
2026-01-27 11:36:53,847 [INFO] IPUIPlugin:80 - create IPUIPlugin
2026-01-27 11:36:53,847 [INFO] PluginManager:220 - loadIPPluginJar : add lorawan
2026-01-27 11:36:53,853 [INFO] IPUIPlugin:80 - create IPUIPlugin
2026-01-27 11:36:53,853 [INFO] PluginManager:220 - loadIPPluginJar : add ltdc
2026-01-27 11:36:53,862 [INFO] IPUIPlugin:80 - create IPUIPlugin
2026-01-27 11:36:53,862 [INFO] PluginManager:220 - loadIPPluginJar : add mdma
2026-01-27 11:36:53,869 [INFO] IPUIPlugin:80 - create IPUIPlugin
2026-01-27 11:36:53,869 [INFO] PluginManager:220 - loadIPPluginJar : add nvic
2026-01-27 11:36:53,874 [INFO] IPUIPlugin:80 - create IPUIPlugin
2026-01-27 11:36:53,874 [INFO] PluginManager:220 - loadIPPluginJar : add opamp
2026-01-27 11:36:53,879 [INFO] IPUIPlugin:80 - create IPUIPlugin
2026-01-27 11:36:53,880 [INFO] PluginManager:220 - loadIPPluginJar : add openamp
2026-01-27 11:36:53,885 [INFO] IPUIPlugin:80 - create IPUIPlugin
2026-01-27 11:36:53,885 [INFO] PluginManager:220 - loadIPPluginJar : add pdm2pcm
2026-01-27 11:36:53,893 [INFO] IPUIPlugin:80 - create IPUIPlugin
2026-01-27 11:36:53,894 [INFO] PluginManager:220 - loadIPPluginJar : add plateformsettings
2026-01-27 11:36:53,897 [INFO] IPUIPlugin:80 - create IPUIPlugin
2026-01-27 11:36:53,897 [INFO] PluginManager:220 - loadIPPluginJar : add quadspi
2026-01-27 11:36:53,901 [INFO] IPUIPlugin:80 - create IPUIPlugin
2026-01-27 11:36:53,901 [INFO] PluginManager:220 - loadIPPluginJar : add radio
2026-01-27 11:36:53,914 [INFO] IPUIPlugin:80 - create IPUIPlugin
2026-01-27 11:36:53,914 [INFO] PluginManager:220 - loadIPPluginJar : add resmgrutility
2026-01-27 11:36:53,921 [INFO] IPUIPlugin:80 - create IPUIPlugin
2026-01-27 11:36:53,921 [INFO] PluginManager:220 - loadIPPluginJar : add sai
2026-01-27 11:36:53,930 [INFO] IPUIPlugin:80 - create IPUIPlugin
2026-01-27 11:36:53,930 [INFO] PluginManager:220 - loadIPPluginJar : add spi
2026-01-27 11:36:53,940 [INFO] IPUIPlugin:80 - create IPUIPlugin
2026-01-27 11:36:53,940 [INFO] PluginManager:220 - loadIPPluginJar : add stm32_wpan
2026-01-27 11:36:53,945 [INFO] IPUIPlugin:80 - create IPUIPlugin
2026-01-27 11:36:53,945 [INFO] PluginManager:220 - loadIPPluginJar : add tim
2026-01-27 11:36:53,956 [INFO] IPUIPlugin:80 - create IPUIPlugin
2026-01-27 11:36:53,956 [INFO] PluginManager:220 - loadIPPluginJar : add touchsensing
2026-01-27 11:36:53,959 [INFO] IPUIPlugin:80 - create IPUIPlugin
2026-01-27 11:36:53,959 [INFO] PluginManager:220 - loadIPPluginJar : add tracer_emb
2026-01-27 11:36:53,962 [INFO] IPUIPlugin:80 - create IPUIPlugin
2026-01-27 11:36:53,962 [INFO] PluginManager:220 - loadIPPluginJar : add ts
2026-01-27 11:36:53,965 [INFO] IPUIPlugin:80 - create IPUIPlugin
2026-01-27 11:36:53,965 [INFO] PluginManager:220 - loadIPPluginJar : add tsc
2026-01-27 11:36:53,974 [INFO] IPUIPlugin:80 - create IPUIPlugin
2026-01-27 11:36:53,975 [INFO] PluginManager:220 - loadIPPluginJar : add ucpd
2026-01-27 11:36:53,981 [INFO] IPUIPlugin:80 - create IPUIPlugin
2026-01-27 11:36:53,981 [INFO] PluginManager:220 - loadIPPluginJar : add usart
2026-01-27 11:36:53,987 [INFO] IPUIPlugin:80 - create IPUIPlugin
2026-01-27 11:36:53,987 [INFO] PluginManager:220 - loadIPPluginJar : add usbx
2026-01-27 11:36:54,100 [FATAL] Updater:351 - Updater called before beeing initialized
2026-01-27 11:36:54,118 [INFO] RulesReader:64 - Compatibility file has been processed (301 Rules)
2026-01-27 11:36:54,131 [INFO] RulesReader:64 - Compatibility file has been processed (301 Rules)
2026-01-27 11:36:54,138 [INFO] CADModel:165 - CPN selected for project level
2026-01-27 11:36:54,138 [INFO] CADModel:114 - Register for checkConnection events
2026-01-27 11:36:54,138 [FATAL] Updater:351 - Updater called before beeing initialized
2026-01-27 11:36:54,138 [ERROR] CADModel:125 - Updater not yet initialized, retry later 
2026-01-27 11:36:54,224 [FATAL] Updater:351 - Updater called before beeing initialized
2026-01-27 11:36:54,225 [INFO] CADModel:165 - CPN selected for project level
2026-01-27 11:36:54,225 [INFO] CADModel:114 - Register for checkConnection events
2026-01-27 11:36:54,226 [FATAL] Updater:351 - Updater called before beeing initialized
2026-01-27 11:36:54,226 [ERROR] CADModel:125 - Updater not yet initialized, retry later 
2026-01-27 11:36:54,227 [FATAL] Updater:351 - Updater called before beeing initialized
2026-01-27 11:36:54,320 [FATAL] Updater:351 - Updater called before beeing initialized
2026-01-27 11:36:54,323 [INFO] DbMcusAds:53 - JSON generation date=Tue Dec 16 08:11:46 KST 2025 (1765840306612)
2026-01-27 11:36:54,323 [FATAL] Updater:351 - Updater called before beeing initialized
2026-01-27 11:36:54,351 [WARN] DetailPanel:346 - Failed to get advertising image, set to default
2026-01-27 11:36:54,531 [FATAL] Updater:351 - Updater called before beeing initialized
2026-01-27 11:36:54,533 [FATAL] Updater:351 - Updater called before beeing initialized
2026-01-27 11:36:54,533 [FATAL] Updater:351 - Updater called before beeing initialized
2026-01-27 11:36:54,533 [WARN] DetailPanel:346 - Failed to get advertising image, set to default
2026-01-27 11:36:54,534 [FATAL] Updater:351 - Updater called before beeing initialized
2026-01-27 11:36:54,566 [ERROR] Updater:1198 - MainUpdater not yet initialized. External WinMGr cannot be set.
2026-01-27 11:36:54,568 [INFO] Updater:1134 - Updater Version found : 6.14.0
2026-01-27 11:36:54,581 [INFO] ApplicationProperties:184 - Using Application install path: C:\ST\STM32CubeIDE_1.18.0\STM32CubeIDE\plugins\com.st.stm32cube.common.mx_6.14.0.202502271554
2026-01-27 11:36:56,145 [ERROR] LogOutputStream:75 - [STDERR_REDIRECT] Jan 27, 2026 11:36:56 AM java.util.prefs.WindowsPreferences <init>
2026-01-27 11:36:56,146 [ERROR] LogOutputStream:75 - [STDERR_REDIRECT] WARNING: Could not open/create prefs root node Software\JavaSoft\Prefs at root 0xffffffff80000002. Windows RegCreateKeyEx(...) returned error code 5.
2026-01-27 11:36:56,147 [ERROR] LogOutputStream:75 - [STDERR_REDIRECT] 
2026-01-27 11:36:56,264 [INFO] ThirdPartyUpdaterWithRetryManager:70 - Updater plugin not ready yet. [2/15]
2026-01-27 11:36:56,512 [INFO] MainUpdater:2872 - connection check result : 10
2026-01-27 11:36:56,512 [INFO] MainUpdater:3566 - Updater definition file requires update
2026-01-27 11:36:56,513 [INFO] MainUpdater:289 - Updater Check For Update Now.
2026-01-27 11:36:56,513 [INFO] MicroXplorer:498 - Change Database Version : DB.6.0.140
2026-01-27 11:36:56,517 [INFO] McuFinderGlobals:63 - Set McuFinder mode to 2 (CubeIDE integrated)
2026-01-27 11:36:56,519 [INFO] UserAuth:486 - Internet connection configuration mode: 1
2026-01-27 11:36:56,533 [INFO] JxBrowserEngine:152 - Initiate JxBrowser Engine with user profile folder
2026-01-27 11:36:56,557 [INFO] ServerAccessManage:473 - Download File updaters.zip
2026-01-27 11:36:56,781 [INFO] FileExtend:242 - Unzip File : updaters.zip
2026-01-27 11:36:56,781 [INFO] FileExtend:257 - Standard Zip Deflate
2026-01-27 11:36:57,333 [INFO] WebApp:169 - Instantiating new browser for Auth
2026-01-27 11:36:58,060 [INFO] WebApp:463 - Apply proxy settings
2026-01-27 11:36:58,060 [INFO] WebApp:548 - Chromium requires no authentication
2026-01-27 11:36:58,070 [INFO] WebApp:491 - Direct internet connection detected
2026-01-27 11:36:58,095 [INFO] WebApp:894 - Register for checkConnection events
2026-01-27 11:36:58,095 [INFO] WebApp:463 - Apply proxy settings
2026-01-27 11:36:58,095 [INFO] WebApp:548 - Chromium requires no authentication
2026-01-27 11:36:58,096 [INFO] WebApp:491 - Direct internet connection detected
2026-01-27 11:36:58,227 [INFO] WebApp:225 - Starting web application
2026-01-27 11:36:58,227 [INFO] WebApp:593 - Web application path used C:\ST\STM32CubeIDE_1.18.0\STM32CubeIDE\plugins\com.st.stm32cube.common.mx_6.14.0.202502271554\db\plugins\mcufinder\reactClient1\index.html
2026-01-27 11:36:58,367 [INFO] WebApp:191 - Connection restablished
2026-01-27 11:36:58,497 [INFO] UserAuth:486 - Internet connection configuration mode: 1
2026-01-27 11:36:58,521 [INFO] ServerAccessManage:473 - Download File PacksControlFlags.xml
2026-01-27 11:36:58,599 [INFO] ServerAccessManage:473 - Download File cubemx.pidx
2026-01-27 11:36:58,669 [INFO] LoadServerUpdatesThread:375 - End of LoadServerUpdate Thread
2026-01-27 11:36:58,815 [INFO] CheckServerUpdateThread:120 - End of CheckServer Thread
2026-01-27 11:36:58,880 [ERROR] LogOutputStream:75 - [STDERR_REDIRECT] Jan 27, 2026 11:36:58 AM org.glassfish.grizzly.http.server.NetworkListener start
2026-01-27 11:36:58,881 [ERROR] LogOutputStream:75 - [STDERR_REDIRECT] INFO: Started listener bound to [localhost:16721]
2026-01-27 11:36:58,881 [ERROR] LogOutputStream:75 - [STDERR_REDIRECT] 
2026-01-27 11:36:58,882 [ERROR] LogOutputStream:75 - [STDERR_REDIRECT] Jan 27, 2026 11:36:58 AM org.glassfish.grizzly.http.server.HttpServer start
2026-01-27 11:36:58,882 [ERROR] LogOutputStream:75 - [STDERR_REDIRECT] INFO: [HttpServer] Started.
2026-01-27 11:36:58,883 [ERROR] LogOutputStream:75 - [STDERR_REDIRECT] 
2026-01-27 11:36:59,527 [WARN] PackLoader:240 - Cannot read IP mode file for STMicroelectronics.FP-SNS-MOTENVWB1.1.4.0
2026-01-27 11:36:59,536 [WARN] PackLoader:240 - Cannot read IP mode file for STMicroelectronics.X-CUBE-SMBUS.2.1.0
2026-01-27 11:36:59,547 [WARN] PackLoader:240 - Cannot read IP mode file for STMicroelectronics.X-CUBE-WB05N.1.1.0
2026-01-27 11:36:59,552 [WARN] PackLoader:240 - Cannot read IP mode file for STMicroelectronics.X-CUBE-ST60.1.0.0
2026-01-27 11:36:59,571 [WARN] PackLoader:240 - Cannot read IP mode file for STMicroelectronics.X-CUBE-AZRTOS-F7.1.1.0
2026-01-27 11:36:59,578 [ERROR] Engine:466 - C:\Users\Owner\.stm32cubemx\thirdparties\pdsc\STMicroelectronics.FP-SNS-MOTENV1.5.1.0.pdsc: PDSC version is not supported
2026-01-27 11:36:59,595 [WARN] PackLoader:240 - Cannot read IP mode file for Infineon.AIROC-Wi-Fi-Bluetooth-STM32.1.7.0
2026-01-27 11:36:59,618 [WARN] PackLoader:240 - Cannot read IP mode file for STMicroelectronics.X-CUBE-AZRTOS-H7.3.4.0
2026-01-27 11:36:59,627 [WARN] PackLoader:240 - Cannot read IP mode file for STMicroelectronics.X-CUBE-DISPLAY.3.0.0
2026-01-27 11:36:59,641 [WARN] PackLoader:240 - Cannot read IP mode file for STMicroelectronics.X-CUBE-NFC10.1.0.0
2026-01-27 11:36:59,647 [WARN] PackLoader:240 - Cannot read IP mode file for STMicroelectronics.X-CUBE-BLEMGR.4.0.0
2026-01-27 11:36:59,654 [WARN] PackLoader:240 - Cannot read IP mode file for STMicroelectronics.X-CUBE-ST60.1.1.0
2026-01-27 11:36:59,661 [WARN] PackLoader:240 - Cannot read IP mode file for emotas.I-CUBE-CANOPEN.1.3.0
2026-01-27 11:36:59,670 [WARN] PackLoader:240 - Cannot read IP mode file for STMicroelectronics.X-CUBE-GNSS1.7.1.0
2026-01-27 11:36:59,675 [WARN] ConditionMgr:438 - getConditionDescription Invalid condition id : Cortex-A Device cause : null
2026-01-27 11:36:59,687 [WARN] ConditionMgr:1044 - genDependencies : Invalid condition id : Cortex-A Device cause : null
2026-01-27 11:36:59,687 [WARN] ConditionMgr:1044 - genDependencies : Invalid condition id : Cortex-A Device cause : null
2026-01-27 11:36:59,687 [WARN] ConditionMgr:1044 - genDependencies : Invalid condition id : Cortex-A Device cause : null
2026-01-27 11:36:59,694 [WARN] PackLoader:240 - Cannot read IP mode file for STMicroelectronics.X-CUBE-AI.10.0.0
2026-01-27 11:36:59,698 [ERROR] Engine:466 - C:\Users\Owner\.stm32cubemx\thirdparties\pdsc\STMicroelectronics.FP-SNS-STBOX1.2.1.0.pdsc: PDSC version is not supported
2026-01-27 11:36:59,703 [WARN] PackLoader:240 - Cannot read IP mode file for STMicroelectronics.FP-SNS-SMARTAG2.1.2.0
2026-01-27 11:36:59,777 [WARN] PackLoader:240 - Cannot read IP mode file for STMicroelectronics.X-CUBE-MEMS1.11.1.0
2026-01-27 11:36:59,824 [INFO] LogOutputStream:77 - [STDOUT_REDIRECT] 1 : Invalid condition id : UX_CORESTACK_Condition cause : null
2026-01-27 11:36:59,824 [INFO] LogOutputStream:77 - [STDOUT_REDIRECT] 1 : Invalid condition id : UX_CORESTACK_Condition cause : null
2026-01-27 11:36:59,826 [INFO] LogOutputStream:77 - [STDOUT_REDIRECT] 1 : Invalid condition id : UX_CORESTACK_Condition cause : null
2026-01-27 11:36:59,826 [INFO] LogOutputStream:77 - [STDOUT_REDIRECT] 1 : Invalid condition id : UX_CORESTACK_Condition cause : null
2026-01-27 11:36:59,827 [INFO] LogOutputStream:77 - [STDOUT_REDIRECT] 1 : Invalid condition id : UX_CORESTACK_Condition cause : null
2026-01-27 11:36:59,828 [WARN] PackLoader:240 - Cannot read IP mode file for STMicroelectronics.X-CUBE-AZRTOS-WL.2.0.0
2026-01-27 11:36:59,841 [WARN] PackLoader:240 - Cannot read IP mode file for STMicroelectronics.FP-SNS-MOTENV1.5.0.0
2026-01-27 11:36:59,863 [WARN] PackLoader:240 - Cannot read IP mode file for STMicroelectronics.X-CUBE-AZRTOS-H7RS.1.2.0
2026-01-27 11:36:59,875 [WARN] PackLoader:240 - Cannot read IP mode file for WES.I-CUBE-Cesium.1.3.0
2026-01-27 11:36:59,886 [WARN] PackLoader:240 - Cannot read IP mode file for STMicroelectronics.X-CUBE-BLE2.3.3.0
2026-01-27 11:36:59,909 [WARN] PackLoader:240 - Cannot read IP mode file for STMicroelectronics.X-CUBE-NFC9.1.0.0
2026-01-27 11:36:59,913 [ERROR] Engine:466 - C:\Users\Owner\.stm32cubemx\thirdparties\pdsc\STMicroelectronics.X-CUBE-FREERTOS.1.4.0.pdsc: PDSC version is not supported
2026-01-27 11:36:59,924 [WARN] PackLoader:240 - Cannot read IP mode file for STMicroelectronics.X-CUBE-EEPRMA1.5.2.0
2026-01-27 11:36:59,928 [ERROR] Engine:466 - C:\Users\Owner\.stm32cubemx\thirdparties\pdsc\STMicroelectronics.X-CUBE-ST67W61.1.1.0.pdsc: PDSC version is not supported
2026-01-27 11:36:59,934 [WARN] PackLoader:240 - Cannot read IP mode file for STMicroelectronics.X-CUBE-AI.10.1.0
2026-01-27 11:37:00,004 [WARN] PackLoader:240 - Cannot read IP mode file for STMicroelectronics.X-CUBE-MEMS1.12.0.0
2026-01-27 11:37:00,036 [WARN] PackLoader:240 - Cannot read IP mode file for STMicroelectronics.X-CUBE-AZRTOS-G0.1.1.0
2026-01-27 11:37:00,048 [WARN] PackLoader:240 - Cannot read IP mode file for STMicroelectronics.X-CUBE-SAFEA1.1.2.2
2026-01-27 11:37:00,058 [WARN] PackLoader:240 - Cannot read IP mode file for STMicroelectronics.X-CUBE-NFC4.3.0.0
2026-01-27 11:37:00,064 [WARN] PackLoader:240 - Cannot read IP mode file for EmbeddedOffice.I-CUBE-FS-RTOS.1.0.1
2026-01-27 11:37:00,072 [WARN] PackLoader:240 - Cannot read IP mode file for STMicroelectronics.X-CUBE-WB05N.2.0.0
2026-01-27 11:37:00,078 [WARN] PackLoader:240 - Cannot read IP mode file for wolfSSL.I-CUBE-wolfTPM.3.8.0
2026-01-27 11:37:00,083 [WARN] PackLoader:240 - Cannot read IP mode file for STMicroelectronics.X-CUBE-TCPP.4.2.0
2026-01-27 11:37:00,090 [WARN] PackLoader:240 - Cannot read IP mode file for RealThread.X-CUBE-RT-Thread_Nano.4.1.1
2026-01-27 11:37:00,093 [WARN] PackLoader:240 - Cannot read IP mode file for STMicroelectronics.FP-ATR-SIGFOX1.3.2.0
2026-01-27 11:37:00,104 [WARN] PackLoader:240 - Cannot read IP mode file for STMicroelectronics.X-CUBE-EEPRMA1.5.1.0
2026-01-27 11:37:00,111 [WARN] PackLoader:240 - Cannot read IP mode file for ITTIA_DB.I-CUBE-ITTIADB.8.9.0
2026-01-27 11:37:00,125 [WARN] PackLoader:240 - Cannot read IP mode file for STMicroelectronics.X-CUBE-NFC6.3.2.0
2026-01-27 11:37:00,132 [WARN] PackLoader:240 - Cannot read IP mode file for STMicroelectronics.X-CUBE-ST67W61.1.0.0
2026-01-27 11:37:00,137 [WARN] PackLoader:240 - Cannot read IP mode file for STMicroelectronics.X-CUBE-AI.10.2.0
2026-01-27 11:37:00,151 [WARN] PackLoader:240 - Cannot read IP mode file for SEGGER.I-CUBE-embOS.1.3.1
2026-01-27 11:37:00,174 [WARN] PackLoader:240 - Cannot read IP mode file for STMicroelectronics.X-CUBE-ALGOBUILD.1.4.0
2026-01-27 11:37:00,250 [WARN] PackLoader:240 - Cannot read IP mode file for STMicroelectronics.X-CUBE-MEMS1.11.3.0
2026-01-27 11:37:00,290 [WARN] PackLoader:240 - Cannot read IP mode file for STMicroelectronics.X-CUBE-PM33A1.1.0.0
2026-01-27 11:37:00,302 [WARN] PackLoader:240 - Cannot read IP mode file for STMicroelectronics.X-CUBE-AZRTOS-F4.1.1.0
2026-01-27 11:37:00,308 [WARN] PackLoader:240 - Cannot read IP mode file for Avnet-IotConnect.X-CUBE-IoTC-DA16k-PMOD.1.0.0
2026-01-27 11:37:00,316 [WARN] PackLoader:240 - Cannot read IP mode file for STMicroelectronics.X-CUBE-ISPU.2.1.0
2026-01-27 11:37:00,321 [ERROR] Engine:466 - C:\Users\Owner\.stm32cubemx\thirdparties\pdsc\STMicroelectronics.X-CUBE-IPS.3.2.0.pdsc: PDSC version is not supported
2026-01-27 11:37:00,333 [WARN] PackLoader:240 - Cannot read IP mode file for STMicroelectronics.X-CUBE-NFC12.1.0.0
2026-01-27 11:37:00,345 [WARN] PackLoader:240 - Cannot read IP mode file for STMicroelectronics.X-CUBE-AZRTOS-L5.2.0.0
2026-01-27 11:37:00,359 [WARN] PackLoader:240 - Cannot read IP mode file for STMicroelectronics.X-CUBE-NFC6.3.1.0
2026-01-27 11:37:00,365 [WARN] PackLoader:240 - Cannot read IP mode file for STMicroelectronics.X-CUBE-FREERTOS.1.3.1
2026-01-27 11:37:00,370 [WARN] PackLoader:240 - Cannot read IP mode file for STMicroelectronics.X-CUBE-FREERTOS.1.3.0
2026-01-27 11:37:00,379 [WARN] PackLoader:240 - Cannot read IP mode file for STMicroelectronics.X-CUBE-NFC7.1.0.1
2026-01-27 11:37:00,385 [WARN] PackLoader:240 - Cannot read IP mode file for STMicroelectronics.X-CUBE-TOUCHGFX.4.26.0
2026-01-27 11:37:00,391 [WARN] PackLoader:240 - Cannot read IP mode file for STMicroelectronics.FP-SNS-STAIOTCFT.1.0.0
2026-01-27 11:37:00,404 [WARN] ConditionMgr:438 - getConditionDescription Invalid condition id : LAN8742 Phy interface Condition cause : null
2026-01-27 11:37:00,404 [WARN] PackLoader:240 - Cannot read IP mode file for STMicroelectronics.X-CUBE-AZRTOS-L4.2.0.0
2026-01-27 11:37:00,405 [WARN] ConditionMgr:1044 - genDependencies : Invalid condition id : LAN8742 Phy interface Condition cause : null
2026-01-27 11:37:00,405 [WARN] ConditionMgr:1044 - genDependencies : Invalid condition id : LAN8742 Phy interface Condition cause : null
2026-01-27 11:37:00,405 [WARN] ConditionMgr:1044 - genDependencies : Invalid condition id : LAN8742 Phy interface Condition cause : null
2026-01-27 11:37:00,416 [WARN] PackLoader:240 - Cannot read IP mode file for STMicroelectronics.X-CUBE-SFXS2LP1.4.0.0
2026-01-27 11:37:00,420 [ERROR] Engine:466 - C:\Users\Owner\.stm32cubemx\thirdparties\pdsc\STMicroelectronics.X-CUBE-ST67W61.1.2.0.pdsc: PDSC version is not supported
2026-01-27 11:37:00,432 [WARN] PackLoader:240 - Cannot read IP mode file for STMicroelectronics.X-CUBE-AZRTOS-H7.3.3.0
2026-01-27 11:37:00,439 [WARN] PackLoader:240 - Cannot read IP mode file for STMicroelectronics.X-CUBE-BLEMGR.4.1.0
2026-01-27 11:37:00,450 [WARN] ConditionMgr:438 - getConditionDescription Invalid condition id : UX DEVICE CLASS RTOS Condition cause : null
2026-01-27 11:37:00,450 [WARN] ConditionMgr:438 - getConditionDescription Invalid condition id : UX DEVICE CLASS RTOS Condition cause : null
2026-01-27 11:37:00,451 [WARN] PackLoader:240 - Cannot read IP mode file for STMicroelectronics.X-CUBE-AZRTOS-WB.2.0.0
2026-01-27 11:37:00,452 [WARN] ConditionMgr:1044 - genDependencies : Invalid condition id : UX DEVICE CLASS RTOS Condition cause : null
2026-01-27 11:37:00,452 [WARN] ConditionMgr:1044 - genDependencies : Invalid condition id : UX DEVICE CLASS RTOS Condition cause : null
2026-01-27 11:37:00,452 [WARN] ConditionMgr:1044 - genDependencies : Invalid condition id : UX DEVICE CLASS RTOS Condition cause : null
2026-01-27 11:37:00,452 [WARN] ConditionMgr:1044 - genDependencies : Invalid condition id : UX DEVICE CLASS RTOS Condition cause : null
2026-01-27 11:37:00,452 [WARN] ConditionMgr:1044 - genDependencies : Invalid condition id : UX DEVICE CLASS RTOS Condition cause : null
2026-01-27 11:37:00,460 [WARN] PackLoader:240 - Cannot read IP mode file for STMicroelectronics.X-CUBE-GNSS1.7.0.1
2026-01-27 11:37:00,464 [WARN] PackLoader:240 - Cannot read IP mode file for STMicroelectronics.X-CUBE-TOUCHGFX.4.25.0
2026-01-27 11:37:00,470 [WARN] PackLoader:240 - Cannot read IP mode file for STMicroelectronics.FP-SNS-STBOX1.2.0.0
2026-01-27 11:37:00,489 [WARN] PackLoader:240 - Cannot read IP mode file for STMicroelectronics.X-CUBE-STSE01.2.0.0
2026-01-27 11:37:00,497 [WARN] PackLoader:240 - Cannot read IP mode file for STMicroelectronics.X-CUBE-SUBG2.5.0.0
2026-01-27 11:37:00,510 [WARN] PackLoader:240 - Cannot read IP mode file for STMicroelectronics.X-CUBE-AZRTOS-H7RS.1.1.0
2026-01-27 11:37:00,516 [WARN] PackLoader:240 - Cannot read IP mode file for Cesanta.I-CUBE-Mongoose.7.13.0
2026-01-27 11:37:00,526 [WARN] PackLoader:240 - Cannot read IP mode file for STMicroelectronics.X-CUBE-AZRTOS-G4.2.0.0
2026-01-27 11:37:00,532 [WARN] PackLoader:240 - Cannot read IP mode file for wolfSSL.I-CUBE-wolfSSH.1.4.20
2026-01-27 11:37:00,540 [WARN] PackLoader:240 - Cannot read IP mode file for STMicroelectronics.X-CUBE-NFC7.2.0.0
2026-01-27 11:37:00,548 [WARN] PackLoader:240 - Cannot read IP mode file for STMicroelectronics.X-CUBE-IPS.3.1.0
2026-01-27 11:37:00,555 [WARN] PackLoader:240 - Cannot read IP mode file for STMicroelectronics.X-CUBE-ALS.1.0.2
2026-01-27 11:37:00,568 [WARN] PackLoader:240 - Cannot read IP mode file for STMicroelectronics.X-CUBE-STSE01.1.0.0
2026-01-27 11:37:00,575 [WARN] PackLoader:240 - Cannot read IP mode file for portGmbH.I-Cube-SoM-uGOAL.1.1.0
2026-01-27 11:37:00,582 [WARN] PackLoader:240 - Cannot read IP mode file for STMicroelectronics.X-CUBE-TOF1.3.4.2
2026-01-27 11:37:00,592 [WARN] PackLoader:240 - Cannot read IP mode file for STMicroelectronics.X-CUBE-TOF1.3.4.3
2026-01-27 11:37:00,596 [INFO] ThirdParty:978 - Integrity check success = true
2026-01-27 11:37:00,596 [INFO] IntegrityCheckThread:100 - exiting critical section [integrity check]
2026-01-27 11:37:00,596 [INFO] IntegrityCheckThread:103 - End integrity checks thread
2026-01-27 14:14:49,296 [ERROR] LogOutputStream:75 - [STDERR_REDIRECT] 
