2026-03-26 13:23:17,555 [ERROR] LogOutputStream:75 - [STDERR_REDIRECT] Exception in thread "AWT-EventQueue-0" java.lang.ClassCastException: class sun.awt.windows.WEmbeddedFrame cannot be cast to class javax.swing.JFrame (sun.awt.windows.WEmbeddedFrame and javax.swing.JFrame are in module java.desktop of loader 'bootstrap')
2026-03-26 13:23:17,566 [ERROR] LogOutputStream:75 - [STDERR_REDIRECT] 	at com.st.microxplorer.plugins.clock.ClockConfigurationView.activatePlugin(ClockConfigurationView.java:425)
2026-03-26 13:23:17,568 [ERROR] LogOutputStream:75 - [STDERR_REDIRECT] 	at com.st.microxplorer.maingui.MainPanel$1.stateChanged(MainPanel.java:382)
2026-03-26 13:23:17,569 [ERROR] LogOutputStream:75 - [STDERR_REDIRECT] 	at java.desktop/javax.swing.JTabbedPane.fireStateChanged(JTabbedPane.java:446)
2026-03-26 13:23:17,569 [ERROR] LogOutputStream:75 - [STDERR_REDIRECT] 	at java.desktop/javax.swing.JTabbedPane$ModelListener.stateChanged(JTabbedPane.java:297)
2026-03-26 13:23:17,570 [ERROR] LogOutputStream:75 - [STDERR_REDIRECT] 	at java.desktop/javax.swing.DefaultSingleSelectionModel.fireStateChanged(DefaultSingleSelectionModel.java:148)
2026-03-26 13:23:17,570 [ERROR] LogOutputStream:75 - [STDERR_REDIRECT] 	at java.desktop/javax.swing.DefaultSingleSelectionModel.setSelectedIndex(DefaultSingleSelectionModel.java:79)
2026-03-26 13:23:17,572 [ERROR] LogOutputStream:75 - [STDERR_REDIRECT] 	at java.desktop/javax.swing.JTabbedPane.setSelectedIndexImpl(JTabbedPane.java:650)
2026-03-26 13:23:17,572 [ERROR] LogOutputStream:75 - [STDERR_REDIRECT] 	at java.desktop/javax.swing.JTabbedPane.setSelectedIndex(JTabbedPane.java:625)
2026-03-26 13:23:17,572 [ERROR] LogOutputStream:75 - [STDERR_REDIRECT] 	at java.desktop/javax.swing.plaf.basic.BasicTabbedPaneUI$Handler.mousePressed(BasicTabbedPaneUI.java:4140)
2026-03-26 13:23:17,573 [ERROR] LogOutputStream:75 - [STDERR_REDIRECT] 	at java.desktop/java.awt.Component.processMouseEvent(Component.java:6618)
2026-03-26 13:23:17,573 [ERROR] LogOutputStream:75 - [STDERR_REDIRECT] 	at java.desktop/javax.swing.JComponent.processMouseEvent(JComponent.java:3398)
2026-03-26 13:23:17,573 [ERROR] LogOutputStream:75 - [STDERR_REDIRECT] 	at java.desktop/java.awt.Component.processEvent(Component.java:6386)
2026-03-26 13:23:17,574 [ERROR] LogOutputStream:75 - [STDERR_REDIRECT] 	at java.desktop/java.awt.Container.processEvent(Container.java:2266)
2026-03-26 13:23:17,574 [ERROR] LogOutputStream:75 - [STDERR_REDIRECT] 	at java.desktop/java.awt.Component.dispatchEventImpl(Component.java:4996)
2026-03-26 13:23:17,574 [ERROR] LogOutputStream:75 - [STDERR_REDIRECT] 	at java.desktop/java.awt.Container.dispatchEventImpl(Container.java:2324)
2026-03-26 13:23:17,575 [ERROR] LogOutputStream:75 - [STDERR_REDIRECT] 	at java.desktop/java.awt.Component.dispatchEvent(Component.java:4828)
2026-03-26 13:23:17,575 [ERROR] LogOutputStream:75 - [STDERR_REDIRECT] 	at java.desktop/java.awt.LightweightDispatcher.retargetMouseEvent(Container.java:4948)
2026-03-26 13:23:17,577 [ERROR] LogOutputStream:75 - [STDERR_REDIRECT] 	at java.desktop/java.awt.LightweightDispatcher.processMouseEvent(Container.java:4572)
2026-03-26 13:23:17,577 [ERROR] LogOutputStream:75 - [STDERR_REDIRECT] 	at java.desktop/java.awt.LightweightDispatcher.dispatchEvent(Container.java:4516)
2026-03-26 13:23:17,577 [ERROR] LogOutputStream:75 - [STDERR_REDIRECT] 	at java.desktop/java.awt.Container.dispatchEventImpl(Container.java:2310)
2026-03-26 13:23:17,578 [ERROR] LogOutputStream:75 - [STDERR_REDIRECT] 	at java.desktop/java.awt.Component.dispatchEvent(Component.java:4828)
2026-03-26 13:23:17,578 [ERROR] LogOutputStream:75 - [STDERR_REDIRECT] 	at java.desktop/java.awt.EventQueue.dispatchEventImpl(EventQueue.java:775)
2026-03-26 13:23:17,579 [ERROR] LogOutputStream:75 - [STDERR_REDIRECT] 	at java.desktop/java.awt.EventQueue$4.run(EventQueue.java:720)
2026-03-26 13:23:17,580 [ERROR] LogOutputStream:75 - [STDERR_REDIRECT] 	at java.desktop/java.awt.EventQueue$4.run(EventQueue.java:714)
2026-03-26 13:23:17,580 [ERROR] LogOutputStream:75 - [STDERR_REDIRECT] 	at java.base/java.security.AccessController.doPrivileged(AccessController.java:400)
2026-03-26 13:23:17,582 [ERROR] LogOutputStream:75 - [STDERR_REDIRECT] 	at java.base/java.security.ProtectionDomain$JavaSecurityAccessImpl.doIntersectionPrivilege(ProtectionDomain.java:87)
2026-03-26 13:23:17,583 [ERROR] LogOutputStream:75 - [STDERR_REDIRECT] 	at java.base/java.security.ProtectionDomain$JavaSecurityAccessImpl.doIntersectionPrivilege(ProtectionDomain.java:98)
2026-03-26 13:23:17,584 [ERROR] LogOutputStream:75 - [STDERR_REDIRECT] 	at java.desktop/java.awt.EventQueue$5.run(EventQueue.java:747)
2026-03-26 13:23:17,584 [ERROR] LogOutputStream:75 - [STDERR_REDIRECT] 	at java.desktop/java.awt.EventQueue$5.run(EventQueue.java:745)
2026-03-26 13:23:17,586 [ERROR] LogOutputStream:75 - [STDERR_REDIRECT] 	at java.base/java.security.AccessController.doPrivileged(AccessController.java:400)
2026-03-26 13:23:17,587 [ERROR] LogOutputStream:75 - [STDERR_REDIRECT] 	at java.base/java.security.ProtectionDomain$JavaSecurityAccessImpl.doIntersectionPrivilege(ProtectionDomain.java:87)
2026-03-26 13:23:17,587 [ERROR] LogOutputStream:75 - [STDERR_REDIRECT] 	at java.desktop/java.awt.EventQueue.dispatchEvent(EventQueue.java:744)
2026-03-26 13:23:17,588 [ERROR] LogOutputStream:75 - [STDERR_REDIRECT] 	at java.desktop/java.awt.EventDispatchThread.pumpOneEventForFilters(EventDispatchThread.java:203)
2026-03-26 13:23:17,588 [ERROR] LogOutputStream:75 - [STDERR_REDIRECT] 	at java.desktop/java.awt.EventDispatchThread.pumpEventsForFilter(EventDispatchThread.java:124)
2026-03-26 13:23:17,588 [ERROR] LogOutputStream:75 - [STDERR_REDIRECT] 	at java.desktop/java.awt.EventDispatchThread.pumpEventsForHierarchy(EventDispatchThread.java:113)
2026-03-26 13:23:17,589 [ERROR] LogOutputStream:75 - [STDERR_REDIRECT] 	at java.desktop/java.awt.EventDispatchThread.pumpEvents(EventDispatchThread.java:109)
2026-03-26 13:23:17,589 [ERROR] LogOutputStream:75 - [STDERR_REDIRECT] 	at java.desktop/java.awt.EventDispatchThread.pumpEvents(EventDispatchThread.java:101)
2026-03-26 13:23:17,590 [ERROR] LogOutputStream:75 - [STDERR_REDIRECT] 	at java.desktop/java.awt.EventDispatchThread.run(EventDispatchThread.java:90)
2026-03-26 13:23:23,153 [INFO] UtilMem:75 - End SaveConfig() Used Memory: 1007747096 Bytes (1073741824)
2026-03-26 13:23:24,017 [INFO] UtilMem:75 - End SaveConfig() Used Memory: 1027394208 Bytes (1073741824)
2026-03-26 13:23:24,790 [INFO] UtilMem:75 - End SaveConfig() Used Memory: 1012466792 Bytes (1073741824)
2026-03-26 13:23:24,959 [INFO] BlockDiagram:2775 - set Specific Code input for plugin: RTC
2026-03-26 13:23:24,959 [INFO] BlockDiagram:2775 - set Specific Code input for plugin: NVIC
2026-03-26 13:23:24,959 [INFO] BlockDiagram:2775 - set Specific Code input for plugin: DMA
2026-03-26 13:23:24,959 [INFO] BlockDiagram:2775 - set Specific Code input for plugin: TIM1_8F1
2026-03-26 13:23:24,959 [INFO] BlockDiagram:2775 - set Specific Code input for plugin: SYS
2026-03-26 13:23:24,959 [INFO] BlockDiagram:2775 - set Specific Code input for plugin: GPIO
2026-03-26 13:23:24,959 [INFO] BlockDiagram:2775 - set Specific Code input for plugin: ADC
2026-03-26 13:23:24,959 [INFO] BlockDiagram:2775 - set Specific Code input for plugin: RCC
2026-03-26 13:23:24,960 [INFO] CodeGenerator:882 - code generatio: config db path: C:\ST\STM32CubeIDE_1.18.0\STM32CubeIDE\plugins\com.st.stm32cube.common.mx_6.14.0.202502271554\\db\
2026-03-26 13:23:24,962 [INFO] Argument:325 - Argument : hdmavalue: null
2026-03-26 13:23:24,962 [INFO] Argument:327 - 	 sub Args: 
2026-03-26 13:23:24,962 [INFO] Argument:325 - Argument : Instancevalue: DMA1_Channel1
2026-03-26 13:23:24,962 [INFO] Argument:335 - Argument : Instancevalue: DMA1_Channel1
2026-03-26 13:23:24,962 [INFO] Argument:325 - Argument : Initvalue: null
2026-03-26 13:23:24,962 [INFO] Argument:327 - 	 sub Args: 
2026-03-26 13:23:24,962 [INFO] Argument:325 - Argument : Directionvalue: DMA_PERIPH_TO_MEMORY
2026-03-26 13:23:24,962 [INFO] Argument:335 - Argument : Directionvalue: DMA_PERIPH_TO_MEMORY
2026-03-26 13:23:24,962 [INFO] Argument:325 - Argument : PeriphIncvalue: DMA_PINC_DISABLE
2026-03-26 13:23:24,962 [INFO] Argument:335 - Argument : PeriphIncvalue: DMA_PINC_DISABLE
2026-03-26 13:23:24,962 [INFO] Argument:325 - Argument : MemIncvalue: DMA_MINC_ENABLE
2026-03-26 13:23:24,962 [INFO] Argument:335 - Argument : MemIncvalue: DMA_MINC_ENABLE
2026-03-26 13:23:24,962 [INFO] Argument:325 - Argument : PeriphDataAlignmentvalue: DMA_PDATAALIGN_HALFWORD
2026-03-26 13:23:24,962 [INFO] Argument:335 - Argument : PeriphDataAlignmentvalue: DMA_PDATAALIGN_HALFWORD
2026-03-26 13:23:24,962 [INFO] Argument:325 - Argument : MemDataAlignmentvalue: DMA_MDATAALIGN_HALFWORD
2026-03-26 13:23:24,962 [INFO] Argument:335 - Argument : MemDataAlignmentvalue: DMA_MDATAALIGN_HALFWORD
2026-03-26 13:23:24,962 [INFO] Argument:325 - Argument : Modevalue: DMA_CIRCULAR
2026-03-26 13:23:24,962 [INFO] Argument:335 - Argument : Modevalue: DMA_CIRCULAR
2026-03-26 13:23:24,963 [INFO] Argument:325 - Argument : Priorityvalue: DMA_PRIORITY_LOW
2026-03-26 13:23:24,963 [INFO] Argument:335 - Argument : Priorityvalue: DMA_PRIORITY_LOW
2026-03-26 13:23:24,963 [INFO] Argument:325 - Argument : Lockvalue: null
2026-03-26 13:23:24,963 [INFO] Argument:335 - Argument : Lockvalue: null
2026-03-26 13:23:24,963 [INFO] Argument:325 - Argument : Statevalue: null
2026-03-26 13:23:24,963 [INFO] Argument:335 - Argument : Statevalue: null
2026-03-26 13:23:24,963 [INFO] Argument:325 - Argument : Parentvalue: null
2026-03-26 13:23:24,963 [INFO] Argument:335 - Argument : Parentvalue: null
2026-03-26 13:23:24,963 [INFO] Argument:325 - Argument : XferCpltCallbackvalue: null
2026-03-26 13:23:24,963 [INFO] Argument:335 - Argument : XferCpltCallbackvalue: null
2026-03-26 13:23:24,963 [INFO] Argument:325 - Argument : XferHalfCpltCallbackvalue: null
2026-03-26 13:23:24,963 [INFO] Argument:335 - Argument : XferHalfCpltCallbackvalue: null
2026-03-26 13:23:24,963 [INFO] Argument:325 - Argument : XferErrorCallbackvalue: null
2026-03-26 13:23:24,963 [INFO] Argument:335 - Argument : XferErrorCallbackvalue: null
2026-03-26 13:23:24,963 [INFO] Argument:325 - Argument : ErrorCodevalue: null
2026-03-26 13:23:24,963 [INFO] Argument:335 - Argument : ErrorCodevalue: null
2026-03-26 13:23:25,008 [INFO] CodeEngine:263 - oldGeneratedFile, C:\00.Work\01.Work\03.Dev\Picopack\STM32_Workspace\Test\MXTmpFiles\license.tmp_save
2026-03-26 13:23:25,081 [INFO] CodeEngine:287 - Generated code: C:\00.Work\01.Work\03.Dev\Picopack\STM32_Workspace\Test\MXTmpFiles\license.tmp
2026-03-26 13:23:25,122 [INFO] CodeEngine:263 - oldGeneratedFile, C:\00.Work\01.Work\03.Dev\Picopack\STM32_Workspace\Test\MXTmpFiles\gpio.tmp_save
2026-03-26 13:23:25,220 [INFO] CodeEngine:287 - Generated code: C:\00.Work\01.Work\03.Dev\Picopack\STM32_Workspace\Test\MXTmpFiles\gpio.tmp
2026-03-26 13:23:25,290 [INFO] CodeEngine:263 - oldGeneratedFile, C:\00.Work\01.Work\03.Dev\Picopack\STM32_Workspace\Test\MXTmpFiles\dma.tmp_save
2026-03-26 13:23:25,360 [INFO] CodeEngine:287 - Generated code: C:\00.Work\01.Work\03.Dev\Picopack\STM32_Workspace\Test\MXTmpFiles\dma.tmp
2026-03-26 13:23:25,371 [INFO] CodeEngine:263 - oldGeneratedFile, C:\00.Work\01.Work\03.Dev\Picopack\STM32_Workspace\Test\MXTmpFiles\dma_GV.tmp_save
2026-03-26 13:23:25,410 [INFO] CodeEngine:287 - Generated code: C:\00.Work\01.Work\03.Dev\Picopack\STM32_Workspace\Test\MXTmpFiles\dma_GV.tmp
2026-03-26 13:23:25,428 [INFO] CodeEngine:263 - oldGeneratedFile, C:\00.Work\01.Work\03.Dev\Picopack\STM32_Workspace\Test\Core\Src\stm32f1xx_it.c_save
2026-03-26 13:23:25,498 [INFO] CodeEngine:287 - Generated code: C:\00.Work\01.Work\03.Dev\Picopack\STM32_Workspace\Test\Core\Src\stm32f1xx_it.c
2026-03-26 13:23:25,508 [INFO] CodeEngine:263 - oldGeneratedFile, C:\00.Work\01.Work\03.Dev\Picopack\STM32_Workspace\Test\Core\Inc\stm32f1xx_it.h_save
2026-03-26 13:23:25,555 [INFO] CodeEngine:287 - Generated code: C:\00.Work\01.Work\03.Dev\Picopack\STM32_Workspace\Test\Core\Inc\stm32f1xx_it.h
2026-03-26 13:23:25,586 [INFO] CodeEngine:263 - oldGeneratedFile, C:\00.Work\01.Work\03.Dev\Picopack\STM32_Workspace\Test\Core\Src\stm32f1xx_hal_msp.c_save
2026-03-26 13:23:25,685 [INFO] CodeEngine:287 - Generated code: C:\00.Work\01.Work\03.Dev\Picopack\STM32_Workspace\Test\Core\Src\stm32f1xx_hal_msp.c
2026-03-26 13:23:25,693 [INFO] CodeEngine:263 - oldGeneratedFile, C:\00.Work\01.Work\03.Dev\Picopack\STM32_Workspace\Test\MXTmpFiles\system.tmp_save
2026-03-26 13:23:25,735 [INFO] CodeEngine:287 - Generated code: C:\00.Work\01.Work\03.Dev\Picopack\STM32_Workspace\Test\MXTmpFiles\system.tmp
2026-03-26 13:23:25,753 [INFO] CodeEngine:319 - oldGeneratedFile, C:\00.Work\01.Work\03.Dev\Picopack\STM32_Workspace\Test\Core\Inc\stm32f1xx_hal_conf.h_save
2026-03-26 13:23:25,816 [INFO] CodeEngine:343 - Generated code: C:\00.Work\01.Work\03.Dev\Picopack\STM32_Workspace\Test\Core\Inc\stm32f1xx_hal_conf.h
2026-03-26 13:23:25,831 [WARN] IPConfigManager:3747 - IP not found : TIM
2026-03-26 13:23:25,832 [WARN] CodeGenerator:4198 - IP not found : null
2026-03-26 13:23:25,847 [INFO] CodeEngine:263 - oldGeneratedFile, C:\00.Work\01.Work\03.Dev\Picopack\STM32_Workspace\Test\Core\Inc\main.h_save
2026-03-26 13:23:25,916 [INFO] CodeEngine:287 - Generated code: C:\00.Work\01.Work\03.Dev\Picopack\STM32_Workspace\Test\Core\Inc\main.h
2026-03-26 13:23:25,934 [INFO] CodeEngine:263 - oldGeneratedFile, C:\00.Work\01.Work\03.Dev\Picopack\STM32_Workspace\Test\Core\Src\main.c_save
2026-03-26 13:23:26,019 [INFO] CodeEngine:287 - Generated code: C:\00.Work\01.Work\03.Dev\Picopack\STM32_Workspace\Test\Core\Src\main.c
2026-03-26 13:23:26,356 [INFO] ProjectBuilder:3324 - Time for Copy HAL[1] : 254mS.
2026-03-26 13:23:26,361 [INFO] ProjectBuilder:4912 - Project Generator version: 4.6.0-B36
2026-03-26 13:23:26,405 [INFO] ConfigFileManager:1590 - The Die is : DIE410
2026-03-26 13:23:27,112 [INFO] ProjectBuilder:5191 - Time for Generating toolchain IDE Files: 751mS.
2026-03-26 13:23:27,114 [INFO] ProjectBuilder:3181 - Time for Copy CMSIS : 1mS.
2026-03-26 13:23:27,119 [INFO] ProjectBuilder:3181 - Time for Copy CMSIS : 0mS.
