2025-12-24 11:48:03,594 [INFO] Activator:176 - 


2025-12-24 11:48:03,594 [INFO] Activator:177 - !SESSION log4j initialized
2025-12-24 11:48:08,193 [INFO] LogOutputStream:77 - [STDOUT_REDIRECT] 
2025-12-24 11:48:11,529 [INFO] ApplicationProperties:184 - Using Application install path: C:\ST\STM32CubeIDE_1.18.0\STM32CubeIDE\plugins\com.st.stm32cube.common.mx_6.14.0.202502271554
2025-12-24 11:48:11,544 [INFO] DbMcusXml:78 - Set database path to: C:\ST\STM32CubeIDE_1.18.0\STM32CubeIDE\plugins\com.st.stm32cube.common.mx_6.14.0.202502271554\\db\/mcu/
2025-12-24 11:48:11,544 [INFO] ApiDb:274 - Set plugin database path to: C:\ST\STM32CubeIDE_1.18.0\STM32CubeIDE\plugins\com.st.stm32cube.common.mx_6.14.0.202502271554\\db\/plugins/boardmanager/
2025-12-24 11:48:11,544 [WARN] ApiDb:259 - Overriding images path with different value:  => C:\ST\STM32CubeIDE_1.18.0\STM32CubeIDE\plugins\com.st.stm32cube.common.mx_6.14.0.202502271554\\db\/plugins/mcufinder/images/
2025-12-24 11:48:11,553 [INFO] ApiDb:250 - Set database path to: C:\Users\Owner\.stmcufinder\plugins\mcufinder//mcu/
2025-12-24 11:48:11,553 [INFO] DbMcusAds:125 - Set database path to: C:\Users\Owner\.stmcufinder\plugins\mcufinder//mcu/
2025-12-24 11:48:11,553 [INFO] CrossReferenceDbSqlite:203 - Set database path to: C:\Users\Owner\.stmcufinder\plugins\mcufinder//mcu/cs/
2025-12-24 11:48:11,674 [INFO] RulesReader:64 - Compatibility file has been processed (301 Rules)
2025-12-24 11:48:11,784 [INFO] DbMcusXml:78 - Set database path to: C:\ST\STM32CubeIDE_1.18.0\STM32CubeIDE\plugins\com.st.stm32cube.common.mx_6.14.0.202502271554\\db\/mcu/
2025-12-24 11:48:11,784 [INFO] ApiDb:274 - Set plugin database path to: C:\ST\STM32CubeIDE_1.18.0\STM32CubeIDE\plugins\com.st.stm32cube.common.mx_6.14.0.202502271554\\db\/plugins/boardmanager/
2025-12-24 11:48:11,784 [INFO] ApiDb:261 - Set plugin images path to: C:\ST\STM32CubeIDE_1.18.0\STM32CubeIDE\plugins\com.st.stm32cube.common.mx_6.14.0.202502271554\\db\/plugins/mcufinder/images/
2025-12-24 11:48:11,784 [WARN] DbFile:41 - Overriding database path with different value: C:\Users\Owner\.stmcufinder\plugins\mcufinder/ => C:\Users\Owner\.stmcufinder\plugins\mcufinder
2025-12-24 11:48:11,784 [INFO] ApiDb:250 - Set database path to: C:\Users\Owner\.stmcufinder\plugins\mcufinder//mcu/
2025-12-24 11:48:11,784 [WARN] DbFile:41 - Overriding database path with different value: C:\Users\Owner\.stmcufinder\plugins\mcufinder/ => C:\Users\Owner\.stmcufinder\plugins\mcufinder
2025-12-24 11:48:11,784 [INFO] DbMcusAds:125 - Set database path to: C:\Users\Owner\.stmcufinder\plugins\mcufinder//mcu/
2025-12-24 11:48:11,784 [WARN] DbFile:41 - Overriding database path with different value: C:\Users\Owner\.stmcufinder\plugins\mcufinder/ => C:\Users\Owner\.stmcufinder\plugins\mcufinder
2025-12-24 11:48:11,784 [WARN] DbFile:41 - Overriding database path with different value: C:\Users\Owner\.stmcufinder\plugins\mcufinder/ => C:\Users\Owner\.stmcufinder\plugins\mcufinder
2025-12-24 11:48:11,784 [INFO] CrossReferenceDbSqlite:203 - Set database path to: C:\Users\Owner\.stmcufinder\plugins\mcufinder//mcu/cs/
2025-12-24 11:48:11,894 [INFO] MainPanel:272 - HeapMemory: 268435456
2025-12-24 11:48:12,034 [INFO] DbMcusXml:78 - Set database path to: C:\ST\STM32CubeIDE_1.18.0\STM32CubeIDE\plugins\com.st.stm32cube.common.mx_6.14.0.202502271554\\db\/mcu/
2025-12-24 11:48:12,034 [INFO] ApiDb:274 - Set plugin database path to: C:\ST\STM32CubeIDE_1.18.0\STM32CubeIDE\plugins\com.st.stm32cube.common.mx_6.14.0.202502271554\\db\/plugins/boardmanager/
2025-12-24 11:48:12,034 [INFO] ApiDb:261 - Set plugin images path to: C:\ST\STM32CubeIDE_1.18.0\STM32CubeIDE\plugins\com.st.stm32cube.common.mx_6.14.0.202502271554\\db\/plugins/mcufinder/images/
2025-12-24 11:48:12,034 [WARN] DbFile:41 - Overriding database path with different value: C:\Users\Owner\.stmcufinder\plugins\mcufinder/ => C:\Users\Owner\.stmcufinder\plugins\mcufinder
2025-12-24 11:48:12,034 [INFO] ApiDb:250 - Set database path to: C:\Users\Owner\.stmcufinder\plugins\mcufinder//mcu/
2025-12-24 11:48:12,034 [WARN] DbFile:41 - Overriding database path with different value: C:\Users\Owner\.stmcufinder\plugins\mcufinder/ => C:\Users\Owner\.stmcufinder\plugins\mcufinder
2025-12-24 11:48:12,034 [INFO] DbMcusAds:125 - Set database path to: C:\Users\Owner\.stmcufinder\plugins\mcufinder//mcu/
2025-12-24 11:48:12,034 [WARN] DbFile:41 - Overriding database path with different value: C:\Users\Owner\.stmcufinder\plugins\mcufinder/ => C:\Users\Owner\.stmcufinder\plugins\mcufinder
2025-12-24 11:48:12,034 [WARN] DbFile:41 - Overriding database path with different value: C:\Users\Owner\.stmcufinder\plugins\mcufinder/ => C:\Users\Owner\.stmcufinder\plugins\mcufinder
2025-12-24 11:48:12,034 [INFO] CrossReferenceDbSqlite:203 - Set database path to: C:\Users\Owner\.stmcufinder\plugins\mcufinder//mcu/cs/
2025-12-24 11:48:12,057 [INFO] ApplicationProperties:184 - Using Application install path: C:\ST\STM32CubeIDE_1.18.0\STM32CubeIDE\plugins\com.st.stm32cube.common.mx_6.14.0.202502271554
2025-12-24 11:48:12,057 [INFO] PluginManage:196 - Search for loadable plugins [exclusion list=, ]
2025-12-24 11:48:12,059 [INFO] PluginManage:310 - Check plugin analytics
2025-12-24 11:48:12,166 [INFO] AnalyticsPlugin:253 - Accepted Software Licenses: 
2025-12-24 11:48:12,166 [INFO] AnalyticsPlugin:255 - Accepted CMSIS Pack Licenses: 
2025-12-24 11:48:12,166 [INFO] AnalyticsPlugin:257 - Accepted Firmware Licenses: FW.F4.1.28.0,FW.C0.1.4.0
2025-12-24 11:48:12,167 [INFO] PluginManage:359 - Loaded plugin analytics (category:tool,tabindex:-1)
2025-12-24 11:48:12,168 [INFO] PluginManage:310 - Check plugin cadmodel
2025-12-24 11:48:12,188 [INFO] CADModel:105 - Init CAD model plugin
2025-12-24 11:48:12,188 [INFO] PluginManage:359 - Loaded plugin cadmodel (category:power,tabindex:5)
2025-12-24 11:48:12,188 [INFO] PluginManage:310 - Check plugin clock
2025-12-24 11:48:12,204 [INFO] PluginManage:359 - Loaded plugin clock (category:base,tabindex:2)
2025-12-24 11:48:12,204 [INFO] PluginManage:310 - Check plugin ddr
2025-12-24 11:48:12,205 [INFO] PluginManage:359 - Loaded plugin ddr (category:tool,tabindex:6)
2025-12-24 11:48:12,205 [INFO] PluginManage:310 - Check plugin filemanager
2025-12-24 11:48:12,298 [INFO] PluginManage:359 - Loaded plugin filemanager (category:base,tabindex:10)
2025-12-24 11:48:12,298 [INFO] PluginManage:310 - Check plugin ipmanager
2025-12-24 11:48:12,305 [INFO] PluginManage:359 - Loaded plugin ipmanager (category:base,tabindex:5)
2025-12-24 11:48:12,305 [INFO] PluginManage:310 - Check plugin lpbam
2025-12-24 11:48:12,317 [INFO] PluginManage:359 - Loaded plugin lpbam (category:base,tabindex:0)
2025-12-24 11:48:12,317 [INFO] PluginManage:310 - Check plugin memorymap
2025-12-24 11:48:12,334 [INFO] PluginManage:359 - Loaded plugin memorymap (category:base,tabindex:4)
2025-12-24 11:48:12,334 [INFO] PluginManage:310 - Check plugin pinoutandconfiguration
2025-12-24 11:48:12,350 [INFO] PluginManage:359 - Loaded plugin pinoutandconfiguration (category:base,tabindex:1)
2025-12-24 11:48:12,350 [INFO] PluginManage:310 - Check plugin pinoutconfig
2025-12-24 11:48:12,413 [WARN] SupportedApi:132 - Cannot load RTOS API schema: s4s-elt-must-match.1: The content of 'definitions' must match (annotation?, (simpleType | complexType)?, (unique | key | keyref)*)). A problem was found starting at: attribute.
2025-12-24 11:48:12,492 [INFO] PluginManage:359 - Loaded plugin pinoutconfig (category:base,tabindex:0)
2025-12-24 11:48:12,492 [INFO] PluginManage:310 - Check plugin power
2025-12-24 11:48:12,515 [INFO] PluginManage:359 - Loaded plugin power (category:power,tabindex:4)
2025-12-24 11:48:12,515 [INFO] PluginManage:310 - Check plugin projectmanager
2025-12-24 11:48:12,524 [INFO] PluginManage:359 - Loaded plugin projectmanager (category:projectmanager,tabindex:4)
2025-12-24 11:48:12,526 [INFO] PluginManage:310 - Check plugin rif
2025-12-24 11:48:12,539 [INFO] PluginManage:359 - Loaded plugin rif (category:base,tabindex:3)
2025-12-24 11:48:12,539 [INFO] PluginManage:310 - Check plugin thirdparty
2025-12-24 11:48:12,671 [INFO] PluginManage:359 - Loaded plugin thirdparty (category:base,tabindex:-1)
2025-12-24 11:48:12,671 [WARN] IntegrityCheckThread:84 - waiting for thirdparty lock release [integrity check]
2025-12-24 11:48:12,671 [INFO] PluginManage:310 - Check plugin tools
2025-12-24 11:48:12,671 [INFO] IntegrityCheckThread:86 - entering critical section [integrity check]
2025-12-24 11:48:12,671 [INFO] ThirdPartyUpdaterWithRetryManager:70 - Updater plugin not ready yet. [1/15]
2025-12-24 11:48:12,678 [INFO] PluginManage:359 - Loaded plugin tools (category:base,tabindex:7)
2025-12-24 11:48:12,678 [INFO] PluginManage:310 - Check plugin tutovideos
2025-12-24 11:48:12,796 [INFO] PluginManage:359 - Loaded plugin tutovideos (category:base,tabindex:-1)
2025-12-24 11:48:12,796 [INFO] PluginManage:310 - Check plugin updater
2025-12-24 11:48:12,810 [INFO] PluginManage:359 - Loaded plugin updater (category:base,tabindex:12)
2025-12-24 11:48:12,810 [INFO] PluginManage:310 - Check plugin userauth
2025-12-24 11:48:12,812 [INFO] UserAuth:118 - Init User Auth plugin
2025-12-24 11:48:12,814 [INFO] PluginManage:359 - Loaded plugin userauth (category:base,tabindex:14)
2025-12-24 11:48:12,814 [INFO] PluginManage:283 - PluginManage : Loaded plugins [18]
2025-12-24 11:48:12,972 [INFO] PinOutPanel:1589 - setPackage(No Configuration,No Configuration)
2025-12-24 11:48:13,049 [INFO] CADModel:165 - CPN selected for project level
2025-12-24 11:48:13,049 [INFO] CADModel:114 - Register for checkConnection events
2025-12-24 11:48:13,069 [INFO] IPUIPlugin:80 - create IPUIPlugin
2025-12-24 11:48:13,069 [INFO] PluginManager:220 - loadIPPluginJar : add adc
2025-12-24 11:48:13,076 [INFO] IPUIPlugin:80 - create IPUIPlugin
2025-12-24 11:48:13,076 [INFO] PluginManager:220 - loadIPPluginJar : add aes
2025-12-24 11:48:13,086 [INFO] IPUIPlugin:80 - create IPUIPlugin
2025-12-24 11:48:13,086 [INFO] PluginManager:220 - loadIPPluginJar : add can
2025-12-24 11:48:13,090 [INFO] IPUIPlugin:80 - create IPUIPlugin
2025-12-24 11:48:13,090 [INFO] PluginManager:220 - loadIPPluginJar : add comp
2025-12-24 11:48:13,096 [INFO] IPUIPlugin:80 - create IPUIPlugin
2025-12-24 11:48:13,096 [INFO] PluginManager:220 - loadIPPluginJar : add cryp
2025-12-24 11:48:13,105 [INFO] IPUIPlugin:80 - create IPUIPlugin
2025-12-24 11:48:13,105 [INFO] PluginManager:220 - loadIPPluginJar : add ddr_ctrl_phy
2025-12-24 11:48:13,109 [INFO] IPUIPlugin:80 - create IPUIPlugin
2025-12-24 11:48:13,109 [INFO] PluginManager:220 - loadIPPluginJar : add dfsdm
2025-12-24 11:48:13,120 [INFO] IPUIPlugin:80 - create IPUIPlugin
2025-12-24 11:48:13,121 [INFO] PluginManager:220 - loadIPPluginJar : add dma
2025-12-24 11:48:13,127 [INFO] IPUIPlugin:80 - create IPUIPlugin
2025-12-24 11:48:13,127 [INFO] PluginManager:220 - loadIPPluginJar : add dma3
2025-12-24 11:48:13,134 [INFO] IPUIPlugin:80 - create IPUIPlugin
2025-12-24 11:48:13,134 [INFO] PluginManager:220 - loadIPPluginJar : add extmemmanager
2025-12-24 11:48:13,136 [INFO] IPUIPlugin:80 - create IPUIPlugin
2025-12-24 11:48:13,137 [INFO] PluginManager:220 - loadIPPluginJar : add fatfs
2025-12-24 11:48:13,145 [INFO] IPUIPlugin:80 - create IPUIPlugin
2025-12-24 11:48:13,145 [INFO] PluginManager:220 - loadIPPluginJar : add fmc
2025-12-24 11:48:13,160 [INFO] IPUIPlugin:80 - create IPUIPlugin
2025-12-24 11:48:13,160 [INFO] PluginManager:220 - loadIPPluginJar : add freertos
2025-12-24 11:48:13,164 [INFO] IPUIPlugin:80 - create IPUIPlugin
2025-12-24 11:48:13,164 [INFO] PluginManager:220 - loadIPPluginJar : add genericplugin
2025-12-24 11:48:13,168 [INFO] IPUIPlugin:80 - create IPUIPlugin
2025-12-24 11:48:13,168 [INFO] PluginManager:220 - loadIPPluginJar : add gfxmmu
2025-12-24 11:48:13,176 [INFO] IPUIPlugin:80 - create IPUIPlugin
2025-12-24 11:48:13,176 [INFO] PluginManager:220 - loadIPPluginJar : add gic
2025-12-24 11:48:13,188 [INFO] IPUIPlugin:80 - create IPUIPlugin
2025-12-24 11:48:13,188 [INFO] PluginManager:220 - loadIPPluginJar : add gpio
2025-12-24 11:48:13,197 [INFO] IPUIPlugin:80 - create IPUIPlugin
2025-12-24 11:48:13,198 [INFO] PluginManager:220 - loadIPPluginJar : add gtzc
2025-12-24 11:48:13,204 [INFO] IPUIPlugin:80 - create IPUIPlugin
2025-12-24 11:48:13,204 [INFO] PluginManager:220 - loadIPPluginJar : add hash
2025-12-24 11:48:13,211 [INFO] IPUIPlugin:80 - create IPUIPlugin
2025-12-24 11:48:13,211 [INFO] PluginManager:220 - loadIPPluginJar : add i2c
2025-12-24 11:48:13,219 [INFO] IPUIPlugin:80 - create IPUIPlugin
2025-12-24 11:48:13,219 [INFO] PluginManager:220 - loadIPPluginJar : add i2s
2025-12-24 11:48:13,252 [INFO] IPUIPlugin:80 - create IPUIPlugin
2025-12-24 11:48:13,252 [INFO] PluginManager:220 - loadIPPluginJar : add i3c
2025-12-24 11:48:13,263 [INFO] IPUIPlugin:80 - create IPUIPlugin
2025-12-24 11:48:13,263 [INFO] PluginManager:220 - loadIPPluginJar : add ipddr
2025-12-24 11:48:13,274 [INFO] IPUIPlugin:80 - create IPUIPlugin
2025-12-24 11:48:13,274 [INFO] PluginManager:220 - loadIPPluginJar : add linkedlist
2025-12-24 11:48:13,280 [INFO] IPUIPlugin:80 - create IPUIPlugin
2025-12-24 11:48:13,281 [INFO] PluginManager:220 - loadIPPluginJar : add lorawan
2025-12-24 11:48:13,286 [INFO] IPUIPlugin:80 - create IPUIPlugin
2025-12-24 11:48:13,286 [INFO] PluginManager:220 - loadIPPluginJar : add ltdc
2025-12-24 11:48:13,294 [INFO] IPUIPlugin:80 - create IPUIPlugin
2025-12-24 11:48:13,294 [INFO] PluginManager:220 - loadIPPluginJar : add mdma
2025-12-24 11:48:13,302 [INFO] IPUIPlugin:80 - create IPUIPlugin
2025-12-24 11:48:13,302 [INFO] PluginManager:220 - loadIPPluginJar : add nvic
2025-12-24 11:48:13,309 [INFO] IPUIPlugin:80 - create IPUIPlugin
2025-12-24 11:48:13,309 [INFO] PluginManager:220 - loadIPPluginJar : add opamp
2025-12-24 11:48:13,317 [INFO] IPUIPlugin:80 - create IPUIPlugin
2025-12-24 11:48:13,317 [INFO] PluginManager:220 - loadIPPluginJar : add openamp
2025-12-24 11:48:13,324 [INFO] IPUIPlugin:80 - create IPUIPlugin
2025-12-24 11:48:13,324 [INFO] PluginManager:220 - loadIPPluginJar : add pdm2pcm
2025-12-24 11:48:13,336 [INFO] IPUIPlugin:80 - create IPUIPlugin
2025-12-24 11:48:13,337 [INFO] PluginManager:220 - loadIPPluginJar : add plateformsettings
2025-12-24 11:48:13,341 [INFO] IPUIPlugin:80 - create IPUIPlugin
2025-12-24 11:48:13,341 [INFO] PluginManager:220 - loadIPPluginJar : add quadspi
2025-12-24 11:48:13,347 [INFO] IPUIPlugin:80 - create IPUIPlugin
2025-12-24 11:48:13,347 [INFO] PluginManager:220 - loadIPPluginJar : add radio
2025-12-24 11:48:13,357 [INFO] IPUIPlugin:80 - create IPUIPlugin
2025-12-24 11:48:13,357 [INFO] PluginManager:220 - loadIPPluginJar : add resmgrutility
2025-12-24 11:48:13,365 [INFO] IPUIPlugin:80 - create IPUIPlugin
2025-12-24 11:48:13,365 [INFO] PluginManager:220 - loadIPPluginJar : add sai
2025-12-24 11:48:13,372 [INFO] IPUIPlugin:80 - create IPUIPlugin
2025-12-24 11:48:13,372 [INFO] PluginManager:220 - loadIPPluginJar : add spi
2025-12-24 11:48:13,385 [INFO] IPUIPlugin:80 - create IPUIPlugin
2025-12-24 11:48:13,385 [INFO] PluginManager:220 - loadIPPluginJar : add stm32_wpan
2025-12-24 11:48:13,388 [INFO] IPUIPlugin:80 - create IPUIPlugin
2025-12-24 11:48:13,388 [INFO] PluginManager:220 - loadIPPluginJar : add tim
2025-12-24 11:48:13,396 [INFO] IPUIPlugin:80 - create IPUIPlugin
2025-12-24 11:48:13,396 [INFO] PluginManager:220 - loadIPPluginJar : add touchsensing
2025-12-24 11:48:13,400 [INFO] IPUIPlugin:80 - create IPUIPlugin
2025-12-24 11:48:13,400 [INFO] PluginManager:220 - loadIPPluginJar : add tracer_emb
2025-12-24 11:48:13,403 [INFO] IPUIPlugin:80 - create IPUIPlugin
2025-12-24 11:48:13,403 [INFO] PluginManager:220 - loadIPPluginJar : add ts
2025-12-24 11:48:13,407 [INFO] IPUIPlugin:80 - create IPUIPlugin
2025-12-24 11:48:13,407 [INFO] PluginManager:220 - loadIPPluginJar : add tsc
2025-12-24 11:48:13,410 [INFO] IPUIPlugin:80 - create IPUIPlugin
2025-12-24 11:48:13,410 [INFO] PluginManager:220 - loadIPPluginJar : add ucpd
2025-12-24 11:48:13,419 [INFO] IPUIPlugin:80 - create IPUIPlugin
2025-12-24 11:48:13,419 [INFO] PluginManager:220 - loadIPPluginJar : add usart
2025-12-24 11:48:13,428 [INFO] IPUIPlugin:80 - create IPUIPlugin
2025-12-24 11:48:13,428 [INFO] PluginManager:220 - loadIPPluginJar : add usbx
2025-12-24 11:48:13,534 [FATAL] Updater:351 - Updater called before beeing initialized
2025-12-24 11:48:13,550 [INFO] RulesReader:64 - Compatibility file has been processed (301 Rules)
2025-12-24 11:48:13,557 [INFO] RulesReader:64 - Compatibility file has been processed (301 Rules)
2025-12-24 11:48:13,564 [INFO] CADModel:165 - CPN selected for project level
2025-12-24 11:48:13,564 [INFO] CADModel:114 - Register for checkConnection events
2025-12-24 11:48:13,564 [FATAL] Updater:351 - Updater called before beeing initialized
2025-12-24 11:48:13,564 [ERROR] CADModel:125 - Updater not yet initialized, retry later 
2025-12-24 11:48:13,658 [FATAL] Updater:351 - Updater called before beeing initialized
2025-12-24 11:48:13,660 [INFO] CADModel:165 - CPN selected for project level
2025-12-24 11:48:13,661 [INFO] CADModel:114 - Register for checkConnection events
2025-12-24 11:48:13,661 [FATAL] Updater:351 - Updater called before beeing initialized
2025-12-24 11:48:13,661 [ERROR] CADModel:125 - Updater not yet initialized, retry later 
2025-12-24 11:48:13,664 [FATAL] Updater:351 - Updater called before beeing initialized
2025-12-24 11:48:13,751 [FATAL] Updater:351 - Updater called before beeing initialized
2025-12-24 11:48:13,755 [INFO] DbMcusAds:53 - JSON generation date=Mon Dec 08 23:28:10 KST 2025 (1765204090049)
2025-12-24 11:48:13,755 [FATAL] Updater:351 - Updater called before beeing initialized
2025-12-24 11:48:13,781 [WARN] DetailPanel:346 - Failed to get advertising image, set to default
2025-12-24 11:48:13,971 [FATAL] Updater:351 - Updater called before beeing initialized
2025-12-24 11:48:13,972 [FATAL] Updater:351 - Updater called before beeing initialized
2025-12-24 11:48:13,972 [FATAL] Updater:351 - Updater called before beeing initialized
2025-12-24 11:48:13,972 [WARN] DetailPanel:346 - Failed to get advertising image, set to default
2025-12-24 11:48:13,972 [FATAL] Updater:351 - Updater called before beeing initialized
2025-12-24 11:48:14,005 [ERROR] Updater:1198 - MainUpdater not yet initialized. External WinMGr cannot be set.
2025-12-24 11:48:14,008 [INFO] Updater:1134 - Updater Version found : 6.14.0
2025-12-24 11:48:14,021 [INFO] ApplicationProperties:184 - Using Application install path: C:\ST\STM32CubeIDE_1.18.0\STM32CubeIDE\plugins\com.st.stm32cube.common.mx_6.14.0.202502271554
2025-12-24 11:48:15,594 [ERROR] LogOutputStream:75 - [STDERR_REDIRECT] Dec 24, 2025 11:48:15 AM java.util.prefs.WindowsPreferences <init>
2025-12-24 11:48:15,594 [ERROR] LogOutputStream:75 - [STDERR_REDIRECT] WARNING: Could not open/create prefs root node Software\JavaSoft\Prefs at root 0xffffffff80000002. Windows RegCreateKeyEx(...) returned error code 5.
2025-12-24 11:48:15,594 [ERROR] LogOutputStream:75 - [STDERR_REDIRECT] 
2025-12-24 11:48:15,674 [INFO] ThirdPartyUpdaterWithRetryManager:70 - Updater plugin not ready yet. [2/15]
2025-12-24 11:48:16,199 [INFO] MainUpdater:2872 - connection check result : 10
2025-12-24 11:48:16,199 [INFO] MainUpdater:289 - Updater Check For Update Now.
2025-12-24 11:48:16,199 [INFO] MicroXplorer:498 - Change Database Version : DB.6.0.140
2025-12-24 11:48:16,204 [INFO] McuFinderGlobals:63 - Set McuFinder mode to 2 (CubeIDE integrated)
2025-12-24 11:48:16,215 [INFO] UserAuth:486 - Internet connection configuration mode: 1
2025-12-24 11:48:16,234 [INFO] JxBrowserEngine:152 - Initiate JxBrowser Engine with user profile folder
2025-12-24 11:48:16,483 [INFO] CheckServerUpdateThread:120 - End of CheckServer Thread
2025-12-24 11:48:17,520 [INFO] WebApp:169 - Instantiating new browser for Auth
2025-12-24 11:48:18,540 [INFO] WebApp:463 - Apply proxy settings
2025-12-24 11:48:18,540 [INFO] WebApp:548 - Chromium requires no authentication
2025-12-24 11:48:18,546 [INFO] WebApp:491 - Direct internet connection detected
2025-12-24 11:48:18,565 [INFO] WebApp:894 - Register for checkConnection events
2025-12-24 11:48:18,566 [INFO] WebApp:463 - Apply proxy settings
2025-12-24 11:48:18,566 [INFO] WebApp:548 - Chromium requires no authentication
2025-12-24 11:48:18,566 [INFO] WebApp:491 - Direct internet connection detected
2025-12-24 11:48:18,690 [INFO] WebApp:225 - Starting web application
2025-12-24 11:48:18,690 [INFO] WebApp:593 - Web application path used C:\ST\STM32CubeIDE_1.18.0\STM32CubeIDE\plugins\com.st.stm32cube.common.mx_6.14.0.202502271554\db\plugins\mcufinder\reactClient1\index.html
2025-12-24 11:48:18,907 [INFO] WebApp:191 - Connection restablished
2025-12-24 11:48:18,965 [INFO] UserAuth:486 - Internet connection configuration mode: 1
2025-12-24 11:48:19,003 [WARN] PackLoader:240 - Cannot read IP mode file for STMicroelectronics.FP-SNS-MOTENVWB1.1.4.0
2025-12-24 11:48:19,017 [WARN] PackLoader:240 - Cannot read IP mode file for STMicroelectronics.X-CUBE-SMBUS.2.1.0
2025-12-24 11:48:19,031 [WARN] PackLoader:240 - Cannot read IP mode file for STMicroelectronics.X-CUBE-WB05N.1.1.0
2025-12-24 11:48:19,038 [WARN] PackLoader:240 - Cannot read IP mode file for STMicroelectronics.X-CUBE-ST60.1.0.0
2025-12-24 11:48:19,063 [WARN] PackLoader:240 - Cannot read IP mode file for STMicroelectronics.X-CUBE-AZRTOS-F7.1.1.0
2025-12-24 11:48:19,071 [ERROR] Engine:466 - C:\Users\Owner\.stm32cubemx\thirdparties\pdsc\STMicroelectronics.FP-SNS-MOTENV1.5.1.0.pdsc: PDSC version is not supported
2025-12-24 11:48:19,092 [WARN] PackLoader:240 - Cannot read IP mode file for Infineon.AIROC-Wi-Fi-Bluetooth-STM32.1.7.0
2025-12-24 11:48:19,117 [WARN] PackLoader:240 - Cannot read IP mode file for STMicroelectronics.X-CUBE-AZRTOS-H7.3.4.0
2025-12-24 11:48:19,127 [WARN] PackLoader:240 - Cannot read IP mode file for STMicroelectronics.X-CUBE-DISPLAY.3.0.0
2025-12-24 11:48:19,143 [WARN] PackLoader:240 - Cannot read IP mode file for STMicroelectronics.X-CUBE-NFC10.1.0.0
2025-12-24 11:48:19,153 [WARN] PackLoader:240 - Cannot read IP mode file for STMicroelectronics.X-CUBE-BLEMGR.4.0.0
2025-12-24 11:48:19,160 [WARN] PackLoader:240 - Cannot read IP mode file for STMicroelectronics.X-CUBE-ST60.1.1.0
2025-12-24 11:48:19,169 [WARN] PackLoader:240 - Cannot read IP mode file for emotas.I-CUBE-CANOPEN.1.3.0
2025-12-24 11:48:19,181 [WARN] PackLoader:240 - Cannot read IP mode file for STMicroelectronics.X-CUBE-GNSS1.7.1.0
2025-12-24 11:48:19,188 [WARN] ConditionMgr:438 - getConditionDescription Invalid condition id : Cortex-A Device cause : null
2025-12-24 11:48:19,206 [WARN] ConditionMgr:1044 - genDependencies : Invalid condition id : Cortex-A Device cause : null
2025-12-24 11:48:19,207 [WARN] ConditionMgr:1044 - genDependencies : Invalid condition id : Cortex-A Device cause : null
2025-12-24 11:48:19,207 [WARN] ConditionMgr:1044 - genDependencies : Invalid condition id : Cortex-A Device cause : null
2025-12-24 11:48:19,216 [WARN] PackLoader:240 - Cannot read IP mode file for STMicroelectronics.X-CUBE-AI.10.0.0
2025-12-24 11:48:19,219 [ERROR] Engine:466 - C:\Users\Owner\.stm32cubemx\thirdparties\pdsc\STMicroelectronics.FP-SNS-STBOX1.2.1.0.pdsc: PDSC version is not supported
2025-12-24 11:48:19,227 [WARN] PackLoader:240 - Cannot read IP mode file for STMicroelectronics.FP-SNS-SMARTAG2.1.2.0
2025-12-24 11:48:19,309 [WARN] PackLoader:240 - Cannot read IP mode file for STMicroelectronics.X-CUBE-MEMS1.11.1.0
2025-12-24 11:48:19,385 [INFO] LogOutputStream:77 - [STDOUT_REDIRECT] 1 : Invalid condition id : UX_CORESTACK_Condition cause : null
2025-12-24 11:48:19,386 [INFO] LogOutputStream:77 - [STDOUT_REDIRECT] 1 : Invalid condition id : UX_CORESTACK_Condition cause : null
2025-12-24 11:48:19,387 [INFO] LogOutputStream:77 - [STDOUT_REDIRECT] 1 : Invalid condition id : UX_CORESTACK_Condition cause : null
2025-12-24 11:48:19,388 [INFO] LogOutputStream:77 - [STDOUT_REDIRECT] 1 : Invalid condition id : UX_CORESTACK_Condition cause : null
2025-12-24 11:48:19,389 [INFO] LogOutputStream:77 - [STDOUT_REDIRECT] 1 : Invalid condition id : UX_CORESTACK_Condition cause : null
2025-12-24 11:48:19,391 [WARN] PackLoader:240 - Cannot read IP mode file for STMicroelectronics.X-CUBE-AZRTOS-WL.2.0.0
2025-12-24 11:48:19,399 [WARN] PackLoader:240 - Cannot read IP mode file for STMicroelectronics.FP-SNS-MOTENV1.5.0.0
2025-12-24 11:48:19,435 [WARN] PackLoader:240 - Cannot read IP mode file for STMicroelectronics.X-CUBE-AZRTOS-H7RS.1.2.0
2025-12-24 11:48:19,451 [ERROR] LogOutputStream:75 - [STDERR_REDIRECT] Dec 24, 2025 11:48:19 AM org.glassfish.grizzly.http.server.NetworkListener start
2025-12-24 11:48:19,452 [ERROR] LogOutputStream:75 - [STDERR_REDIRECT] INFO: Started listener bound to [localhost:16721]
2025-12-24 11:48:19,452 [WARN] PackLoader:240 - Cannot read IP mode file for WES.I-CUBE-Cesium.1.3.0
2025-12-24 11:48:19,452 [ERROR] LogOutputStream:75 - [STDERR_REDIRECT] 
2025-12-24 11:48:19,453 [ERROR] LogOutputStream:75 - [STDERR_REDIRECT] Dec 24, 2025 11:48:19 AM org.glassfish.grizzly.http.server.HttpServer start
2025-12-24 11:48:19,455 [ERROR] LogOutputStream:75 - [STDERR_REDIRECT] INFO: [HttpServer] Started.
2025-12-24 11:48:19,455 [ERROR] LogOutputStream:75 - [STDERR_REDIRECT] 
2025-12-24 11:48:19,464 [WARN] PackLoader:240 - Cannot read IP mode file for STMicroelectronics.X-CUBE-BLE2.3.3.0
2025-12-24 11:48:19,493 [WARN] PackLoader:240 - Cannot read IP mode file for STMicroelectronics.X-CUBE-NFC9.1.0.0
2025-12-24 11:48:19,498 [ERROR] Engine:466 - C:\Users\Owner\.stm32cubemx\thirdparties\pdsc\STMicroelectronics.X-CUBE-FREERTOS.1.4.0.pdsc: PDSC version is not supported
2025-12-24 11:48:19,510 [WARN] PackLoader:240 - Cannot read IP mode file for STMicroelectronics.X-CUBE-EEPRMA1.5.2.0
2025-12-24 11:48:19,517 [ERROR] Engine:466 - C:\Users\Owner\.stm32cubemx\thirdparties\pdsc\STMicroelectronics.X-CUBE-ST67W61.1.1.0.pdsc: PDSC version is not supported
2025-12-24 11:48:19,524 [WARN] PackLoader:240 - Cannot read IP mode file for STMicroelectronics.X-CUBE-AI.10.1.0
2025-12-24 11:48:19,609 [WARN] PackLoader:240 - Cannot read IP mode file for STMicroelectronics.X-CUBE-MEMS1.12.0.0
2025-12-24 11:48:19,660 [WARN] PackLoader:240 - Cannot read IP mode file for STMicroelectronics.X-CUBE-AZRTOS-G0.1.1.0
2025-12-24 11:48:19,678 [WARN] PackLoader:240 - Cannot read IP mode file for STMicroelectronics.X-CUBE-SAFEA1.1.2.2
2025-12-24 11:48:19,692 [WARN] PackLoader:240 - Cannot read IP mode file for STMicroelectronics.X-CUBE-NFC4.3.0.0
2025-12-24 11:48:19,701 [WARN] PackLoader:240 - Cannot read IP mode file for EmbeddedOffice.I-CUBE-FS-RTOS.1.0.1
2025-12-24 11:48:19,711 [WARN] PackLoader:240 - Cannot read IP mode file for STMicroelectronics.X-CUBE-WB05N.2.0.0
2025-12-24 11:48:19,718 [WARN] PackLoader:240 - Cannot read IP mode file for wolfSSL.I-CUBE-wolfTPM.3.8.0
2025-12-24 11:48:19,723 [WARN] PackLoader:240 - Cannot read IP mode file for STMicroelectronics.X-CUBE-TCPP.4.2.0
2025-12-24 11:48:19,730 [WARN] PackLoader:240 - Cannot read IP mode file for RealThread.X-CUBE-RT-Thread_Nano.4.1.1
2025-12-24 11:48:19,735 [WARN] PackLoader:240 - Cannot read IP mode file for STMicroelectronics.FP-ATR-SIGFOX1.3.2.0
2025-12-24 11:48:19,745 [WARN] PackLoader:240 - Cannot read IP mode file for STMicroelectronics.X-CUBE-EEPRMA1.5.1.0
2025-12-24 11:48:19,752 [WARN] PackLoader:240 - Cannot read IP mode file for ITTIA_DB.I-CUBE-ITTIADB.8.9.0
2025-12-24 11:48:19,760 [WARN] PackLoader:240 - Cannot read IP mode file for STMicroelectronics.X-CUBE-ST67W61.1.0.0
2025-12-24 11:48:19,769 [WARN] PackLoader:240 - Cannot read IP mode file for STMicroelectronics.X-CUBE-AI.10.2.0
2025-12-24 11:48:19,787 [WARN] PackLoader:240 - Cannot read IP mode file for SEGGER.I-CUBE-embOS.1.3.1
2025-12-24 11:48:19,806 [WARN] PackLoader:240 - Cannot read IP mode file for STMicroelectronics.X-CUBE-ALGOBUILD.1.4.0
2025-12-24 11:48:19,885 [WARN] PackLoader:240 - Cannot read IP mode file for STMicroelectronics.X-CUBE-MEMS1.11.3.0
2025-12-24 11:48:19,927 [WARN] PackLoader:240 - Cannot read IP mode file for STMicroelectronics.X-CUBE-PM33A1.1.0.0
2025-12-24 11:48:19,939 [WARN] PackLoader:240 - Cannot read IP mode file for STMicroelectronics.X-CUBE-AZRTOS-F4.1.1.0
2025-12-24 11:48:19,945 [WARN] PackLoader:240 - Cannot read IP mode file for Avnet-IotConnect.X-CUBE-IoTC-DA16k-PMOD.1.0.0
2025-12-24 11:48:19,951 [WARN] PackLoader:240 - Cannot read IP mode file for STMicroelectronics.X-CUBE-ISPU.2.1.0
2025-12-24 11:48:19,956 [ERROR] Engine:466 - C:\Users\Owner\.stm32cubemx\thirdparties\pdsc\STMicroelectronics.X-CUBE-IPS.3.2.0.pdsc: PDSC version is not supported
2025-12-24 11:48:19,967 [WARN] PackLoader:240 - Cannot read IP mode file for STMicroelectronics.X-CUBE-NFC12.1.0.0
2025-12-24 11:48:19,977 [WARN] PackLoader:240 - Cannot read IP mode file for STMicroelectronics.X-CUBE-AZRTOS-L5.2.0.0
2025-12-24 11:48:19,990 [WARN] PackLoader:240 - Cannot read IP mode file for STMicroelectronics.X-CUBE-NFC6.3.1.0
2025-12-24 11:48:19,997 [WARN] PackLoader:240 - Cannot read IP mode file for STMicroelectronics.X-CUBE-FREERTOS.1.3.1
2025-12-24 11:48:20,001 [WARN] PackLoader:240 - Cannot read IP mode file for STMicroelectronics.X-CUBE-FREERTOS.1.3.0
2025-12-24 11:48:20,010 [WARN] PackLoader:240 - Cannot read IP mode file for STMicroelectronics.X-CUBE-NFC7.1.0.1
2025-12-24 11:48:20,017 [WARN] PackLoader:240 - Cannot read IP mode file for STMicroelectronics.X-CUBE-TOUCHGFX.4.26.0
2025-12-24 11:48:20,022 [WARN] PackLoader:240 - Cannot read IP mode file for STMicroelectronics.FP-SNS-STAIOTCFT.1.0.0
2025-12-24 11:48:20,033 [WARN] ConditionMgr:438 - getConditionDescription Invalid condition id : LAN8742 Phy interface Condition cause : null
2025-12-24 11:48:20,033 [WARN] PackLoader:240 - Cannot read IP mode file for STMicroelectronics.X-CUBE-AZRTOS-L4.2.0.0
2025-12-24 11:48:20,034 [WARN] ConditionMgr:1044 - genDependencies : Invalid condition id : LAN8742 Phy interface Condition cause : null
2025-12-24 11:48:20,034 [WARN] ConditionMgr:1044 - genDependencies : Invalid condition id : LAN8742 Phy interface Condition cause : null
2025-12-24 11:48:20,034 [WARN] ConditionMgr:1044 - genDependencies : Invalid condition id : LAN8742 Phy interface Condition cause : null
2025-12-24 11:48:20,046 [WARN] PackLoader:240 - Cannot read IP mode file for STMicroelectronics.X-CUBE-SFXS2LP1.4.0.0
2025-12-24 11:48:20,060 [WARN] PackLoader:240 - Cannot read IP mode file for STMicroelectronics.X-CUBE-AZRTOS-H7.3.3.0
2025-12-24 11:48:20,069 [WARN] PackLoader:240 - Cannot read IP mode file for STMicroelectronics.X-CUBE-BLEMGR.4.1.0
2025-12-24 11:48:20,079 [WARN] ConditionMgr:438 - getConditionDescription Invalid condition id : UX DEVICE CLASS RTOS Condition cause : null
2025-12-24 11:48:20,079 [WARN] ConditionMgr:438 - getConditionDescription Invalid condition id : UX DEVICE CLASS RTOS Condition cause : null
2025-12-24 11:48:20,080 [WARN] PackLoader:240 - Cannot read IP mode file for STMicroelectronics.X-CUBE-AZRTOS-WB.2.0.0
2025-12-24 11:48:20,080 [WARN] ConditionMgr:1044 - genDependencies : Invalid condition id : UX DEVICE CLASS RTOS Condition cause : null
2025-12-24 11:48:20,080 [WARN] ConditionMgr:1044 - genDependencies : Invalid condition id : UX DEVICE CLASS RTOS Condition cause : null
2025-12-24 11:48:20,080 [WARN] ConditionMgr:1044 - genDependencies : Invalid condition id : UX DEVICE CLASS RTOS Condition cause : null
2025-12-24 11:48:20,080 [WARN] ConditionMgr:1044 - genDependencies : Invalid condition id : UX DEVICE CLASS RTOS Condition cause : null
2025-12-24 11:48:20,081 [WARN] ConditionMgr:1044 - genDependencies : Invalid condition id : UX DEVICE CLASS RTOS Condition cause : null
2025-12-24 11:48:20,092 [WARN] PackLoader:240 - Cannot read IP mode file for STMicroelectronics.X-CUBE-GNSS1.7.0.1
2025-12-24 11:48:20,097 [WARN] PackLoader:240 - Cannot read IP mode file for STMicroelectronics.X-CUBE-TOUCHGFX.4.25.0
2025-12-24 11:48:20,104 [WARN] PackLoader:240 - Cannot read IP mode file for STMicroelectronics.FP-SNS-STBOX1.2.0.0
2025-12-24 11:48:20,111 [WARN] PackLoader:240 - Cannot read IP mode file for STMicroelectronics.X-CUBE-SUBG2.5.0.0
2025-12-24 11:48:20,122 [WARN] PackLoader:240 - Cannot read IP mode file for STMicroelectronics.X-CUBE-AZRTOS-H7RS.1.1.0
2025-12-24 11:48:20,128 [WARN] PackLoader:240 - Cannot read IP mode file for Cesanta.I-CUBE-Mongoose.7.13.0
2025-12-24 11:48:20,137 [WARN] PackLoader:240 - Cannot read IP mode file for STMicroelectronics.X-CUBE-AZRTOS-G4.2.0.0
2025-12-24 11:48:20,142 [WARN] PackLoader:240 - Cannot read IP mode file for wolfSSL.I-CUBE-wolfSSH.1.4.20
2025-12-24 11:48:20,150 [WARN] PackLoader:240 - Cannot read IP mode file for STMicroelectronics.X-CUBE-NFC7.2.0.0
2025-12-24 11:48:20,157 [WARN] PackLoader:240 - Cannot read IP mode file for STMicroelectronics.X-CUBE-IPS.3.1.0
2025-12-24 11:48:20,163 [WARN] PackLoader:240 - Cannot read IP mode file for STMicroelectronics.X-CUBE-ALS.1.0.2
2025-12-24 11:48:20,178 [WARN] PackLoader:240 - Cannot read IP mode file for STMicroelectronics.X-CUBE-STSE01.1.0.0
2025-12-24 11:48:20,184 [WARN] PackLoader:240 - Cannot read IP mode file for portGmbH.I-Cube-SoM-uGOAL.1.1.0
2025-12-24 11:48:20,193 [WARN] PackLoader:240 - Cannot read IP mode file for STMicroelectronics.X-CUBE-TOF1.3.4.2
2025-12-24 11:48:20,201 [WARN] PackLoader:240 - Cannot read IP mode file for STMicroelectronics.X-CUBE-TOF1.3.4.3
2025-12-24 11:48:20,205 [INFO] ThirdParty:978 - Integrity check success = true
2025-12-24 11:48:20,206 [INFO] IntegrityCheckThread:100 - exiting critical section [integrity check]
2025-12-24 11:48:20,206 [INFO] IntegrityCheckThread:103 - End integrity checks thread
2025-12-24 17:59:58,297 [ERROR] LogOutputStream:75 - [STDERR_REDIRECT] 
