2026-01-07 08:57:59,431 [INFO] Activator:176 - 


2026-01-07 08:57:59,434 [INFO] Activator:177 - !SESSION log4j initialized
2026-01-07 08:58:03,201 [INFO] LogOutputStream:77 - [STDOUT_REDIRECT] 
2026-01-07 08:58:05,451 [INFO] ApplicationProperties:184 - Using Application install path: C:\ST\STM32CubeIDE_1.18.0\STM32CubeIDE\plugins\com.st.stm32cube.common.mx_6.14.0.202502271554
2026-01-07 08:58:05,466 [INFO] DbMcusXml:78 - Set database path to: C:\ST\STM32CubeIDE_1.18.0\STM32CubeIDE\plugins\com.st.stm32cube.common.mx_6.14.0.202502271554\\db\/mcu/
2026-01-07 08:58:05,466 [INFO] ApiDb:274 - Set plugin database path to: C:\ST\STM32CubeIDE_1.18.0\STM32CubeIDE\plugins\com.st.stm32cube.common.mx_6.14.0.202502271554\\db\/plugins/boardmanager/
2026-01-07 08:58:05,466 [WARN] ApiDb:259 - Overriding images path with different value:  => C:\ST\STM32CubeIDE_1.18.0\STM32CubeIDE\plugins\com.st.stm32cube.common.mx_6.14.0.202502271554\\db\/plugins/mcufinder/images/
2026-01-07 08:58:05,473 [INFO] ApiDb:250 - Set database path to: C:\Users\Owner\.stmcufinder\plugins\mcufinder//mcu/
2026-01-07 08:58:05,474 [INFO] DbMcusAds:125 - Set database path to: C:\Users\Owner\.stmcufinder\plugins\mcufinder//mcu/
2026-01-07 08:58:05,476 [INFO] CrossReferenceDbSqlite:203 - Set database path to: C:\Users\Owner\.stmcufinder\plugins\mcufinder//mcu/cs/
2026-01-07 08:58:05,567 [INFO] RulesReader:64 - Compatibility file has been processed (301 Rules)
2026-01-07 08:58:05,619 [INFO] DbMcusXml:78 - Set database path to: C:\ST\STM32CubeIDE_1.18.0\STM32CubeIDE\plugins\com.st.stm32cube.common.mx_6.14.0.202502271554\\db\/mcu/
2026-01-07 08:58:05,619 [INFO] ApiDb:274 - Set plugin database path to: C:\ST\STM32CubeIDE_1.18.0\STM32CubeIDE\plugins\com.st.stm32cube.common.mx_6.14.0.202502271554\\db\/plugins/boardmanager/
2026-01-07 08:58:05,619 [INFO] ApiDb:261 - Set plugin images path to: C:\ST\STM32CubeIDE_1.18.0\STM32CubeIDE\plugins\com.st.stm32cube.common.mx_6.14.0.202502271554\\db\/plugins/mcufinder/images/
2026-01-07 08:58:05,620 [WARN] DbFile:41 - Overriding database path with different value: C:\Users\Owner\.stmcufinder\plugins\mcufinder/ => C:\Users\Owner\.stmcufinder\plugins\mcufinder
2026-01-07 08:58:05,620 [INFO] ApiDb:250 - Set database path to: C:\Users\Owner\.stmcufinder\plugins\mcufinder//mcu/
2026-01-07 08:58:05,620 [WARN] DbFile:41 - Overriding database path with different value: C:\Users\Owner\.stmcufinder\plugins\mcufinder/ => C:\Users\Owner\.stmcufinder\plugins\mcufinder
2026-01-07 08:58:05,620 [INFO] DbMcusAds:125 - Set database path to: C:\Users\Owner\.stmcufinder\plugins\mcufinder//mcu/
2026-01-07 08:58:05,620 [WARN] DbFile:41 - Overriding database path with different value: C:\Users\Owner\.stmcufinder\plugins\mcufinder/ => C:\Users\Owner\.stmcufinder\plugins\mcufinder
2026-01-07 08:58:05,620 [WARN] DbFile:41 - Overriding database path with different value: C:\Users\Owner\.stmcufinder\plugins\mcufinder/ => C:\Users\Owner\.stmcufinder\plugins\mcufinder
2026-01-07 08:58:05,620 [INFO] CrossReferenceDbSqlite:203 - Set database path to: C:\Users\Owner\.stmcufinder\plugins\mcufinder//mcu/cs/
2026-01-07 08:58:05,677 [INFO] MainPanel:272 - HeapMemory: 285212672
2026-01-07 08:58:05,747 [INFO] DbMcusXml:78 - Set database path to: C:\ST\STM32CubeIDE_1.18.0\STM32CubeIDE\plugins\com.st.stm32cube.common.mx_6.14.0.202502271554\\db\/mcu/
2026-01-07 08:58:05,747 [INFO] ApiDb:274 - Set plugin database path to: C:\ST\STM32CubeIDE_1.18.0\STM32CubeIDE\plugins\com.st.stm32cube.common.mx_6.14.0.202502271554\\db\/plugins/boardmanager/
2026-01-07 08:58:05,747 [INFO] ApiDb:261 - Set plugin images path to: C:\ST\STM32CubeIDE_1.18.0\STM32CubeIDE\plugins\com.st.stm32cube.common.mx_6.14.0.202502271554\\db\/plugins/mcufinder/images/
2026-01-07 08:58:05,747 [WARN] DbFile:41 - Overriding database path with different value: C:\Users\Owner\.stmcufinder\plugins\mcufinder/ => C:\Users\Owner\.stmcufinder\plugins\mcufinder
2026-01-07 08:58:05,747 [INFO] ApiDb:250 - Set database path to: C:\Users\Owner\.stmcufinder\plugins\mcufinder//mcu/
2026-01-07 08:58:05,747 [WARN] DbFile:41 - Overriding database path with different value: C:\Users\Owner\.stmcufinder\plugins\mcufinder/ => C:\Users\Owner\.stmcufinder\plugins\mcufinder
2026-01-07 08:58:05,747 [INFO] DbMcusAds:125 - Set database path to: C:\Users\Owner\.stmcufinder\plugins\mcufinder//mcu/
2026-01-07 08:58:05,747 [WARN] DbFile:41 - Overriding database path with different value: C:\Users\Owner\.stmcufinder\plugins\mcufinder/ => C:\Users\Owner\.stmcufinder\plugins\mcufinder
2026-01-07 08:58:05,747 [WARN] DbFile:41 - Overriding database path with different value: C:\Users\Owner\.stmcufinder\plugins\mcufinder/ => C:\Users\Owner\.stmcufinder\plugins\mcufinder
2026-01-07 08:58:05,747 [INFO] CrossReferenceDbSqlite:203 - Set database path to: C:\Users\Owner\.stmcufinder\plugins\mcufinder//mcu/cs/
2026-01-07 08:58:05,761 [INFO] ApplicationProperties:184 - Using Application install path: C:\ST\STM32CubeIDE_1.18.0\STM32CubeIDE\plugins\com.st.stm32cube.common.mx_6.14.0.202502271554
2026-01-07 08:58:05,762 [INFO] PluginManage:196 - Search for loadable plugins [exclusion list=, ]
2026-01-07 08:58:05,763 [INFO] PluginManage:310 - Check plugin analytics
2026-01-07 08:58:05,888 [INFO] AnalyticsPlugin:253 - Accepted Software Licenses: 
2026-01-07 08:58:05,888 [INFO] AnalyticsPlugin:255 - Accepted CMSIS Pack Licenses: 
2026-01-07 08:58:05,888 [INFO] AnalyticsPlugin:257 - Accepted Firmware Licenses: FW.F4.1.28.0,FW.C0.1.4.0
2026-01-07 08:58:05,890 [INFO] PluginManage:359 - Loaded plugin analytics (category:tool,tabindex:-1)
2026-01-07 08:58:05,890 [INFO] PluginManage:310 - Check plugin cadmodel
2026-01-07 08:58:05,911 [INFO] CADModel:105 - Init CAD model plugin
2026-01-07 08:58:05,911 [INFO] PluginManage:359 - Loaded plugin cadmodel (category:power,tabindex:5)
2026-01-07 08:58:05,911 [INFO] PluginManage:310 - Check plugin clock
2026-01-07 08:58:05,927 [INFO] PluginManage:359 - Loaded plugin clock (category:base,tabindex:2)
2026-01-07 08:58:05,927 [INFO] PluginManage:310 - Check plugin ddr
2026-01-07 08:58:05,930 [INFO] PluginManage:359 - Loaded plugin ddr (category:tool,tabindex:6)
2026-01-07 08:58:05,930 [INFO] PluginManage:310 - Check plugin filemanager
2026-01-07 08:58:06,031 [INFO] PluginManage:359 - Loaded plugin filemanager (category:base,tabindex:10)
2026-01-07 08:58:06,031 [INFO] PluginManage:310 - Check plugin ipmanager
2026-01-07 08:58:06,037 [INFO] PluginManage:359 - Loaded plugin ipmanager (category:base,tabindex:5)
2026-01-07 08:58:06,037 [INFO] PluginManage:310 - Check plugin lpbam
2026-01-07 08:58:06,046 [INFO] PluginManage:359 - Loaded plugin lpbam (category:base,tabindex:0)
2026-01-07 08:58:06,046 [INFO] PluginManage:310 - Check plugin memorymap
2026-01-07 08:58:06,062 [INFO] PluginManage:359 - Loaded plugin memorymap (category:base,tabindex:4)
2026-01-07 08:58:06,062 [INFO] PluginManage:310 - Check plugin pinoutandconfiguration
2026-01-07 08:58:06,075 [INFO] PluginManage:359 - Loaded plugin pinoutandconfiguration (category:base,tabindex:1)
2026-01-07 08:58:06,075 [INFO] PluginManage:310 - Check plugin pinoutconfig
2026-01-07 08:58:06,140 [WARN] SupportedApi:132 - Cannot load RTOS API schema: s4s-elt-must-match.1: The content of 'definitions' must match (annotation?, (simpleType | complexType)?, (unique | key | keyref)*)). A problem was found starting at: attribute.
2026-01-07 08:58:06,236 [INFO] PluginManage:359 - Loaded plugin pinoutconfig (category:base,tabindex:0)
2026-01-07 08:58:06,237 [INFO] PluginManage:310 - Check plugin power
2026-01-07 08:58:06,259 [INFO] PluginManage:359 - Loaded plugin power (category:power,tabindex:4)
2026-01-07 08:58:06,259 [INFO] PluginManage:310 - Check plugin projectmanager
2026-01-07 08:58:06,269 [INFO] PluginManage:359 - Loaded plugin projectmanager (category:projectmanager,tabindex:4)
2026-01-07 08:58:06,269 [INFO] PluginManage:310 - Check plugin rif
2026-01-07 08:58:06,284 [INFO] PluginManage:359 - Loaded plugin rif (category:base,tabindex:3)
2026-01-07 08:58:06,284 [INFO] PluginManage:310 - Check plugin thirdparty
2026-01-07 08:58:06,416 [INFO] PluginManage:359 - Loaded plugin thirdparty (category:base,tabindex:-1)
2026-01-07 08:58:06,416 [WARN] IntegrityCheckThread:84 - waiting for thirdparty lock release [integrity check]
2026-01-07 08:58:06,417 [INFO] PluginManage:310 - Check plugin tools
2026-01-07 08:58:06,417 [INFO] IntegrityCheckThread:86 - entering critical section [integrity check]
2026-01-07 08:58:06,417 [INFO] ThirdPartyUpdaterWithRetryManager:70 - Updater plugin not ready yet. [1/15]
2026-01-07 08:58:06,423 [INFO] PluginManage:359 - Loaded plugin tools (category:base,tabindex:7)
2026-01-07 08:58:06,423 [INFO] PluginManage:310 - Check plugin tutovideos
2026-01-07 08:58:06,549 [INFO] PluginManage:359 - Loaded plugin tutovideos (category:base,tabindex:-1)
2026-01-07 08:58:06,549 [INFO] PluginManage:310 - Check plugin updater
2026-01-07 08:58:06,564 [INFO] PluginManage:359 - Loaded plugin updater (category:base,tabindex:12)
2026-01-07 08:58:06,564 [INFO] PluginManage:310 - Check plugin userauth
2026-01-07 08:58:06,567 [INFO] UserAuth:118 - Init User Auth plugin
2026-01-07 08:58:06,567 [INFO] PluginManage:359 - Loaded plugin userauth (category:base,tabindex:14)
2026-01-07 08:58:06,567 [INFO] PluginManage:283 - PluginManage : Loaded plugins [18]
2026-01-07 08:58:06,768 [INFO] PinOutPanel:1589 - setPackage(No Configuration,No Configuration)
2026-01-07 08:58:06,836 [INFO] CADModel:165 - CPN selected for project level
2026-01-07 08:58:06,837 [INFO] CADModel:114 - Register for checkConnection events
2026-01-07 08:58:06,852 [INFO] IPUIPlugin:80 - create IPUIPlugin
2026-01-07 08:58:06,853 [INFO] PluginManager:220 - loadIPPluginJar : add adc
2026-01-07 08:58:06,858 [INFO] IPUIPlugin:80 - create IPUIPlugin
2026-01-07 08:58:06,858 [INFO] PluginManager:220 - loadIPPluginJar : add aes
2026-01-07 08:58:06,864 [INFO] IPUIPlugin:80 - create IPUIPlugin
2026-01-07 08:58:06,864 [INFO] PluginManager:220 - loadIPPluginJar : add can
2026-01-07 08:58:06,871 [INFO] IPUIPlugin:80 - create IPUIPlugin
2026-01-07 08:58:06,871 [INFO] PluginManager:220 - loadIPPluginJar : add comp
2026-01-07 08:58:06,875 [INFO] IPUIPlugin:80 - create IPUIPlugin
2026-01-07 08:58:06,876 [INFO] PluginManager:220 - loadIPPluginJar : add cryp
2026-01-07 08:58:06,885 [INFO] IPUIPlugin:80 - create IPUIPlugin
2026-01-07 08:58:06,885 [INFO] PluginManager:220 - loadIPPluginJar : add ddr_ctrl_phy
2026-01-07 08:58:06,891 [INFO] IPUIPlugin:80 - create IPUIPlugin
2026-01-07 08:58:06,891 [INFO] PluginManager:220 - loadIPPluginJar : add dfsdm
2026-01-07 08:58:06,899 [INFO] IPUIPlugin:80 - create IPUIPlugin
2026-01-07 08:58:06,900 [INFO] PluginManager:220 - loadIPPluginJar : add dma
2026-01-07 08:58:06,909 [INFO] IPUIPlugin:80 - create IPUIPlugin
2026-01-07 08:58:06,909 [INFO] PluginManager:220 - loadIPPluginJar : add dma3
2026-01-07 08:58:06,921 [INFO] IPUIPlugin:80 - create IPUIPlugin
2026-01-07 08:58:06,922 [INFO] PluginManager:220 - loadIPPluginJar : add extmemmanager
2026-01-07 08:58:06,924 [INFO] IPUIPlugin:80 - create IPUIPlugin
2026-01-07 08:58:06,925 [INFO] PluginManager:220 - loadIPPluginJar : add fatfs
2026-01-07 08:58:06,938 [INFO] IPUIPlugin:80 - create IPUIPlugin
2026-01-07 08:58:06,938 [INFO] PluginManager:220 - loadIPPluginJar : add fmc
2026-01-07 08:58:06,959 [INFO] IPUIPlugin:80 - create IPUIPlugin
2026-01-07 08:58:06,959 [INFO] PluginManager:220 - loadIPPluginJar : add freertos
2026-01-07 08:58:06,962 [INFO] IPUIPlugin:80 - create IPUIPlugin
2026-01-07 08:58:06,962 [INFO] PluginManager:220 - loadIPPluginJar : add genericplugin
2026-01-07 08:58:06,968 [INFO] IPUIPlugin:80 - create IPUIPlugin
2026-01-07 08:58:06,968 [INFO] PluginManager:220 - loadIPPluginJar : add gfxmmu
2026-01-07 08:58:06,975 [INFO] IPUIPlugin:80 - create IPUIPlugin
2026-01-07 08:58:06,975 [INFO] PluginManager:220 - loadIPPluginJar : add gic
2026-01-07 08:58:06,983 [INFO] IPUIPlugin:80 - create IPUIPlugin
2026-01-07 08:58:06,983 [INFO] PluginManager:220 - loadIPPluginJar : add gpio
2026-01-07 08:58:06,990 [INFO] IPUIPlugin:80 - create IPUIPlugin
2026-01-07 08:58:06,990 [INFO] PluginManager:220 - loadIPPluginJar : add gtzc
2026-01-07 08:58:06,993 [INFO] IPUIPlugin:80 - create IPUIPlugin
2026-01-07 08:58:06,993 [INFO] PluginManager:220 - loadIPPluginJar : add hash
2026-01-07 08:58:06,998 [INFO] IPUIPlugin:80 - create IPUIPlugin
2026-01-07 08:58:06,998 [INFO] PluginManager:220 - loadIPPluginJar : add i2c
2026-01-07 08:58:07,007 [INFO] IPUIPlugin:80 - create IPUIPlugin
2026-01-07 08:58:07,007 [INFO] PluginManager:220 - loadIPPluginJar : add i2s
2026-01-07 08:58:07,016 [INFO] IPUIPlugin:80 - create IPUIPlugin
2026-01-07 08:58:07,016 [INFO] PluginManager:220 - loadIPPluginJar : add i3c
2026-01-07 08:58:07,026 [INFO] IPUIPlugin:80 - create IPUIPlugin
2026-01-07 08:58:07,027 [INFO] PluginManager:220 - loadIPPluginJar : add ipddr
2026-01-07 08:58:07,040 [INFO] IPUIPlugin:80 - create IPUIPlugin
2026-01-07 08:58:07,040 [INFO] PluginManager:220 - loadIPPluginJar : add linkedlist
2026-01-07 08:58:07,047 [INFO] IPUIPlugin:80 - create IPUIPlugin
2026-01-07 08:58:07,048 [INFO] PluginManager:220 - loadIPPluginJar : add lorawan
2026-01-07 08:58:07,053 [INFO] IPUIPlugin:80 - create IPUIPlugin
2026-01-07 08:58:07,053 [INFO] PluginManager:220 - loadIPPluginJar : add ltdc
2026-01-07 08:58:07,061 [INFO] IPUIPlugin:80 - create IPUIPlugin
2026-01-07 08:58:07,061 [INFO] PluginManager:220 - loadIPPluginJar : add mdma
2026-01-07 08:58:07,068 [INFO] IPUIPlugin:80 - create IPUIPlugin
2026-01-07 08:58:07,068 [INFO] PluginManager:220 - loadIPPluginJar : add nvic
2026-01-07 08:58:07,075 [INFO] IPUIPlugin:80 - create IPUIPlugin
2026-01-07 08:58:07,076 [INFO] PluginManager:220 - loadIPPluginJar : add opamp
2026-01-07 08:58:07,083 [INFO] IPUIPlugin:80 - create IPUIPlugin
2026-01-07 08:58:07,084 [INFO] PluginManager:220 - loadIPPluginJar : add openamp
2026-01-07 08:58:07,091 [INFO] IPUIPlugin:80 - create IPUIPlugin
2026-01-07 08:58:07,091 [INFO] PluginManager:220 - loadIPPluginJar : add pdm2pcm
2026-01-07 08:58:07,099 [INFO] IPUIPlugin:80 - create IPUIPlugin
2026-01-07 08:58:07,101 [INFO] PluginManager:220 - loadIPPluginJar : add plateformsettings
2026-01-07 08:58:07,103 [INFO] IPUIPlugin:80 - create IPUIPlugin
2026-01-07 08:58:07,103 [INFO] PluginManager:220 - loadIPPluginJar : add quadspi
2026-01-07 08:58:07,106 [INFO] IPUIPlugin:80 - create IPUIPlugin
2026-01-07 08:58:07,106 [INFO] PluginManager:220 - loadIPPluginJar : add radio
2026-01-07 08:58:07,114 [INFO] IPUIPlugin:80 - create IPUIPlugin
2026-01-07 08:58:07,114 [INFO] PluginManager:220 - loadIPPluginJar : add resmgrutility
2026-01-07 08:58:07,121 [INFO] IPUIPlugin:80 - create IPUIPlugin
2026-01-07 08:58:07,121 [INFO] PluginManager:220 - loadIPPluginJar : add sai
2026-01-07 08:58:07,128 [INFO] IPUIPlugin:80 - create IPUIPlugin
2026-01-07 08:58:07,128 [INFO] PluginManager:220 - loadIPPluginJar : add spi
2026-01-07 08:58:07,138 [INFO] IPUIPlugin:80 - create IPUIPlugin
2026-01-07 08:58:07,138 [INFO] PluginManager:220 - loadIPPluginJar : add stm32_wpan
2026-01-07 08:58:07,141 [INFO] IPUIPlugin:80 - create IPUIPlugin
2026-01-07 08:58:07,141 [INFO] PluginManager:220 - loadIPPluginJar : add tim
2026-01-07 08:58:07,147 [INFO] IPUIPlugin:80 - create IPUIPlugin
2026-01-07 08:58:07,147 [INFO] PluginManager:220 - loadIPPluginJar : add touchsensing
2026-01-07 08:58:07,150 [INFO] IPUIPlugin:80 - create IPUIPlugin
2026-01-07 08:58:07,150 [INFO] PluginManager:220 - loadIPPluginJar : add tracer_emb
2026-01-07 08:58:07,153 [INFO] IPUIPlugin:80 - create IPUIPlugin
2026-01-07 08:58:07,153 [INFO] PluginManager:220 - loadIPPluginJar : add ts
2026-01-07 08:58:07,156 [INFO] IPUIPlugin:80 - create IPUIPlugin
2026-01-07 08:58:07,156 [INFO] PluginManager:220 - loadIPPluginJar : add tsc
2026-01-07 08:58:07,158 [INFO] IPUIPlugin:80 - create IPUIPlugin
2026-01-07 08:58:07,158 [INFO] PluginManager:220 - loadIPPluginJar : add ucpd
2026-01-07 08:58:07,164 [INFO] IPUIPlugin:80 - create IPUIPlugin
2026-01-07 08:58:07,164 [INFO] PluginManager:220 - loadIPPluginJar : add usart
2026-01-07 08:58:07,170 [INFO] IPUIPlugin:80 - create IPUIPlugin
2026-01-07 08:58:07,170 [INFO] PluginManager:220 - loadIPPluginJar : add usbx
2026-01-07 08:58:07,280 [FATAL] Updater:351 - Updater called before beeing initialized
2026-01-07 08:58:07,296 [INFO] RulesReader:64 - Compatibility file has been processed (301 Rules)
2026-01-07 08:58:07,302 [INFO] RulesReader:64 - Compatibility file has been processed (301 Rules)
2026-01-07 08:58:07,308 [INFO] CADModel:165 - CPN selected for project level
2026-01-07 08:58:07,308 [INFO] CADModel:114 - Register for checkConnection events
2026-01-07 08:58:07,308 [FATAL] Updater:351 - Updater called before beeing initialized
2026-01-07 08:58:07,308 [ERROR] CADModel:125 - Updater not yet initialized, retry later 
2026-01-07 08:58:07,389 [FATAL] Updater:351 - Updater called before beeing initialized
2026-01-07 08:58:07,390 [INFO] CADModel:165 - CPN selected for project level
2026-01-07 08:58:07,390 [INFO] CADModel:114 - Register for checkConnection events
2026-01-07 08:58:07,390 [FATAL] Updater:351 - Updater called before beeing initialized
2026-01-07 08:58:07,390 [ERROR] CADModel:125 - Updater not yet initialized, retry later 
2026-01-07 08:58:07,392 [FATAL] Updater:351 - Updater called before beeing initialized
2026-01-07 08:58:07,479 [FATAL] Updater:351 - Updater called before beeing initialized
2026-01-07 08:58:07,483 [INFO] DbMcusAds:53 - JSON generation date=Tue Dec 16 08:11:46 KST 2025 (1765840306612)
2026-01-07 08:58:07,483 [FATAL] Updater:351 - Updater called before beeing initialized
2026-01-07 08:58:07,512 [WARN] DetailPanel:346 - Failed to get advertising image, set to default
2026-01-07 08:58:07,688 [FATAL] Updater:351 - Updater called before beeing initialized
2026-01-07 08:58:07,689 [FATAL] Updater:351 - Updater called before beeing initialized
2026-01-07 08:58:07,689 [FATAL] Updater:351 - Updater called before beeing initialized
2026-01-07 08:58:07,690 [WARN] DetailPanel:346 - Failed to get advertising image, set to default
2026-01-07 08:58:07,690 [FATAL] Updater:351 - Updater called before beeing initialized
2026-01-07 08:58:07,723 [ERROR] Updater:1198 - MainUpdater not yet initialized. External WinMGr cannot be set.
2026-01-07 08:58:07,728 [INFO] Updater:1134 - Updater Version found : 6.14.0
2026-01-07 08:58:07,741 [INFO] ApplicationProperties:184 - Using Application install path: C:\ST\STM32CubeIDE_1.18.0\STM32CubeIDE\plugins\com.st.stm32cube.common.mx_6.14.0.202502271554
2026-01-07 08:58:09,308 [ERROR] LogOutputStream:75 - [STDERR_REDIRECT] Jan 07, 2026 8:58:09 AM java.util.prefs.WindowsPreferences <init>
2026-01-07 08:58:09,309 [ERROR] LogOutputStream:75 - [STDERR_REDIRECT] WARNING: Could not open/create prefs root node Software\JavaSoft\Prefs at root 0xffffffff80000002. Windows RegCreateKeyEx(...) returned error code 5.
2026-01-07 08:58:09,310 [ERROR] LogOutputStream:75 - [STDERR_REDIRECT] 
2026-01-07 08:58:09,418 [INFO] ThirdPartyUpdaterWithRetryManager:70 - Updater plugin not ready yet. [2/15]
2026-01-07 08:58:09,755 [INFO] MainUpdater:2872 - connection check result : 10
2026-01-07 08:58:09,755 [INFO] MainUpdater:289 - Updater Check For Update Now.
2026-01-07 08:58:09,756 [INFO] MicroXplorer:498 - Change Database Version : DB.6.0.140
2026-01-07 08:58:09,762 [INFO] McuFinderGlobals:63 - Set McuFinder mode to 2 (CubeIDE integrated)
2026-01-07 08:58:09,765 [INFO] UserAuth:486 - Internet connection configuration mode: 1
2026-01-07 08:58:09,785 [INFO] JxBrowserEngine:152 - Initiate JxBrowser Engine with user profile folder
2026-01-07 08:58:09,911 [INFO] CheckServerUpdateThread:120 - End of CheckServer Thread
2026-01-07 08:58:10,517 [INFO] WebApp:169 - Instantiating new browser for Auth
2026-01-07 08:58:11,088 [INFO] WebApp:463 - Apply proxy settings
2026-01-07 08:58:11,089 [INFO] WebApp:548 - Chromium requires no authentication
2026-01-07 08:58:11,096 [INFO] WebApp:491 - Direct internet connection detected
2026-01-07 08:58:11,120 [INFO] WebApp:894 - Register for checkConnection events
2026-01-07 08:58:11,120 [INFO] WebApp:463 - Apply proxy settings
2026-01-07 08:58:11,120 [INFO] WebApp:548 - Chromium requires no authentication
2026-01-07 08:58:11,120 [INFO] WebApp:491 - Direct internet connection detected
2026-01-07 08:58:11,252 [INFO] WebApp:225 - Starting web application
2026-01-07 08:58:11,252 [INFO] WebApp:593 - Web application path used C:\ST\STM32CubeIDE_1.18.0\STM32CubeIDE\plugins\com.st.stm32cube.common.mx_6.14.0.202502271554\db\plugins\mcufinder\reactClient1\index.html
2026-01-07 08:58:11,501 [INFO] UserAuth:486 - Internet connection configuration mode: 1
2026-01-07 08:58:11,520 [INFO] WebApp:191 - Connection restablished
2026-01-07 08:58:11,828 [ERROR] LogOutputStream:75 - [STDERR_REDIRECT] Jan 07, 2026 8:58:11 AM org.glassfish.grizzly.http.server.NetworkListener start
2026-01-07 08:58:11,829 [ERROR] LogOutputStream:75 - [STDERR_REDIRECT] INFO: Started listener bound to [localhost:16721]
2026-01-07 08:58:11,829 [ERROR] LogOutputStream:75 - [STDERR_REDIRECT] 
2026-01-07 08:58:11,830 [ERROR] LogOutputStream:75 - [STDERR_REDIRECT] Jan 07, 2026 8:58:11 AM org.glassfish.grizzly.http.server.HttpServer start
2026-01-07 08:58:11,830 [ERROR] LogOutputStream:75 - [STDERR_REDIRECT] INFO: [HttpServer] Started.
2026-01-07 08:58:11,830 [ERROR] LogOutputStream:75 - [STDERR_REDIRECT] 
2026-01-07 08:58:12,733 [WARN] PackLoader:240 - Cannot read IP mode file for STMicroelectronics.FP-SNS-MOTENVWB1.1.4.0
2026-01-07 08:58:12,742 [WARN] PackLoader:240 - Cannot read IP mode file for STMicroelectronics.X-CUBE-SMBUS.2.1.0
2026-01-07 08:58:12,753 [WARN] PackLoader:240 - Cannot read IP mode file for STMicroelectronics.X-CUBE-WB05N.1.1.0
2026-01-07 08:58:12,760 [WARN] PackLoader:240 - Cannot read IP mode file for STMicroelectronics.X-CUBE-ST60.1.0.0
2026-01-07 08:58:12,781 [WARN] PackLoader:240 - Cannot read IP mode file for STMicroelectronics.X-CUBE-AZRTOS-F7.1.1.0
2026-01-07 08:58:12,787 [ERROR] Engine:466 - C:\Users\Owner\.stm32cubemx\thirdparties\pdsc\STMicroelectronics.FP-SNS-MOTENV1.5.1.0.pdsc: PDSC version is not supported
2026-01-07 08:58:12,804 [WARN] PackLoader:240 - Cannot read IP mode file for Infineon.AIROC-Wi-Fi-Bluetooth-STM32.1.7.0
2026-01-07 08:58:12,828 [WARN] PackLoader:240 - Cannot read IP mode file for STMicroelectronics.X-CUBE-AZRTOS-H7.3.4.0
2026-01-07 08:58:12,843 [WARN] PackLoader:240 - Cannot read IP mode file for STMicroelectronics.X-CUBE-DISPLAY.3.0.0
2026-01-07 08:58:12,873 [WARN] PackLoader:240 - Cannot read IP mode file for STMicroelectronics.X-CUBE-NFC10.1.0.0
2026-01-07 08:58:12,885 [WARN] PackLoader:240 - Cannot read IP mode file for STMicroelectronics.X-CUBE-BLEMGR.4.0.0
2026-01-07 08:58:12,894 [WARN] PackLoader:240 - Cannot read IP mode file for STMicroelectronics.X-CUBE-ST60.1.1.0
2026-01-07 08:58:12,902 [WARN] PackLoader:240 - Cannot read IP mode file for emotas.I-CUBE-CANOPEN.1.3.0
2026-01-07 08:58:12,912 [WARN] PackLoader:240 - Cannot read IP mode file for STMicroelectronics.X-CUBE-GNSS1.7.1.0
2026-01-07 08:58:12,918 [WARN] ConditionMgr:438 - getConditionDescription Invalid condition id : Cortex-A Device cause : null
2026-01-07 08:58:12,930 [WARN] ConditionMgr:1044 - genDependencies : Invalid condition id : Cortex-A Device cause : null
2026-01-07 08:58:12,930 [WARN] ConditionMgr:1044 - genDependencies : Invalid condition id : Cortex-A Device cause : null
2026-01-07 08:58:12,930 [WARN] ConditionMgr:1044 - genDependencies : Invalid condition id : Cortex-A Device cause : null
2026-01-07 08:58:12,937 [WARN] PackLoader:240 - Cannot read IP mode file for STMicroelectronics.X-CUBE-AI.10.0.0
2026-01-07 08:58:12,941 [ERROR] Engine:466 - C:\Users\Owner\.stm32cubemx\thirdparties\pdsc\STMicroelectronics.FP-SNS-STBOX1.2.1.0.pdsc: PDSC version is not supported
2026-01-07 08:58:12,946 [WARN] PackLoader:240 - Cannot read IP mode file for STMicroelectronics.FP-SNS-SMARTAG2.1.2.0
2026-01-07 08:58:13,023 [WARN] PackLoader:240 - Cannot read IP mode file for STMicroelectronics.X-CUBE-MEMS1.11.1.0
2026-01-07 08:58:13,080 [INFO] LogOutputStream:77 - [STDOUT_REDIRECT] 1 : Invalid condition id : UX_CORESTACK_Condition cause : null
2026-01-07 08:58:13,081 [INFO] LogOutputStream:77 - [STDOUT_REDIRECT] 1 : Invalid condition id : UX_CORESTACK_Condition cause : null
2026-01-07 08:58:13,081 [INFO] LogOutputStream:77 - [STDOUT_REDIRECT] 1 : Invalid condition id : UX_CORESTACK_Condition cause : null
2026-01-07 08:58:13,082 [INFO] LogOutputStream:77 - [STDOUT_REDIRECT] 1 : Invalid condition id : UX_CORESTACK_Condition cause : null
2026-01-07 08:58:13,083 [INFO] LogOutputStream:77 - [STDOUT_REDIRECT] 1 : Invalid condition id : UX_CORESTACK_Condition cause : null
2026-01-07 08:58:13,084 [WARN] PackLoader:240 - Cannot read IP mode file for STMicroelectronics.X-CUBE-AZRTOS-WL.2.0.0
2026-01-07 08:58:13,091 [WARN] PackLoader:240 - Cannot read IP mode file for STMicroelectronics.FP-SNS-MOTENV1.5.0.0
2026-01-07 08:58:13,105 [WARN] PackLoader:240 - Cannot read IP mode file for STMicroelectronics.X-CUBE-AZRTOS-H7RS.1.2.0
2026-01-07 08:58:13,115 [WARN] PackLoader:240 - Cannot read IP mode file for WES.I-CUBE-Cesium.1.3.0
2026-01-07 08:58:13,126 [WARN] PackLoader:240 - Cannot read IP mode file for STMicroelectronics.X-CUBE-BLE2.3.3.0
2026-01-07 08:58:13,152 [WARN] PackLoader:240 - Cannot read IP mode file for STMicroelectronics.X-CUBE-NFC9.1.0.0
2026-01-07 08:58:13,156 [ERROR] Engine:466 - C:\Users\Owner\.stm32cubemx\thirdparties\pdsc\STMicroelectronics.X-CUBE-FREERTOS.1.4.0.pdsc: PDSC version is not supported
2026-01-07 08:58:13,169 [WARN] PackLoader:240 - Cannot read IP mode file for STMicroelectronics.X-CUBE-EEPRMA1.5.2.0
2026-01-07 08:58:13,174 [ERROR] Engine:466 - C:\Users\Owner\.stm32cubemx\thirdparties\pdsc\STMicroelectronics.X-CUBE-ST67W61.1.1.0.pdsc: PDSC version is not supported
2026-01-07 08:58:13,180 [WARN] PackLoader:240 - Cannot read IP mode file for STMicroelectronics.X-CUBE-AI.10.1.0
2026-01-07 08:58:13,261 [WARN] PackLoader:240 - Cannot read IP mode file for STMicroelectronics.X-CUBE-MEMS1.12.0.0
2026-01-07 08:58:13,298 [WARN] PackLoader:240 - Cannot read IP mode file for STMicroelectronics.X-CUBE-AZRTOS-G0.1.1.0
2026-01-07 08:58:13,312 [WARN] PackLoader:240 - Cannot read IP mode file for STMicroelectronics.X-CUBE-SAFEA1.1.2.2
2026-01-07 08:58:13,321 [WARN] PackLoader:240 - Cannot read IP mode file for STMicroelectronics.X-CUBE-NFC4.3.0.0
2026-01-07 08:58:13,330 [WARN] PackLoader:240 - Cannot read IP mode file for EmbeddedOffice.I-CUBE-FS-RTOS.1.0.1
2026-01-07 08:58:13,338 [WARN] PackLoader:240 - Cannot read IP mode file for STMicroelectronics.X-CUBE-WB05N.2.0.0
2026-01-07 08:58:13,346 [WARN] PackLoader:240 - Cannot read IP mode file for wolfSSL.I-CUBE-wolfTPM.3.8.0
2026-01-07 08:58:13,353 [WARN] PackLoader:240 - Cannot read IP mode file for STMicroelectronics.X-CUBE-TCPP.4.2.0
2026-01-07 08:58:13,361 [WARN] PackLoader:240 - Cannot read IP mode file for RealThread.X-CUBE-RT-Thread_Nano.4.1.1
2026-01-07 08:58:13,366 [WARN] PackLoader:240 - Cannot read IP mode file for STMicroelectronics.FP-ATR-SIGFOX1.3.2.0
2026-01-07 08:58:13,377 [WARN] PackLoader:240 - Cannot read IP mode file for STMicroelectronics.X-CUBE-EEPRMA1.5.1.0
2026-01-07 08:58:13,385 [WARN] PackLoader:240 - Cannot read IP mode file for ITTIA_DB.I-CUBE-ITTIADB.8.9.0
2026-01-07 08:58:13,391 [WARN] PackLoader:240 - Cannot read IP mode file for STMicroelectronics.X-CUBE-ST67W61.1.0.0
2026-01-07 08:58:13,398 [WARN] PackLoader:240 - Cannot read IP mode file for STMicroelectronics.X-CUBE-AI.10.2.0
2026-01-07 08:58:13,412 [WARN] PackLoader:240 - Cannot read IP mode file for SEGGER.I-CUBE-embOS.1.3.1
2026-01-07 08:58:13,441 [WARN] PackLoader:240 - Cannot read IP mode file for STMicroelectronics.X-CUBE-ALGOBUILD.1.4.0
2026-01-07 08:58:13,529 [WARN] PackLoader:240 - Cannot read IP mode file for STMicroelectronics.X-CUBE-MEMS1.11.3.0
2026-01-07 08:58:13,578 [WARN] PackLoader:240 - Cannot read IP mode file for STMicroelectronics.X-CUBE-PM33A1.1.0.0
2026-01-07 08:58:13,590 [WARN] PackLoader:240 - Cannot read IP mode file for STMicroelectronics.X-CUBE-AZRTOS-F4.1.1.0
2026-01-07 08:58:13,596 [WARN] PackLoader:240 - Cannot read IP mode file for Avnet-IotConnect.X-CUBE-IoTC-DA16k-PMOD.1.0.0
2026-01-07 08:58:13,602 [WARN] PackLoader:240 - Cannot read IP mode file for STMicroelectronics.X-CUBE-ISPU.2.1.0
2026-01-07 08:58:13,607 [ERROR] Engine:466 - C:\Users\Owner\.stm32cubemx\thirdparties\pdsc\STMicroelectronics.X-CUBE-IPS.3.2.0.pdsc: PDSC version is not supported
2026-01-07 08:58:13,618 [WARN] PackLoader:240 - Cannot read IP mode file for STMicroelectronics.X-CUBE-NFC12.1.0.0
2026-01-07 08:58:13,629 [WARN] PackLoader:240 - Cannot read IP mode file for STMicroelectronics.X-CUBE-AZRTOS-L5.2.0.0
2026-01-07 08:58:13,643 [WARN] PackLoader:240 - Cannot read IP mode file for STMicroelectronics.X-CUBE-NFC6.3.1.0
2026-01-07 08:58:13,649 [WARN] PackLoader:240 - Cannot read IP mode file for STMicroelectronics.X-CUBE-FREERTOS.1.3.1
2026-01-07 08:58:13,653 [WARN] PackLoader:240 - Cannot read IP mode file for STMicroelectronics.X-CUBE-FREERTOS.1.3.0
2026-01-07 08:58:13,662 [WARN] PackLoader:240 - Cannot read IP mode file for STMicroelectronics.X-CUBE-NFC7.1.0.1
2026-01-07 08:58:13,669 [WARN] PackLoader:240 - Cannot read IP mode file for STMicroelectronics.X-CUBE-TOUCHGFX.4.26.0
2026-01-07 08:58:13,674 [WARN] PackLoader:240 - Cannot read IP mode file for STMicroelectronics.FP-SNS-STAIOTCFT.1.0.0
2026-01-07 08:58:13,687 [WARN] ConditionMgr:438 - getConditionDescription Invalid condition id : LAN8742 Phy interface Condition cause : null
2026-01-07 08:58:13,687 [WARN] PackLoader:240 - Cannot read IP mode file for STMicroelectronics.X-CUBE-AZRTOS-L4.2.0.0
2026-01-07 08:58:13,687 [WARN] ConditionMgr:1044 - genDependencies : Invalid condition id : LAN8742 Phy interface Condition cause : null
2026-01-07 08:58:13,688 [WARN] ConditionMgr:1044 - genDependencies : Invalid condition id : LAN8742 Phy interface Condition cause : null
2026-01-07 08:58:13,688 [WARN] ConditionMgr:1044 - genDependencies : Invalid condition id : LAN8742 Phy interface Condition cause : null
2026-01-07 08:58:13,699 [WARN] PackLoader:240 - Cannot read IP mode file for STMicroelectronics.X-CUBE-SFXS2LP1.4.0.0
2026-01-07 08:58:13,710 [WARN] PackLoader:240 - Cannot read IP mode file for STMicroelectronics.X-CUBE-AZRTOS-H7.3.3.0
2026-01-07 08:58:13,716 [WARN] PackLoader:240 - Cannot read IP mode file for STMicroelectronics.X-CUBE-BLEMGR.4.1.0
2026-01-07 08:58:13,726 [WARN] ConditionMgr:438 - getConditionDescription Invalid condition id : UX DEVICE CLASS RTOS Condition cause : null
2026-01-07 08:58:13,726 [WARN] ConditionMgr:438 - getConditionDescription Invalid condition id : UX DEVICE CLASS RTOS Condition cause : null
2026-01-07 08:58:13,727 [WARN] PackLoader:240 - Cannot read IP mode file for STMicroelectronics.X-CUBE-AZRTOS-WB.2.0.0
2026-01-07 08:58:13,727 [WARN] ConditionMgr:1044 - genDependencies : Invalid condition id : UX DEVICE CLASS RTOS Condition cause : null
2026-01-07 08:58:13,727 [WARN] ConditionMgr:1044 - genDependencies : Invalid condition id : UX DEVICE CLASS RTOS Condition cause : null
2026-01-07 08:58:13,727 [WARN] ConditionMgr:1044 - genDependencies : Invalid condition id : UX DEVICE CLASS RTOS Condition cause : null
2026-01-07 08:58:13,727 [WARN] ConditionMgr:1044 - genDependencies : Invalid condition id : UX DEVICE CLASS RTOS Condition cause : null
2026-01-07 08:58:13,727 [WARN] ConditionMgr:1044 - genDependencies : Invalid condition id : UX DEVICE CLASS RTOS Condition cause : null
2026-01-07 08:58:13,736 [WARN] PackLoader:240 - Cannot read IP mode file for STMicroelectronics.X-CUBE-GNSS1.7.0.1
2026-01-07 08:58:13,740 [WARN] PackLoader:240 - Cannot read IP mode file for STMicroelectronics.X-CUBE-TOUCHGFX.4.25.0
2026-01-07 08:58:13,745 [WARN] PackLoader:240 - Cannot read IP mode file for STMicroelectronics.FP-SNS-STBOX1.2.0.0
2026-01-07 08:58:13,752 [WARN] PackLoader:240 - Cannot read IP mode file for STMicroelectronics.X-CUBE-SUBG2.5.0.0
2026-01-07 08:58:13,765 [WARN] PackLoader:240 - Cannot read IP mode file for STMicroelectronics.X-CUBE-AZRTOS-H7RS.1.1.0
2026-01-07 08:58:13,770 [WARN] PackLoader:240 - Cannot read IP mode file for Cesanta.I-CUBE-Mongoose.7.13.0
2026-01-07 08:58:13,783 [WARN] PackLoader:240 - Cannot read IP mode file for STMicroelectronics.X-CUBE-AZRTOS-G4.2.0.0
2026-01-07 08:58:13,788 [WARN] PackLoader:240 - Cannot read IP mode file for wolfSSL.I-CUBE-wolfSSH.1.4.20
2026-01-07 08:58:13,796 [WARN] PackLoader:240 - Cannot read IP mode file for STMicroelectronics.X-CUBE-NFC7.2.0.0
2026-01-07 08:58:13,804 [WARN] PackLoader:240 - Cannot read IP mode file for STMicroelectronics.X-CUBE-IPS.3.1.0
2026-01-07 08:58:13,811 [WARN] PackLoader:240 - Cannot read IP mode file for STMicroelectronics.X-CUBE-ALS.1.0.2
2026-01-07 08:58:13,825 [WARN] PackLoader:240 - Cannot read IP mode file for STMicroelectronics.X-CUBE-STSE01.1.0.0
2026-01-07 08:58:13,833 [WARN] PackLoader:240 - Cannot read IP mode file for portGmbH.I-Cube-SoM-uGOAL.1.1.0
2026-01-07 08:58:13,841 [WARN] PackLoader:240 - Cannot read IP mode file for STMicroelectronics.X-CUBE-TOF1.3.4.2
2026-01-07 08:58:13,850 [WARN] PackLoader:240 - Cannot read IP mode file for STMicroelectronics.X-CUBE-TOF1.3.4.3
2026-01-07 08:58:13,854 [INFO] ThirdParty:978 - Integrity check success = true
2026-01-07 08:58:13,854 [INFO] IntegrityCheckThread:100 - exiting critical section [integrity check]
2026-01-07 08:58:13,854 [INFO] IntegrityCheckThread:103 - End integrity checks thread
2026-01-07 18:00:18,385 [INFO] WebApp:403 - JxBrowser engine has been closed 
